[2022-07-26 22:14:43,762] {taskinstance.py:876} INFO - Dependencies all met for <TaskInstance: my_dag.my_task 2022-07-25T00:00:00+00:00 [queued]>
[2022-07-26 22:14:43,803] {taskinstance.py:876} INFO - Dependencies all met for <TaskInstance: my_dag.my_task 2022-07-25T00:00:00+00:00 [queued]>
[2022-07-26 22:14:43,804] {taskinstance.py:1067} INFO - 
--------------------------------------------------------------------------------
[2022-07-26 22:14:43,806] {taskinstance.py:1068} INFO - Starting attempt 1 of 1
[2022-07-26 22:14:43,812] {taskinstance.py:1069} INFO - 
--------------------------------------------------------------------------------
[2022-07-26 22:14:43,835] {taskinstance.py:1087} INFO - Executing <Task(PythonOperator): my_task> on 2022-07-25T00:00:00+00:00
[2022-07-26 22:14:43,859] {standard_task_runner.py:52} INFO - Started process 220 to run task
[2022-07-26 22:14:43,867] {standard_task_runner.py:76} INFO - Running: ['airflow', 'tasks', 'run', 'my_dag', 'my_task', '2022-07-25T00:00:00+00:00', '--job-id', '2', '--pool', 'default_pool', '--raw', '--subdir', 'DAGS_FOLDER/my_dag.py', '--cfg-path', '/tmp/tmpa2kayojj', '--error-file', '/tmp/tmpt7j_3zvo']
[2022-07-26 22:14:43,874] {standard_task_runner.py:77} INFO - Job 2: Subtask my_task
[2022-07-26 22:14:43,963] {logging_mixin.py:104} INFO - Running <TaskInstance: my_dag.my_task 2022-07-25T00:00:00+00:00 [running]> on host cc689bbc9f39
[2022-07-26 22:14:44,091] {taskinstance.py:1282} INFO - Exporting the following env vars:
AIRFLOW_CTX_DAG_OWNER=airflow
AIRFLOW_CTX_DAG_ID=my_dag
AIRFLOW_CTX_TASK_ID=my_task
AIRFLOW_CTX_EXECUTION_DATE=2022-07-25T00:00:00+00:00
AIRFLOW_CTX_DAG_RUN_ID=scheduled__2022-07-25T00:00:00+00:00
[2022-07-26 22:14:44,096] {logging_mixin.py:104} INFO - {'conf': <airflow.configuration.AirflowConfigParser object at 0x4005e70f28>, 'dag': <DAG: my_dag>, 'dag_run': <DagRun my_dag @ 2022-07-25 00:00:00+00:00: scheduled__2022-07-25T00:00:00+00:00, externally triggered: False>, 'ds': '2022-07-25', 'ds_nodash': '20220725', 'execution_date': DateTime(2022, 7, 25, 0, 0, 0, tzinfo=Timezone('+00:00')), 'inlets': [], 'macros': <module 'airflow.macros' from '/home/airflow/.local/lib/python3.6/site-packages/airflow/macros/__init__.py'>, 'next_ds': '2022-07-26', 'next_ds_nodash': '20220726', 'next_execution_date': DateTime(2022, 7, 26, 0, 0, 0, tzinfo=Timezone('UTC')), 'outlets': [], 'params': {}, 'prev_ds': '2022-07-24', 'prev_ds_nodash': '20220724', 'prev_execution_date': DateTime(2022, 7, 24, 0, 0, 0, tzinfo=Timezone('UTC')), 'prev_execution_date_success': <Proxy at 0x4034fca2c8 with factory <function TaskInstance.get_template_context.<locals>.<lambda> at 0x4034ff1f28>>, 'prev_start_date_success': <Proxy at 0x4034ffcb48 with factory <function TaskInstance.get_template_context.<locals>.<lambda> at 0x4034fe9730>>, 'run_id': 'scheduled__2022-07-25T00:00:00+00:00', 'task': <Task(PythonOperator): my_task>, 'task_instance': <TaskInstance: my_dag.my_task 2022-07-25T00:00:00+00:00 [running]>, 'task_instance_key_str': 'my_dag__my_task__20220725', 'test_mode': False, 'ti': <TaskInstance: my_dag.my_task 2022-07-25T00:00:00+00:00 [running]>, 'tomorrow_ds': '2022-07-26', 'tomorrow_ds_nodash': '20220726', 'ts': '2022-07-25T00:00:00+00:00', 'ts_nodash': '20220725T000000', 'ts_nodash_with_tz': '20220725T000000+0000', 'var': {'json': None, 'value': None}, 'yesterday_ds': '2022-07-24', 'yesterday_ds_nodash': '20220724', 'templates_dict': None}
[2022-07-26 22:14:44,097] {python.py:151} INFO - Done. Returned value was: None
[2022-07-26 22:14:44,113] {taskinstance.py:1191} INFO - Marking task as SUCCESS. dag_id=my_dag, task_id=my_task, execution_date=20220725T000000, start_date=20220726T221443, end_date=20220726T221444
[2022-07-26 22:14:44,163] {taskinstance.py:1245} INFO - 0 downstream tasks scheduled from follow-on schedule check
[2022-07-26 22:14:44,200] {local_task_job.py:151} INFO - Task exited with return code 0
