[2022-07-27 22:32:21,338] {scheduler_job.py:182} INFO - Started process (PID=200) to work on /opt/airflow/dags/l01_context_object.py
[2022-07-27 22:32:21,342] {scheduler_job.py:633} INFO - Processing file /opt/airflow/dags/l01_context_object.py for tasks to queue
[2022-07-27 22:32:21,344] {logging_mixin.py:104} INFO - [2022-07-27 22:32:21,344] {dagbag.py:487} INFO - Filling up the DagBag from /opt/airflow/dags/l01_context_object.py
[2022-07-27 22:32:21,391] {scheduler_job.py:643} INFO - DAG(s) dict_keys(['l01_context_object']) retrieved from /opt/airflow/dags/l01_context_object.py
[2022-07-27 22:32:21,434] {logging_mixin.py:104} INFO - [2022-07-27 22:32:21,433] {dag.py:1832} INFO - Sync 1 DAGs
[2022-07-27 22:32:21,500] {logging_mixin.py:104} INFO - [2022-07-27 22:32:21,500] {dag.py:2305} INFO - Setting next_dagrun for l01_context_object to 2022-07-26 00:00:00+00:00
[2022-07-27 22:32:21,518] {scheduler_job.py:190} INFO - Processing /opt/airflow/dags/l01_context_object.py took 0.187 seconds
[2022-07-27 22:32:51,605] {scheduler_job.py:182} INFO - Started process (PID=206) to work on /opt/airflow/dags/l01_context_object.py
[2022-07-27 22:32:51,610] {scheduler_job.py:633} INFO - Processing file /opt/airflow/dags/l01_context_object.py for tasks to queue
[2022-07-27 22:32:51,613] {logging_mixin.py:104} INFO - [2022-07-27 22:32:51,612] {dagbag.py:487} INFO - Filling up the DagBag from /opt/airflow/dags/l01_context_object.py
[2022-07-27 22:32:51,677] {scheduler_job.py:643} INFO - DAG(s) dict_keys(['l01_context_object']) retrieved from /opt/airflow/dags/l01_context_object.py
[2022-07-27 22:32:51,757] {logging_mixin.py:104} INFO - [2022-07-27 22:32:51,757] {dag.py:1832} INFO - Sync 1 DAGs
[2022-07-27 22:32:51,855] {logging_mixin.py:104} INFO - [2022-07-27 22:32:51,855] {dag.py:2305} INFO - Setting next_dagrun for l01_context_object to 2022-07-26 00:00:00+00:00
[2022-07-27 22:32:51,886] {scheduler_job.py:190} INFO - Processing /opt/airflow/dags/l01_context_object.py took 0.290 seconds
[2022-07-27 22:33:22,118] {scheduler_job.py:182} INFO - Started process (PID=212) to work on /opt/airflow/dags/l01_context_object.py
[2022-07-27 22:33:22,123] {scheduler_job.py:633} INFO - Processing file /opt/airflow/dags/l01_context_object.py for tasks to queue
[2022-07-27 22:33:22,126] {logging_mixin.py:104} INFO - [2022-07-27 22:33:22,126] {dagbag.py:487} INFO - Filling up the DagBag from /opt/airflow/dags/l01_context_object.py
[2022-07-27 22:33:22,169] {scheduler_job.py:643} INFO - DAG(s) dict_keys(['l01_context_object']) retrieved from /opt/airflow/dags/l01_context_object.py
[2022-07-27 22:33:22,218] {logging_mixin.py:104} INFO - [2022-07-27 22:33:22,217] {dag.py:1832} INFO - Sync 1 DAGs
[2022-07-27 22:33:22,282] {logging_mixin.py:104} INFO - [2022-07-27 22:33:22,281] {dag.py:2305} INFO - Setting next_dagrun for l01_context_object to 2022-07-26 00:00:00+00:00
[2022-07-27 22:33:22,298] {scheduler_job.py:190} INFO - Processing /opt/airflow/dags/l01_context_object.py took 0.190 seconds
[2022-07-27 22:33:52,567] {scheduler_job.py:182} INFO - Started process (PID=218) to work on /opt/airflow/dags/l01_context_object.py
[2022-07-27 22:33:52,571] {scheduler_job.py:633} INFO - Processing file /opt/airflow/dags/l01_context_object.py for tasks to queue
[2022-07-27 22:33:52,573] {logging_mixin.py:104} INFO - [2022-07-27 22:33:52,573] {dagbag.py:487} INFO - Filling up the DagBag from /opt/airflow/dags/l01_context_object.py
[2022-07-27 22:33:52,614] {scheduler_job.py:643} INFO - DAG(s) dict_keys(['l01_context_object']) retrieved from /opt/airflow/dags/l01_context_object.py
[2022-07-27 22:33:52,657] {logging_mixin.py:104} INFO - [2022-07-27 22:33:52,656] {dag.py:1832} INFO - Sync 1 DAGs
[2022-07-27 22:33:52,719] {logging_mixin.py:104} INFO - [2022-07-27 22:33:52,718] {dag.py:2305} INFO - Setting next_dagrun for l01_context_object to 2022-07-26 00:00:00+00:00
[2022-07-27 22:33:52,736] {scheduler_job.py:190} INFO - Processing /opt/airflow/dags/l01_context_object.py took 0.176 seconds
[2022-07-27 22:34:23,206] {scheduler_job.py:182} INFO - Started process (PID=224) to work on /opt/airflow/dags/l01_context_object.py
[2022-07-27 22:34:23,211] {scheduler_job.py:633} INFO - Processing file /opt/airflow/dags/l01_context_object.py for tasks to queue
[2022-07-27 22:34:23,213] {logging_mixin.py:104} INFO - [2022-07-27 22:34:23,213] {dagbag.py:487} INFO - Filling up the DagBag from /opt/airflow/dags/l01_context_object.py
[2022-07-27 22:34:23,253] {scheduler_job.py:643} INFO - DAG(s) dict_keys(['l01_context_object']) retrieved from /opt/airflow/dags/l01_context_object.py
[2022-07-27 22:34:23,306] {logging_mixin.py:104} INFO - [2022-07-27 22:34:23,305] {dag.py:1832} INFO - Sync 1 DAGs
[2022-07-27 22:34:23,368] {logging_mixin.py:104} INFO - [2022-07-27 22:34:23,368] {dag.py:2305} INFO - Setting next_dagrun for l01_context_object to 2022-07-26 00:00:00+00:00
[2022-07-27 22:34:23,385] {scheduler_job.py:190} INFO - Processing /opt/airflow/dags/l01_context_object.py took 0.186 seconds
[2022-07-27 22:34:53,723] {scheduler_job.py:182} INFO - Started process (PID=230) to work on /opt/airflow/dags/l01_context_object.py
[2022-07-27 22:34:53,727] {scheduler_job.py:633} INFO - Processing file /opt/airflow/dags/l01_context_object.py for tasks to queue
[2022-07-27 22:34:53,729] {logging_mixin.py:104} INFO - [2022-07-27 22:34:53,729] {dagbag.py:487} INFO - Filling up the DagBag from /opt/airflow/dags/l01_context_object.py
[2022-07-27 22:34:53,767] {scheduler_job.py:643} INFO - DAG(s) dict_keys(['l01_context_object']) retrieved from /opt/airflow/dags/l01_context_object.py
[2022-07-27 22:34:53,807] {logging_mixin.py:104} INFO - [2022-07-27 22:34:53,807] {dag.py:1832} INFO - Sync 1 DAGs
[2022-07-27 22:34:53,868] {logging_mixin.py:104} INFO - [2022-07-27 22:34:53,868] {dag.py:2305} INFO - Setting next_dagrun for l01_context_object to 2022-07-26 00:00:00+00:00
[2022-07-27 22:34:53,885] {scheduler_job.py:190} INFO - Processing /opt/airflow/dags/l01_context_object.py took 0.167 seconds
[2022-07-27 22:35:24,320] {scheduler_job.py:182} INFO - Started process (PID=236) to work on /opt/airflow/dags/l01_context_object.py
[2022-07-27 22:35:24,324] {scheduler_job.py:633} INFO - Processing file /opt/airflow/dags/l01_context_object.py for tasks to queue
[2022-07-27 22:35:24,327] {logging_mixin.py:104} INFO - [2022-07-27 22:35:24,327] {dagbag.py:487} INFO - Filling up the DagBag from /opt/airflow/dags/l01_context_object.py
[2022-07-27 22:35:24,365] {scheduler_job.py:643} INFO - DAG(s) dict_keys(['l01_context_object']) retrieved from /opt/airflow/dags/l01_context_object.py
[2022-07-27 22:35:24,408] {logging_mixin.py:104} INFO - [2022-07-27 22:35:24,407] {dag.py:1832} INFO - Sync 1 DAGs
[2022-07-27 22:35:24,473] {logging_mixin.py:104} INFO - [2022-07-27 22:35:24,473] {dag.py:2305} INFO - Setting next_dagrun for l01_context_object to 2022-07-26 00:00:00+00:00
[2022-07-27 22:35:24,492] {scheduler_job.py:190} INFO - Processing /opt/airflow/dags/l01_context_object.py took 0.179 seconds
[2022-07-27 22:35:54,751] {scheduler_job.py:182} INFO - Started process (PID=242) to work on /opt/airflow/dags/l01_context_object.py
[2022-07-27 22:35:54,754] {scheduler_job.py:633} INFO - Processing file /opt/airflow/dags/l01_context_object.py for tasks to queue
[2022-07-27 22:35:54,757] {logging_mixin.py:104} INFO - [2022-07-27 22:35:54,756] {dagbag.py:487} INFO - Filling up the DagBag from /opt/airflow/dags/l01_context_object.py
[2022-07-27 22:35:54,796] {scheduler_job.py:643} INFO - DAG(s) dict_keys(['l01_context_object']) retrieved from /opt/airflow/dags/l01_context_object.py
[2022-07-27 22:35:54,837] {logging_mixin.py:104} INFO - [2022-07-27 22:35:54,837] {dag.py:1832} INFO - Sync 1 DAGs
[2022-07-27 22:35:54,898] {logging_mixin.py:104} INFO - [2022-07-27 22:35:54,898] {dag.py:2305} INFO - Setting next_dagrun for l01_context_object to 2022-07-26 00:00:00+00:00
[2022-07-27 22:35:54,914] {scheduler_job.py:190} INFO - Processing /opt/airflow/dags/l01_context_object.py took 0.170 seconds
[2022-07-27 22:36:25,324] {scheduler_job.py:182} INFO - Started process (PID=248) to work on /opt/airflow/dags/l01_context_object.py
[2022-07-27 22:36:25,327] {scheduler_job.py:633} INFO - Processing file /opt/airflow/dags/l01_context_object.py for tasks to queue
[2022-07-27 22:36:25,330] {logging_mixin.py:104} INFO - [2022-07-27 22:36:25,330] {dagbag.py:487} INFO - Filling up the DagBag from /opt/airflow/dags/l01_context_object.py
[2022-07-27 22:36:25,369] {scheduler_job.py:643} INFO - DAG(s) dict_keys(['l01_context_object']) retrieved from /opt/airflow/dags/l01_context_object.py
[2022-07-27 22:36:25,408] {logging_mixin.py:104} INFO - [2022-07-27 22:36:25,408] {dag.py:1832} INFO - Sync 1 DAGs
[2022-07-27 22:36:25,469] {logging_mixin.py:104} INFO - [2022-07-27 22:36:25,469] {dag.py:2305} INFO - Setting next_dagrun for l01_context_object to 2022-07-26 00:00:00+00:00
[2022-07-27 22:36:25,485] {scheduler_job.py:190} INFO - Processing /opt/airflow/dags/l01_context_object.py took 0.167 seconds
[2022-07-27 22:36:55,904] {scheduler_job.py:182} INFO - Started process (PID=254) to work on /opt/airflow/dags/l01_context_object.py
[2022-07-27 22:36:55,907] {scheduler_job.py:633} INFO - Processing file /opt/airflow/dags/l01_context_object.py for tasks to queue
[2022-07-27 22:36:55,909] {logging_mixin.py:104} INFO - [2022-07-27 22:36:55,909] {dagbag.py:487} INFO - Filling up the DagBag from /opt/airflow/dags/l01_context_object.py
[2022-07-27 22:36:55,947] {scheduler_job.py:643} INFO - DAG(s) dict_keys(['l01_context_object']) retrieved from /opt/airflow/dags/l01_context_object.py
[2022-07-27 22:36:55,986] {logging_mixin.py:104} INFO - [2022-07-27 22:36:55,986] {dag.py:1832} INFO - Sync 1 DAGs
[2022-07-27 22:36:56,045] {logging_mixin.py:104} INFO - [2022-07-27 22:36:56,045] {dag.py:2305} INFO - Setting next_dagrun for l01_context_object to 2022-07-26 00:00:00+00:00
[2022-07-27 22:36:56,062] {scheduler_job.py:190} INFO - Processing /opt/airflow/dags/l01_context_object.py took 0.164 seconds
[2022-07-27 22:37:26,476] {scheduler_job.py:182} INFO - Started process (PID=266) to work on /opt/airflow/dags/l01_context_object.py
[2022-07-27 22:37:26,479] {scheduler_job.py:633} INFO - Processing file /opt/airflow/dags/l01_context_object.py for tasks to queue
[2022-07-27 22:37:26,481] {logging_mixin.py:104} INFO - [2022-07-27 22:37:26,481] {dagbag.py:487} INFO - Filling up the DagBag from /opt/airflow/dags/l01_context_object.py
[2022-07-27 22:37:26,519] {scheduler_job.py:643} INFO - DAG(s) dict_keys(['l01_context_object']) retrieved from /opt/airflow/dags/l01_context_object.py
[2022-07-27 22:37:26,558] {logging_mixin.py:104} INFO - [2022-07-27 22:37:26,557] {dag.py:1832} INFO - Sync 1 DAGs
[2022-07-27 22:37:26,617] {logging_mixin.py:104} INFO - [2022-07-27 22:37:26,617] {dag.py:2305} INFO - Setting next_dagrun for l01_context_object to 2022-07-26 00:00:00+00:00
[2022-07-27 22:37:26,633] {scheduler_job.py:190} INFO - Processing /opt/airflow/dags/l01_context_object.py took 0.163 seconds
[2022-07-27 22:37:56,938] {scheduler_job.py:182} INFO - Started process (PID=276) to work on /opt/airflow/dags/l01_context_object.py
[2022-07-27 22:37:56,942] {scheduler_job.py:633} INFO - Processing file /opt/airflow/dags/l01_context_object.py for tasks to queue
[2022-07-27 22:37:56,944] {logging_mixin.py:104} INFO - [2022-07-27 22:37:56,943] {dagbag.py:487} INFO - Filling up the DagBag from /opt/airflow/dags/l01_context_object.py
[2022-07-27 22:37:56,988] {scheduler_job.py:643} INFO - DAG(s) dict_keys(['l01_context_object']) retrieved from /opt/airflow/dags/l01_context_object.py
[2022-07-27 22:37:57,036] {logging_mixin.py:104} INFO - [2022-07-27 22:37:57,036] {dag.py:1832} INFO - Sync 1 DAGs
[2022-07-27 22:37:57,104] {logging_mixin.py:104} INFO - [2022-07-27 22:37:57,103] {dag.py:2305} INFO - Setting next_dagrun for l01_context_object to 2022-07-26 00:00:00+00:00
[2022-07-27 22:37:57,121] {scheduler_job.py:190} INFO - Processing /opt/airflow/dags/l01_context_object.py took 0.191 seconds
[2022-07-27 22:38:27,631] {scheduler_job.py:182} INFO - Started process (PID=285) to work on /opt/airflow/dags/l01_context_object.py
[2022-07-27 22:38:27,636] {scheduler_job.py:633} INFO - Processing file /opt/airflow/dags/l01_context_object.py for tasks to queue
[2022-07-27 22:38:27,639] {logging_mixin.py:104} INFO - [2022-07-27 22:38:27,639] {dagbag.py:487} INFO - Filling up the DagBag from /opt/airflow/dags/l01_context_object.py
[2022-07-27 22:38:27,676] {scheduler_job.py:643} INFO - DAG(s) dict_keys(['l01_context_object']) retrieved from /opt/airflow/dags/l01_context_object.py
[2022-07-27 22:38:27,716] {logging_mixin.py:104} INFO - [2022-07-27 22:38:27,716] {dag.py:1832} INFO - Sync 1 DAGs
[2022-07-27 22:38:27,780] {logging_mixin.py:104} INFO - [2022-07-27 22:38:27,779] {dag.py:2305} INFO - Setting next_dagrun for l01_context_object to 2022-07-26 00:00:00+00:00
[2022-07-27 22:38:27,795] {scheduler_job.py:190} INFO - Processing /opt/airflow/dags/l01_context_object.py took 0.171 seconds
[2022-07-27 22:38:58,327] {scheduler_job.py:182} INFO - Started process (PID=297) to work on /opt/airflow/dags/l01_context_object.py
[2022-07-27 22:38:58,331] {scheduler_job.py:633} INFO - Processing file /opt/airflow/dags/l01_context_object.py for tasks to queue
[2022-07-27 22:38:58,333] {logging_mixin.py:104} INFO - [2022-07-27 22:38:58,333] {dagbag.py:487} INFO - Filling up the DagBag from /opt/airflow/dags/l01_context_object.py
[2022-07-27 22:38:58,370] {scheduler_job.py:643} INFO - DAG(s) dict_keys(['l01_context_object']) retrieved from /opt/airflow/dags/l01_context_object.py
[2022-07-27 22:38:58,411] {logging_mixin.py:104} INFO - [2022-07-27 22:38:58,410] {dag.py:1832} INFO - Sync 1 DAGs
[2022-07-27 22:38:58,470] {logging_mixin.py:104} INFO - [2022-07-27 22:38:58,470] {dag.py:2305} INFO - Setting next_dagrun for l01_context_object to 2022-07-26 00:00:00+00:00
[2022-07-27 22:38:58,486] {scheduler_job.py:190} INFO - Processing /opt/airflow/dags/l01_context_object.py took 0.166 seconds
[2022-07-27 22:39:29,098] {scheduler_job.py:182} INFO - Started process (PID=309) to work on /opt/airflow/dags/l01_context_object.py
[2022-07-27 22:39:29,102] {scheduler_job.py:633} INFO - Processing file /opt/airflow/dags/l01_context_object.py for tasks to queue
[2022-07-27 22:39:29,105] {logging_mixin.py:104} INFO - [2022-07-27 22:39:29,105] {dagbag.py:487} INFO - Filling up the DagBag from /opt/airflow/dags/l01_context_object.py
[2022-07-27 22:39:29,201] {scheduler_job.py:643} INFO - DAG(s) dict_keys(['l01_context_object']) retrieved from /opt/airflow/dags/l01_context_object.py
[2022-07-27 22:39:29,281] {logging_mixin.py:104} INFO - [2022-07-27 22:39:29,281] {dag.py:1832} INFO - Sync 1 DAGs
[2022-07-27 22:39:29,360] {logging_mixin.py:104} INFO - [2022-07-27 22:39:29,360] {dag.py:2305} INFO - Setting next_dagrun for l01_context_object to 2022-07-26 00:00:00+00:00
[2022-07-27 22:39:29,380] {scheduler_job.py:190} INFO - Processing /opt/airflow/dags/l01_context_object.py took 0.289 seconds
[2022-07-27 22:39:59,619] {scheduler_job.py:182} INFO - Started process (PID=321) to work on /opt/airflow/dags/l01_context_object.py
[2022-07-27 22:39:59,623] {scheduler_job.py:633} INFO - Processing file /opt/airflow/dags/l01_context_object.py for tasks to queue
[2022-07-27 22:39:59,625] {logging_mixin.py:104} INFO - [2022-07-27 22:39:59,624] {dagbag.py:487} INFO - Filling up the DagBag from /opt/airflow/dags/l01_context_object.py
[2022-07-27 22:39:59,664] {scheduler_job.py:643} INFO - DAG(s) dict_keys(['l01_context_object']) retrieved from /opt/airflow/dags/l01_context_object.py
[2022-07-27 22:39:59,703] {logging_mixin.py:104} INFO - [2022-07-27 22:39:59,703] {dag.py:1832} INFO - Sync 1 DAGs
[2022-07-27 22:39:59,764] {logging_mixin.py:104} INFO - [2022-07-27 22:39:59,763] {dag.py:2305} INFO - Setting next_dagrun for l01_context_object to 2022-07-26 00:00:00+00:00
[2022-07-27 22:39:59,780] {scheduler_job.py:190} INFO - Processing /opt/airflow/dags/l01_context_object.py took 0.167 seconds
[2022-07-27 22:40:30,464] {scheduler_job.py:182} INFO - Started process (PID=333) to work on /opt/airflow/dags/l01_context_object.py
[2022-07-27 22:40:30,467] {scheduler_job.py:633} INFO - Processing file /opt/airflow/dags/l01_context_object.py for tasks to queue
[2022-07-27 22:40:30,469] {logging_mixin.py:104} INFO - [2022-07-27 22:40:30,469] {dagbag.py:487} INFO - Filling up the DagBag from /opt/airflow/dags/l01_context_object.py
[2022-07-27 22:40:30,509] {scheduler_job.py:643} INFO - DAG(s) dict_keys(['l01_context_object']) retrieved from /opt/airflow/dags/l01_context_object.py
[2022-07-27 22:40:30,548] {logging_mixin.py:104} INFO - [2022-07-27 22:40:30,548] {dag.py:1832} INFO - Sync 1 DAGs
[2022-07-27 22:40:30,608] {logging_mixin.py:104} INFO - [2022-07-27 22:40:30,608] {dag.py:2305} INFO - Setting next_dagrun for l01_context_object to 2022-07-26 00:00:00+00:00
[2022-07-27 22:40:30,624] {scheduler_job.py:190} INFO - Processing /opt/airflow/dags/l01_context_object.py took 0.167 seconds
[2022-07-27 22:41:00,866] {scheduler_job.py:182} INFO - Started process (PID=345) to work on /opt/airflow/dags/l01_context_object.py
[2022-07-27 22:41:00,869] {scheduler_job.py:633} INFO - Processing file /opt/airflow/dags/l01_context_object.py for tasks to queue
[2022-07-27 22:41:00,871] {logging_mixin.py:104} INFO - [2022-07-27 22:41:00,871] {dagbag.py:487} INFO - Filling up the DagBag from /opt/airflow/dags/l01_context_object.py
[2022-07-27 22:41:00,909] {scheduler_job.py:643} INFO - DAG(s) dict_keys(['l01_context_object']) retrieved from /opt/airflow/dags/l01_context_object.py
[2022-07-27 22:41:00,948] {logging_mixin.py:104} INFO - [2022-07-27 22:41:00,947] {dag.py:1832} INFO - Sync 1 DAGs
[2022-07-27 22:41:01,008] {logging_mixin.py:104} INFO - [2022-07-27 22:41:01,008] {dag.py:2305} INFO - Setting next_dagrun for l01_context_object to 2022-07-26 00:00:00+00:00
[2022-07-27 22:41:01,024] {scheduler_job.py:190} INFO - Processing /opt/airflow/dags/l01_context_object.py took 0.164 seconds
[2022-07-27 22:41:31,475] {scheduler_job.py:182} INFO - Started process (PID=357) to work on /opt/airflow/dags/l01_context_object.py
[2022-07-27 22:41:31,480] {scheduler_job.py:633} INFO - Processing file /opt/airflow/dags/l01_context_object.py for tasks to queue
[2022-07-27 22:41:31,482] {logging_mixin.py:104} INFO - [2022-07-27 22:41:31,482] {dagbag.py:487} INFO - Filling up the DagBag from /opt/airflow/dags/l01_context_object.py
[2022-07-27 22:41:31,519] {scheduler_job.py:643} INFO - DAG(s) dict_keys(['l01_context_object']) retrieved from /opt/airflow/dags/l01_context_object.py
[2022-07-27 22:41:31,558] {logging_mixin.py:104} INFO - [2022-07-27 22:41:31,558] {dag.py:1832} INFO - Sync 1 DAGs
[2022-07-27 22:41:31,619] {logging_mixin.py:104} INFO - [2022-07-27 22:41:31,618] {dag.py:2305} INFO - Setting next_dagrun for l01_context_object to 2022-07-26 00:00:00+00:00
[2022-07-27 22:41:31,635] {scheduler_job.py:190} INFO - Processing /opt/airflow/dags/l01_context_object.py took 0.165 seconds
[2022-07-27 22:42:02,153] {scheduler_job.py:182} INFO - Started process (PID=369) to work on /opt/airflow/dags/l01_context_object.py
[2022-07-27 22:42:02,157] {scheduler_job.py:633} INFO - Processing file /opt/airflow/dags/l01_context_object.py for tasks to queue
[2022-07-27 22:42:02,159] {logging_mixin.py:104} INFO - [2022-07-27 22:42:02,158] {dagbag.py:487} INFO - Filling up the DagBag from /opt/airflow/dags/l01_context_object.py
[2022-07-27 22:42:02,198] {scheduler_job.py:643} INFO - DAG(s) dict_keys(['l01_context_object']) retrieved from /opt/airflow/dags/l01_context_object.py
[2022-07-27 22:42:02,240] {logging_mixin.py:104} INFO - [2022-07-27 22:42:02,240] {dag.py:1832} INFO - Sync 1 DAGs
[2022-07-27 22:42:02,300] {logging_mixin.py:104} INFO - [2022-07-27 22:42:02,300] {dag.py:2305} INFO - Setting next_dagrun for l01_context_object to 2022-07-26 00:00:00+00:00
[2022-07-27 22:42:02,316] {scheduler_job.py:190} INFO - Processing /opt/airflow/dags/l01_context_object.py took 0.170 seconds
[2022-07-27 22:42:32,988] {scheduler_job.py:182} INFO - Started process (PID=381) to work on /opt/airflow/dags/l01_context_object.py
[2022-07-27 22:42:32,992] {scheduler_job.py:633} INFO - Processing file /opt/airflow/dags/l01_context_object.py for tasks to queue
[2022-07-27 22:42:32,994] {logging_mixin.py:104} INFO - [2022-07-27 22:42:32,994] {dagbag.py:487} INFO - Filling up the DagBag from /opt/airflow/dags/l01_context_object.py
[2022-07-27 22:42:33,035] {scheduler_job.py:643} INFO - DAG(s) dict_keys(['l01_context_object']) retrieved from /opt/airflow/dags/l01_context_object.py
[2022-07-27 22:42:33,075] {logging_mixin.py:104} INFO - [2022-07-27 22:42:33,075] {dag.py:1832} INFO - Sync 1 DAGs
[2022-07-27 22:42:33,135] {logging_mixin.py:104} INFO - [2022-07-27 22:42:33,135] {dag.py:2305} INFO - Setting next_dagrun for l01_context_object to 2022-07-26 00:00:00+00:00
[2022-07-27 22:42:33,151] {scheduler_job.py:190} INFO - Processing /opt/airflow/dags/l01_context_object.py took 0.169 seconds
[2022-07-27 22:43:03,618] {scheduler_job.py:182} INFO - Started process (PID=393) to work on /opt/airflow/dags/l01_context_object.py
[2022-07-27 22:43:03,622] {scheduler_job.py:633} INFO - Processing file /opt/airflow/dags/l01_context_object.py for tasks to queue
[2022-07-27 22:43:03,624] {logging_mixin.py:104} INFO - [2022-07-27 22:43:03,624] {dagbag.py:487} INFO - Filling up the DagBag from /opt/airflow/dags/l01_context_object.py
[2022-07-27 22:43:03,662] {scheduler_job.py:643} INFO - DAG(s) dict_keys(['l01_context_object']) retrieved from /opt/airflow/dags/l01_context_object.py
[2022-07-27 22:43:03,703] {logging_mixin.py:104} INFO - [2022-07-27 22:43:03,703] {dag.py:1832} INFO - Sync 1 DAGs
[2022-07-27 22:43:03,765] {logging_mixin.py:104} INFO - [2022-07-27 22:43:03,765] {dag.py:2305} INFO - Setting next_dagrun for l01_context_object to 2022-07-26 00:00:00+00:00
[2022-07-27 22:43:03,783] {scheduler_job.py:190} INFO - Processing /opt/airflow/dags/l01_context_object.py took 0.171 seconds
[2022-07-27 22:43:34,387] {scheduler_job.py:182} INFO - Started process (PID=405) to work on /opt/airflow/dags/l01_context_object.py
[2022-07-27 22:43:34,390] {scheduler_job.py:633} INFO - Processing file /opt/airflow/dags/l01_context_object.py for tasks to queue
[2022-07-27 22:43:34,392] {logging_mixin.py:104} INFO - [2022-07-27 22:43:34,392] {dagbag.py:487} INFO - Filling up the DagBag from /opt/airflow/dags/l01_context_object.py
[2022-07-27 22:43:34,432] {scheduler_job.py:643} INFO - DAG(s) dict_keys(['l01_context_object']) retrieved from /opt/airflow/dags/l01_context_object.py
[2022-07-27 22:43:34,471] {logging_mixin.py:104} INFO - [2022-07-27 22:43:34,471] {dag.py:1832} INFO - Sync 1 DAGs
[2022-07-27 22:43:34,532] {logging_mixin.py:104} INFO - [2022-07-27 22:43:34,532] {dag.py:2305} INFO - Setting next_dagrun for l01_context_object to 2022-07-26 00:00:00+00:00
[2022-07-27 22:43:34,549] {scheduler_job.py:190} INFO - Processing /opt/airflow/dags/l01_context_object.py took 0.169 seconds
[2022-07-27 22:44:05,140] {scheduler_job.py:182} INFO - Started process (PID=417) to work on /opt/airflow/dags/l01_context_object.py
[2022-07-27 22:44:05,144] {scheduler_job.py:633} INFO - Processing file /opt/airflow/dags/l01_context_object.py for tasks to queue
[2022-07-27 22:44:05,146] {logging_mixin.py:104} INFO - [2022-07-27 22:44:05,145] {dagbag.py:487} INFO - Filling up the DagBag from /opt/airflow/dags/l01_context_object.py
[2022-07-27 22:44:05,184] {scheduler_job.py:643} INFO - DAG(s) dict_keys(['l01_context_object']) retrieved from /opt/airflow/dags/l01_context_object.py
[2022-07-27 22:44:05,224] {logging_mixin.py:104} INFO - [2022-07-27 22:44:05,223] {dag.py:1832} INFO - Sync 1 DAGs
[2022-07-27 22:44:05,284] {logging_mixin.py:104} INFO - [2022-07-27 22:44:05,283] {dag.py:2305} INFO - Setting next_dagrun for l01_context_object to 2022-07-26 00:00:00+00:00
[2022-07-27 22:44:05,299] {scheduler_job.py:190} INFO - Processing /opt/airflow/dags/l01_context_object.py took 0.165 seconds
[2022-07-27 22:44:35,951] {scheduler_job.py:182} INFO - Started process (PID=429) to work on /opt/airflow/dags/l01_context_object.py
[2022-07-27 22:44:35,955] {scheduler_job.py:633} INFO - Processing file /opt/airflow/dags/l01_context_object.py for tasks to queue
[2022-07-27 22:44:35,957] {logging_mixin.py:104} INFO - [2022-07-27 22:44:35,957] {dagbag.py:487} INFO - Filling up the DagBag from /opt/airflow/dags/l01_context_object.py
[2022-07-27 22:44:35,994] {scheduler_job.py:643} INFO - DAG(s) dict_keys(['l01_context_object']) retrieved from /opt/airflow/dags/l01_context_object.py
[2022-07-27 22:44:36,035] {logging_mixin.py:104} INFO - [2022-07-27 22:44:36,034] {dag.py:1832} INFO - Sync 1 DAGs
[2022-07-27 22:44:36,099] {logging_mixin.py:104} INFO - [2022-07-27 22:44:36,099] {dag.py:2305} INFO - Setting next_dagrun for l01_context_object to 2022-07-26 00:00:00+00:00
[2022-07-27 22:44:36,116] {scheduler_job.py:190} INFO - Processing /opt/airflow/dags/l01_context_object.py took 0.171 seconds
[2022-07-27 22:45:06,772] {scheduler_job.py:182} INFO - Started process (PID=441) to work on /opt/airflow/dags/l01_context_object.py
[2022-07-27 22:45:06,776] {scheduler_job.py:633} INFO - Processing file /opt/airflow/dags/l01_context_object.py for tasks to queue
[2022-07-27 22:45:06,778] {logging_mixin.py:104} INFO - [2022-07-27 22:45:06,777] {dagbag.py:487} INFO - Filling up the DagBag from /opt/airflow/dags/l01_context_object.py
[2022-07-27 22:45:06,816] {scheduler_job.py:643} INFO - DAG(s) dict_keys(['l01_context_object']) retrieved from /opt/airflow/dags/l01_context_object.py
[2022-07-27 22:45:06,856] {logging_mixin.py:104} INFO - [2022-07-27 22:45:06,856] {dag.py:1832} INFO - Sync 1 DAGs
[2022-07-27 22:45:06,920] {logging_mixin.py:104} INFO - [2022-07-27 22:45:06,920] {dag.py:2305} INFO - Setting next_dagrun for l01_context_object to 2022-07-26 00:00:00+00:00
[2022-07-27 22:45:06,936] {scheduler_job.py:190} INFO - Processing /opt/airflow/dags/l01_context_object.py took 0.170 seconds
[2022-07-27 22:45:37,787] {scheduler_job.py:182} INFO - Started process (PID=453) to work on /opt/airflow/dags/l01_context_object.py
[2022-07-27 22:45:37,791] {scheduler_job.py:633} INFO - Processing file /opt/airflow/dags/l01_context_object.py for tasks to queue
[2022-07-27 22:45:37,793] {logging_mixin.py:104} INFO - [2022-07-27 22:45:37,793] {dagbag.py:487} INFO - Filling up the DagBag from /opt/airflow/dags/l01_context_object.py
[2022-07-27 22:45:37,835] {scheduler_job.py:643} INFO - DAG(s) dict_keys(['l01_context_object']) retrieved from /opt/airflow/dags/l01_context_object.py
[2022-07-27 22:45:37,880] {logging_mixin.py:104} INFO - [2022-07-27 22:45:37,879] {dag.py:1832} INFO - Sync 1 DAGs
[2022-07-27 22:45:37,943] {logging_mixin.py:104} INFO - [2022-07-27 22:45:37,942] {dag.py:2305} INFO - Setting next_dagrun for l01_context_object to 2022-07-26 00:00:00+00:00
[2022-07-27 22:45:37,960] {scheduler_job.py:190} INFO - Processing /opt/airflow/dags/l01_context_object.py took 0.180 seconds
[2022-07-27 22:47:16,269] {scheduler_job.py:182} INFO - Started process (PID=461) to work on /opt/airflow/dags/l01_context_object.py
[2022-07-27 22:47:16,272] {scheduler_job.py:633} INFO - Processing file /opt/airflow/dags/l01_context_object.py for tasks to queue
[2022-07-27 22:47:16,275] {logging_mixin.py:104} INFO - [2022-07-27 22:47:16,274] {dagbag.py:487} INFO - Filling up the DagBag from /opt/airflow/dags/l01_context_object.py
[2022-07-27 22:47:16,321] {scheduler_job.py:643} INFO - DAG(s) dict_keys(['l01_context_object']) retrieved from /opt/airflow/dags/l01_context_object.py
[2022-07-27 22:47:16,368] {logging_mixin.py:104} INFO - [2022-07-27 22:47:16,368] {dag.py:1832} INFO - Sync 1 DAGs
[2022-07-27 22:47:16,436] {logging_mixin.py:104} INFO - [2022-07-27 22:47:16,436] {dag.py:2305} INFO - Setting next_dagrun for l01_context_object to 2022-07-26 00:00:00+00:00
[2022-07-27 22:47:16,457] {scheduler_job.py:190} INFO - Processing /opt/airflow/dags/l01_context_object.py took 0.193 seconds
[2022-07-27 22:48:20,381] {scheduler_job.py:182} INFO - Started process (PID=472) to work on /opt/airflow/dags/l01_context_object.py
[2022-07-27 22:48:20,386] {scheduler_job.py:633} INFO - Processing file /opt/airflow/dags/l01_context_object.py for tasks to queue
[2022-07-27 22:48:20,392] {logging_mixin.py:104} INFO - [2022-07-27 22:48:20,391] {dagbag.py:487} INFO - Filling up the DagBag from /opt/airflow/dags/l01_context_object.py
[2022-07-27 22:48:20,487] {scheduler_job.py:643} INFO - DAG(s) dict_keys(['l01_context_object']) retrieved from /opt/airflow/dags/l01_context_object.py
[2022-07-27 22:48:20,567] {logging_mixin.py:104} INFO - [2022-07-27 22:48:20,567] {dag.py:1832} INFO - Sync 1 DAGs
[2022-07-27 22:48:20,691] {logging_mixin.py:104} INFO - [2022-07-27 22:48:20,690] {dag.py:2305} INFO - Setting next_dagrun for l01_context_object to 2022-07-26 00:00:00+00:00
[2022-07-27 22:48:20,718] {scheduler_job.py:190} INFO - Processing /opt/airflow/dags/l01_context_object.py took 0.349 seconds
[2022-07-27 22:50:34,631] {scheduler_job.py:182} INFO - Started process (PID=486) to work on /opt/airflow/dags/l01_context_object.py
[2022-07-27 22:50:34,640] {scheduler_job.py:633} INFO - Processing file /opt/airflow/dags/l01_context_object.py for tasks to queue
[2022-07-27 22:50:34,643] {logging_mixin.py:104} INFO - [2022-07-27 22:50:34,643] {dagbag.py:487} INFO - Filling up the DagBag from /opt/airflow/dags/l01_context_object.py
[2022-07-27 22:50:34,722] {scheduler_job.py:643} INFO - DAG(s) dict_keys(['l01_context_object']) retrieved from /opt/airflow/dags/l01_context_object.py
[2022-07-27 22:50:34,800] {logging_mixin.py:104} INFO - [2022-07-27 22:50:34,800] {dag.py:1832} INFO - Sync 1 DAGs
[2022-07-27 22:50:34,928] {logging_mixin.py:104} INFO - [2022-07-27 22:50:34,927] {dag.py:2305} INFO - Setting next_dagrun for l01_context_object to 2022-07-26 00:00:00+00:00
[2022-07-27 22:50:34,973] {scheduler_job.py:190} INFO - Processing /opt/airflow/dags/l01_context_object.py took 0.359 seconds
[2022-07-27 22:54:53,783] {scheduler_job.py:182} INFO - Started process (PID=497) to work on /opt/airflow/dags/l01_context_object.py
[2022-07-27 22:54:53,793] {scheduler_job.py:633} INFO - Processing file /opt/airflow/dags/l01_context_object.py for tasks to queue
[2022-07-27 22:54:53,797] {logging_mixin.py:104} INFO - [2022-07-27 22:54:53,797] {dagbag.py:487} INFO - Filling up the DagBag from /opt/airflow/dags/l01_context_object.py
[2022-07-27 22:54:53,889] {scheduler_job.py:643} INFO - DAG(s) dict_keys(['l01_context_object']) retrieved from /opt/airflow/dags/l01_context_object.py
[2022-07-27 22:54:53,972] {logging_mixin.py:104} INFO - [2022-07-27 22:54:53,971] {dag.py:1832} INFO - Sync 1 DAGs
[2022-07-27 22:54:54,055] {logging_mixin.py:104} INFO - [2022-07-27 22:54:54,055] {dag.py:2305} INFO - Setting next_dagrun for l01_context_object to 2022-07-26 00:00:00+00:00
[2022-07-27 22:54:54,112] {scheduler_job.py:190} INFO - Processing /opt/airflow/dags/l01_context_object.py took 0.351 seconds
[2022-07-27 22:55:24,436] {scheduler_job.py:182} INFO - Started process (PID=510) to work on /opt/airflow/dags/l01_context_object.py
[2022-07-27 22:55:24,443] {scheduler_job.py:633} INFO - Processing file /opt/airflow/dags/l01_context_object.py for tasks to queue
[2022-07-27 22:55:24,451] {logging_mixin.py:104} INFO - [2022-07-27 22:55:24,450] {dagbag.py:487} INFO - Filling up the DagBag from /opt/airflow/dags/l01_context_object.py
[2022-07-27 22:55:24,533] {scheduler_job.py:643} INFO - DAG(s) dict_keys(['l01_context_object']) retrieved from /opt/airflow/dags/l01_context_object.py
[2022-07-27 22:55:24,618] {logging_mixin.py:104} INFO - [2022-07-27 22:55:24,617] {dag.py:1832} INFO - Sync 1 DAGs
[2022-07-27 22:55:24,733] {logging_mixin.py:104} INFO - [2022-07-27 22:55:24,732] {dag.py:2305} INFO - Setting next_dagrun for l01_context_object to 2022-07-26 00:00:00+00:00
[2022-07-27 22:55:24,784] {scheduler_job.py:190} INFO - Processing /opt/airflow/dags/l01_context_object.py took 0.359 seconds
[2022-07-27 22:55:55,409] {scheduler_job.py:182} INFO - Started process (PID=521) to work on /opt/airflow/dags/l01_context_object.py
[2022-07-27 22:55:55,412] {scheduler_job.py:633} INFO - Processing file /opt/airflow/dags/l01_context_object.py for tasks to queue
[2022-07-27 22:55:55,415] {logging_mixin.py:104} INFO - [2022-07-27 22:55:55,415] {dagbag.py:487} INFO - Filling up the DagBag from /opt/airflow/dags/l01_context_object.py
[2022-07-27 22:55:55,458] {scheduler_job.py:643} INFO - DAG(s) dict_keys(['l01_context_object']) retrieved from /opt/airflow/dags/l01_context_object.py
[2022-07-27 22:55:55,500] {logging_mixin.py:104} INFO - [2022-07-27 22:55:55,500] {dag.py:1832} INFO - Sync 1 DAGs
[2022-07-27 22:55:55,560] {logging_mixin.py:104} INFO - [2022-07-27 22:55:55,560] {dag.py:2305} INFO - Setting next_dagrun for l01_context_object to 2022-07-26 00:00:00+00:00
[2022-07-27 22:55:55,576] {scheduler_job.py:190} INFO - Processing /opt/airflow/dags/l01_context_object.py took 0.173 seconds
[2022-07-27 22:56:25,975] {scheduler_job.py:182} INFO - Started process (PID=533) to work on /opt/airflow/dags/l01_context_object.py
[2022-07-27 22:56:25,978] {scheduler_job.py:633} INFO - Processing file /opt/airflow/dags/l01_context_object.py for tasks to queue
[2022-07-27 22:56:25,981] {logging_mixin.py:104} INFO - [2022-07-27 22:56:25,980] {dagbag.py:487} INFO - Filling up the DagBag from /opt/airflow/dags/l01_context_object.py
[2022-07-27 22:56:26,021] {scheduler_job.py:643} INFO - DAG(s) dict_keys(['l01_context_object']) retrieved from /opt/airflow/dags/l01_context_object.py
[2022-07-27 22:56:26,064] {logging_mixin.py:104} INFO - [2022-07-27 22:56:26,063] {dag.py:1832} INFO - Sync 1 DAGs
[2022-07-27 22:56:26,130] {logging_mixin.py:104} INFO - [2022-07-27 22:56:26,130] {dag.py:2305} INFO - Setting next_dagrun for l01_context_object to 2022-07-26 00:00:00+00:00
[2022-07-27 22:56:26,148] {scheduler_job.py:190} INFO - Processing /opt/airflow/dags/l01_context_object.py took 0.178 seconds
[2022-07-27 22:56:56,438] {scheduler_job.py:182} INFO - Started process (PID=543) to work on /opt/airflow/dags/l01_context_object.py
[2022-07-27 22:56:56,442] {scheduler_job.py:633} INFO - Processing file /opt/airflow/dags/l01_context_object.py for tasks to queue
[2022-07-27 22:56:56,444] {logging_mixin.py:104} INFO - [2022-07-27 22:56:56,444] {dagbag.py:487} INFO - Filling up the DagBag from /opt/airflow/dags/l01_context_object.py
[2022-07-27 22:56:56,482] {scheduler_job.py:643} INFO - DAG(s) dict_keys(['l01_context_object']) retrieved from /opt/airflow/dags/l01_context_object.py
[2022-07-27 22:56:56,521] {logging_mixin.py:104} INFO - [2022-07-27 22:56:56,521] {dag.py:1832} INFO - Sync 1 DAGs
[2022-07-27 22:56:56,581] {logging_mixin.py:104} INFO - [2022-07-27 22:56:56,581] {dag.py:2305} INFO - Setting next_dagrun for l01_context_object to 2022-07-26 00:00:00+00:00
[2022-07-27 22:56:56,598] {scheduler_job.py:190} INFO - Processing /opt/airflow/dags/l01_context_object.py took 0.167 seconds
[2022-07-27 22:57:27,039] {scheduler_job.py:182} INFO - Started process (PID=555) to work on /opt/airflow/dags/l01_context_object.py
[2022-07-27 22:57:27,043] {scheduler_job.py:633} INFO - Processing file /opt/airflow/dags/l01_context_object.py for tasks to queue
[2022-07-27 22:57:27,045] {logging_mixin.py:104} INFO - [2022-07-27 22:57:27,044] {dagbag.py:487} INFO - Filling up the DagBag from /opt/airflow/dags/l01_context_object.py
[2022-07-27 22:57:27,081] {scheduler_job.py:643} INFO - DAG(s) dict_keys(['l01_context_object']) retrieved from /opt/airflow/dags/l01_context_object.py
[2022-07-27 22:57:27,120] {logging_mixin.py:104} INFO - [2022-07-27 22:57:27,120] {dag.py:1832} INFO - Sync 1 DAGs
[2022-07-27 22:57:27,181] {logging_mixin.py:104} INFO - [2022-07-27 22:57:27,181] {dag.py:2305} INFO - Setting next_dagrun for l01_context_object to 2022-07-26 00:00:00+00:00
[2022-07-27 22:57:27,197] {scheduler_job.py:190} INFO - Processing /opt/airflow/dags/l01_context_object.py took 0.164 seconds
[2022-07-27 22:57:57,690] {scheduler_job.py:182} INFO - Started process (PID=567) to work on /opt/airflow/dags/l01_context_object.py
[2022-07-27 22:57:57,693] {scheduler_job.py:633} INFO - Processing file /opt/airflow/dags/l01_context_object.py for tasks to queue
[2022-07-27 22:57:57,696] {logging_mixin.py:104} INFO - [2022-07-27 22:57:57,695] {dagbag.py:487} INFO - Filling up the DagBag from /opt/airflow/dags/l01_context_object.py
[2022-07-27 22:57:57,734] {scheduler_job.py:643} INFO - DAG(s) dict_keys(['l01_context_object']) retrieved from /opt/airflow/dags/l01_context_object.py
[2022-07-27 22:57:57,774] {logging_mixin.py:104} INFO - [2022-07-27 22:57:57,774] {dag.py:1832} INFO - Sync 1 DAGs
[2022-07-27 22:57:57,834] {logging_mixin.py:104} INFO - [2022-07-27 22:57:57,833] {dag.py:2305} INFO - Setting next_dagrun for l01_context_object to 2022-07-26 00:00:00+00:00
[2022-07-27 22:57:57,850] {scheduler_job.py:190} INFO - Processing /opt/airflow/dags/l01_context_object.py took 0.167 seconds
[2022-07-27 22:58:28,425] {scheduler_job.py:182} INFO - Started process (PID=579) to work on /opt/airflow/dags/l01_context_object.py
[2022-07-27 22:58:28,429] {scheduler_job.py:633} INFO - Processing file /opt/airflow/dags/l01_context_object.py for tasks to queue
[2022-07-27 22:58:28,431] {logging_mixin.py:104} INFO - [2022-07-27 22:58:28,431] {dagbag.py:487} INFO - Filling up the DagBag from /opt/airflow/dags/l01_context_object.py
[2022-07-27 22:58:28,471] {scheduler_job.py:643} INFO - DAG(s) dict_keys(['l01_context_object']) retrieved from /opt/airflow/dags/l01_context_object.py
[2022-07-27 22:58:28,511] {logging_mixin.py:104} INFO - [2022-07-27 22:58:28,511] {dag.py:1832} INFO - Sync 1 DAGs
[2022-07-27 22:58:28,571] {logging_mixin.py:104} INFO - [2022-07-27 22:58:28,570] {dag.py:2305} INFO - Setting next_dagrun for l01_context_object to 2022-07-26 00:00:00+00:00
[2022-07-27 22:58:28,586] {scheduler_job.py:190} INFO - Processing /opt/airflow/dags/l01_context_object.py took 0.168 seconds
[2022-07-27 22:58:59,115] {scheduler_job.py:182} INFO - Started process (PID=591) to work on /opt/airflow/dags/l01_context_object.py
[2022-07-27 22:58:59,120] {scheduler_job.py:633} INFO - Processing file /opt/airflow/dags/l01_context_object.py for tasks to queue
[2022-07-27 22:58:59,122] {logging_mixin.py:104} INFO - [2022-07-27 22:58:59,122] {dagbag.py:487} INFO - Filling up the DagBag from /opt/airflow/dags/l01_context_object.py
[2022-07-27 22:58:59,161] {scheduler_job.py:643} INFO - DAG(s) dict_keys(['l01_context_object']) retrieved from /opt/airflow/dags/l01_context_object.py
[2022-07-27 22:58:59,202] {logging_mixin.py:104} INFO - [2022-07-27 22:58:59,202] {dag.py:1832} INFO - Sync 1 DAGs
[2022-07-27 22:58:59,266] {logging_mixin.py:104} INFO - [2022-07-27 22:58:59,266] {dag.py:2305} INFO - Setting next_dagrun for l01_context_object to 2022-07-26 00:00:00+00:00
[2022-07-27 22:58:59,284] {scheduler_job.py:190} INFO - Processing /opt/airflow/dags/l01_context_object.py took 0.177 seconds
[2022-07-27 23:00:11,768] {scheduler_job.py:182} INFO - Started process (PID=605) to work on /opt/airflow/dags/l01_context_object.py
[2022-07-27 23:00:11,772] {scheduler_job.py:633} INFO - Processing file /opt/airflow/dags/l01_context_object.py for tasks to queue
[2022-07-27 23:00:11,774] {logging_mixin.py:104} INFO - [2022-07-27 23:00:11,774] {dagbag.py:487} INFO - Filling up the DagBag from /opt/airflow/dags/l01_context_object.py
[2022-07-27 23:00:11,822] {scheduler_job.py:643} INFO - DAG(s) dict_keys(['l01_context_object']) retrieved from /opt/airflow/dags/l01_context_object.py
[2022-07-27 23:00:11,873] {logging_mixin.py:104} INFO - [2022-07-27 23:00:11,872] {dag.py:1832} INFO - Sync 1 DAGs
[2022-07-27 23:00:11,942] {logging_mixin.py:104} INFO - [2022-07-27 23:00:11,942] {dag.py:2305} INFO - Setting next_dagrun for l01_context_object to 2022-07-26 00:00:00+00:00
[2022-07-27 23:00:11,965] {scheduler_job.py:190} INFO - Processing /opt/airflow/dags/l01_context_object.py took 0.204 seconds
[2022-07-27 23:00:42,493] {scheduler_job.py:182} INFO - Started process (PID=618) to work on /opt/airflow/dags/l01_context_object.py
[2022-07-27 23:00:42,498] {scheduler_job.py:633} INFO - Processing file /opt/airflow/dags/l01_context_object.py for tasks to queue
[2022-07-27 23:00:42,500] {logging_mixin.py:104} INFO - [2022-07-27 23:00:42,500] {dagbag.py:487} INFO - Filling up the DagBag from /opt/airflow/dags/l01_context_object.py
[2022-07-27 23:00:42,544] {scheduler_job.py:643} INFO - DAG(s) dict_keys(['l01_context_object']) retrieved from /opt/airflow/dags/l01_context_object.py
[2022-07-27 23:00:42,591] {logging_mixin.py:104} INFO - [2022-07-27 23:00:42,590] {dag.py:1832} INFO - Sync 1 DAGs
[2022-07-27 23:00:42,660] {logging_mixin.py:104} INFO - [2022-07-27 23:00:42,659] {dag.py:2305} INFO - Setting next_dagrun for l01_context_object to 2022-07-26 00:00:00+00:00
[2022-07-27 23:00:42,678] {scheduler_job.py:190} INFO - Processing /opt/airflow/dags/l01_context_object.py took 0.191 seconds
[2022-07-27 23:01:12,967] {scheduler_job.py:182} INFO - Started process (PID=630) to work on /opt/airflow/dags/l01_context_object.py
[2022-07-27 23:01:12,972] {scheduler_job.py:633} INFO - Processing file /opt/airflow/dags/l01_context_object.py for tasks to queue
[2022-07-27 23:01:12,974] {logging_mixin.py:104} INFO - [2022-07-27 23:01:12,974] {dagbag.py:487} INFO - Filling up the DagBag from /opt/airflow/dags/l01_context_object.py
[2022-07-27 23:01:13,023] {scheduler_job.py:643} INFO - DAG(s) dict_keys(['l01_context_object']) retrieved from /opt/airflow/dags/l01_context_object.py
[2022-07-27 23:01:13,071] {logging_mixin.py:104} INFO - [2022-07-27 23:01:13,071] {dag.py:1832} INFO - Sync 1 DAGs
[2022-07-27 23:01:13,148] {logging_mixin.py:104} INFO - [2022-07-27 23:01:13,147] {dag.py:2305} INFO - Setting next_dagrun for l01_context_object to 2022-07-26 00:00:00+00:00
[2022-07-27 23:01:13,170] {scheduler_job.py:190} INFO - Processing /opt/airflow/dags/l01_context_object.py took 0.209 seconds
[2022-07-27 23:01:43,761] {scheduler_job.py:182} INFO - Started process (PID=641) to work on /opt/airflow/dags/l01_context_object.py
[2022-07-27 23:01:43,764] {scheduler_job.py:633} INFO - Processing file /opt/airflow/dags/l01_context_object.py for tasks to queue
[2022-07-27 23:01:43,766] {logging_mixin.py:104} INFO - [2022-07-27 23:01:43,766] {dagbag.py:487} INFO - Filling up the DagBag from /opt/airflow/dags/l01_context_object.py
[2022-07-27 23:01:43,806] {scheduler_job.py:643} INFO - DAG(s) dict_keys(['l01_context_object']) retrieved from /opt/airflow/dags/l01_context_object.py
[2022-07-27 23:01:43,846] {logging_mixin.py:104} INFO - [2022-07-27 23:01:43,846] {dag.py:1832} INFO - Sync 1 DAGs
[2022-07-27 23:01:43,913] {logging_mixin.py:104} INFO - [2022-07-27 23:01:43,913] {dag.py:2305} INFO - Setting next_dagrun for l01_context_object to 2022-07-26 00:00:00+00:00
[2022-07-27 23:01:43,931] {scheduler_job.py:190} INFO - Processing /opt/airflow/dags/l01_context_object.py took 0.177 seconds
[2022-07-27 23:02:14,559] {scheduler_job.py:182} INFO - Started process (PID=653) to work on /opt/airflow/dags/l01_context_object.py
[2022-07-27 23:02:14,562] {scheduler_job.py:633} INFO - Processing file /opt/airflow/dags/l01_context_object.py for tasks to queue
[2022-07-27 23:02:14,564] {logging_mixin.py:104} INFO - [2022-07-27 23:02:14,564] {dagbag.py:487} INFO - Filling up the DagBag from /opt/airflow/dags/l01_context_object.py
[2022-07-27 23:02:14,607] {scheduler_job.py:643} INFO - DAG(s) dict_keys(['l01_context_object']) retrieved from /opt/airflow/dags/l01_context_object.py
[2022-07-27 23:02:14,649] {logging_mixin.py:104} INFO - [2022-07-27 23:02:14,649] {dag.py:1832} INFO - Sync 1 DAGs
[2022-07-27 23:02:14,717] {logging_mixin.py:104} INFO - [2022-07-27 23:02:14,716] {dag.py:2305} INFO - Setting next_dagrun for l01_context_object to 2022-07-26 00:00:00+00:00
[2022-07-27 23:02:14,736] {scheduler_job.py:190} INFO - Processing /opt/airflow/dags/l01_context_object.py took 0.184 seconds
[2022-07-27 23:02:45,263] {scheduler_job.py:182} INFO - Started process (PID=665) to work on /opt/airflow/dags/l01_context_object.py
[2022-07-27 23:02:45,267] {scheduler_job.py:633} INFO - Processing file /opt/airflow/dags/l01_context_object.py for tasks to queue
[2022-07-27 23:02:45,269] {logging_mixin.py:104} INFO - [2022-07-27 23:02:45,269] {dagbag.py:487} INFO - Filling up the DagBag from /opt/airflow/dags/l01_context_object.py
[2022-07-27 23:02:45,310] {scheduler_job.py:643} INFO - DAG(s) dict_keys(['l01_context_object']) retrieved from /opt/airflow/dags/l01_context_object.py
[2022-07-27 23:02:45,352] {logging_mixin.py:104} INFO - [2022-07-27 23:02:45,351] {dag.py:1832} INFO - Sync 1 DAGs
[2022-07-27 23:02:45,417] {logging_mixin.py:104} INFO - [2022-07-27 23:02:45,417] {dag.py:2305} INFO - Setting next_dagrun for l01_context_object to 2022-07-26 00:00:00+00:00
[2022-07-27 23:02:45,436] {scheduler_job.py:190} INFO - Processing /opt/airflow/dags/l01_context_object.py took 0.179 seconds
[2022-07-27 23:03:16,077] {scheduler_job.py:182} INFO - Started process (PID=677) to work on /opt/airflow/dags/l01_context_object.py
[2022-07-27 23:03:16,080] {scheduler_job.py:633} INFO - Processing file /opt/airflow/dags/l01_context_object.py for tasks to queue
[2022-07-27 23:03:16,083] {logging_mixin.py:104} INFO - [2022-07-27 23:03:16,083] {dagbag.py:487} INFO - Filling up the DagBag from /opt/airflow/dags/l01_context_object.py
[2022-07-27 23:03:16,129] {scheduler_job.py:643} INFO - DAG(s) dict_keys(['l01_context_object']) retrieved from /opt/airflow/dags/l01_context_object.py
[2022-07-27 23:03:16,178] {logging_mixin.py:104} INFO - [2022-07-27 23:03:16,178] {dag.py:1832} INFO - Sync 1 DAGs
[2022-07-27 23:03:16,249] {logging_mixin.py:104} INFO - [2022-07-27 23:03:16,249] {dag.py:2305} INFO - Setting next_dagrun for l01_context_object to 2022-07-26 00:00:00+00:00
[2022-07-27 23:03:16,269] {scheduler_job.py:190} INFO - Processing /opt/airflow/dags/l01_context_object.py took 0.199 seconds
[2022-07-27 23:04:39,932] {scheduler_job.py:182} INFO - Started process (PID=689) to work on /opt/airflow/dags/l01_context_object.py
[2022-07-27 23:04:39,936] {scheduler_job.py:633} INFO - Processing file /opt/airflow/dags/l01_context_object.py for tasks to queue
[2022-07-27 23:04:39,938] {logging_mixin.py:104} INFO - [2022-07-27 23:04:39,938] {dagbag.py:487} INFO - Filling up the DagBag from /opt/airflow/dags/l01_context_object.py
[2022-07-27 23:04:39,979] {scheduler_job.py:643} INFO - DAG(s) dict_keys(['l01_context_object']) retrieved from /opt/airflow/dags/l01_context_object.py
[2022-07-27 23:04:40,020] {logging_mixin.py:104} INFO - [2022-07-27 23:04:40,019] {dag.py:1832} INFO - Sync 1 DAGs
[2022-07-27 23:04:40,086] {logging_mixin.py:104} INFO - [2022-07-27 23:04:40,086] {dag.py:2305} INFO - Setting next_dagrun for l01_context_object to 2022-07-26 00:00:00+00:00
[2022-07-27 23:04:40,105] {scheduler_job.py:190} INFO - Processing /opt/airflow/dags/l01_context_object.py took 0.180 seconds
[2022-07-27 23:08:46,180] {scheduler_job.py:182} INFO - Started process (PID=701) to work on /opt/airflow/dags/l01_context_object.py
[2022-07-27 23:08:46,195] {scheduler_job.py:633} INFO - Processing file /opt/airflow/dags/l01_context_object.py for tasks to queue
[2022-07-27 23:08:46,212] {logging_mixin.py:104} INFO - [2022-07-27 23:08:46,207] {dagbag.py:487} INFO - Filling up the DagBag from /opt/airflow/dags/l01_context_object.py
[2022-07-27 23:08:46,353] {scheduler_job.py:643} INFO - DAG(s) dict_keys(['l01_context_object']) retrieved from /opt/airflow/dags/l01_context_object.py
[2022-07-27 23:08:46,467] {logging_mixin.py:104} INFO - [2022-07-27 23:08:46,467] {dag.py:1832} INFO - Sync 1 DAGs
[2022-07-27 23:08:46,625] {logging_mixin.py:104} INFO - [2022-07-27 23:08:46,625] {dag.py:2305} INFO - Setting next_dagrun for l01_context_object to 2022-07-26 00:00:00+00:00
[2022-07-27 23:08:46,659] {scheduler_job.py:190} INFO - Processing /opt/airflow/dags/l01_context_object.py took 0.497 seconds
[2022-07-27 23:10:01,494] {scheduler_job.py:182} INFO - Started process (PID=714) to work on /opt/airflow/dags/l01_context_object.py
[2022-07-27 23:10:01,506] {scheduler_job.py:633} INFO - Processing file /opt/airflow/dags/l01_context_object.py for tasks to queue
[2022-07-27 23:10:01,510] {logging_mixin.py:104} INFO - [2022-07-27 23:10:01,510] {dagbag.py:487} INFO - Filling up the DagBag from /opt/airflow/dags/l01_context_object.py
[2022-07-27 23:10:01,597] {scheduler_job.py:643} INFO - DAG(s) dict_keys(['l01_context_object']) retrieved from /opt/airflow/dags/l01_context_object.py
[2022-07-27 23:10:01,671] {logging_mixin.py:104} INFO - [2022-07-27 23:10:01,671] {dag.py:1832} INFO - Sync 1 DAGs
[2022-07-27 23:10:01,791] {logging_mixin.py:104} INFO - [2022-07-27 23:10:01,791] {dag.py:2305} INFO - Setting next_dagrun for l01_context_object to 2022-07-26 00:00:00+00:00
[2022-07-27 23:10:01,851] {scheduler_job.py:190} INFO - Processing /opt/airflow/dags/l01_context_object.py took 0.368 seconds
[2022-07-27 23:12:10,223] {scheduler_job.py:182} INFO - Started process (PID=725) to work on /opt/airflow/dags/l01_context_object.py
[2022-07-27 23:12:10,226] {scheduler_job.py:633} INFO - Processing file /opt/airflow/dags/l01_context_object.py for tasks to queue
[2022-07-27 23:12:10,229] {logging_mixin.py:104} INFO - [2022-07-27 23:12:10,228] {dagbag.py:487} INFO - Filling up the DagBag from /opt/airflow/dags/l01_context_object.py
[2022-07-27 23:12:10,305] {scheduler_job.py:643} INFO - DAG(s) dict_keys(['l01_context_object']) retrieved from /opt/airflow/dags/l01_context_object.py
[2022-07-27 23:12:10,413] {logging_mixin.py:104} INFO - [2022-07-27 23:12:10,413] {dag.py:1832} INFO - Sync 1 DAGs
[2022-07-27 23:12:10,556] {logging_mixin.py:104} INFO - [2022-07-27 23:12:10,555] {dag.py:2305} INFO - Setting next_dagrun for l01_context_object to 2022-07-26 00:00:00+00:00
[2022-07-27 23:12:10,597] {scheduler_job.py:190} INFO - Processing /opt/airflow/dags/l01_context_object.py took 0.380 seconds
[2022-07-27 23:14:20,977] {scheduler_job.py:182} INFO - Started process (PID=738) to work on /opt/airflow/dags/l01_context_object.py
[2022-07-27 23:14:20,982] {scheduler_job.py:633} INFO - Processing file /opt/airflow/dags/l01_context_object.py for tasks to queue
[2022-07-27 23:14:20,986] {logging_mixin.py:104} INFO - [2022-07-27 23:14:20,985] {dagbag.py:487} INFO - Filling up the DagBag from /opt/airflow/dags/l01_context_object.py
[2022-07-27 23:14:21,083] {scheduler_job.py:643} INFO - DAG(s) dict_keys(['l01_context_object']) retrieved from /opt/airflow/dags/l01_context_object.py
[2022-07-27 23:14:21,152] {logging_mixin.py:104} INFO - [2022-07-27 23:14:21,151] {dag.py:1832} INFO - Sync 1 DAGs
[2022-07-27 23:14:21,293] {logging_mixin.py:104} INFO - [2022-07-27 23:14:21,292] {dag.py:2305} INFO - Setting next_dagrun for l01_context_object to 2022-07-26 00:00:00+00:00
[2022-07-27 23:14:21,327] {scheduler_job.py:190} INFO - Processing /opt/airflow/dags/l01_context_object.py took 0.368 seconds
[2022-07-27 23:14:51,504] {scheduler_job.py:182} INFO - Started process (PID=748) to work on /opt/airflow/dags/l01_context_object.py
[2022-07-27 23:14:51,509] {scheduler_job.py:633} INFO - Processing file /opt/airflow/dags/l01_context_object.py for tasks to queue
[2022-07-27 23:14:51,517] {logging_mixin.py:104} INFO - [2022-07-27 23:14:51,515] {dagbag.py:487} INFO - Filling up the DagBag from /opt/airflow/dags/l01_context_object.py
[2022-07-27 23:14:51,579] {scheduler_job.py:643} INFO - DAG(s) dict_keys(['l01_context_object']) retrieved from /opt/airflow/dags/l01_context_object.py
[2022-07-27 23:14:51,661] {logging_mixin.py:104} INFO - [2022-07-27 23:14:51,660] {dag.py:1832} INFO - Sync 1 DAGs
[2022-07-27 23:14:51,782] {logging_mixin.py:104} INFO - [2022-07-27 23:14:51,782] {dag.py:2305} INFO - Setting next_dagrun for l01_context_object to 2022-07-26 00:00:00+00:00
[2022-07-27 23:14:51,802] {scheduler_job.py:190} INFO - Processing /opt/airflow/dags/l01_context_object.py took 0.304 seconds
[2022-07-27 23:15:22,360] {scheduler_job.py:182} INFO - Started process (PID=761) to work on /opt/airflow/dags/l01_context_object.py
[2022-07-27 23:15:22,364] {scheduler_job.py:633} INFO - Processing file /opt/airflow/dags/l01_context_object.py for tasks to queue
[2022-07-27 23:15:22,367] {logging_mixin.py:104} INFO - [2022-07-27 23:15:22,366] {dagbag.py:487} INFO - Filling up the DagBag from /opt/airflow/dags/l01_context_object.py
[2022-07-27 23:15:22,416] {scheduler_job.py:643} INFO - DAG(s) dict_keys(['l01_context_object']) retrieved from /opt/airflow/dags/l01_context_object.py
[2022-07-27 23:15:22,462] {logging_mixin.py:104} INFO - [2022-07-27 23:15:22,462] {dag.py:1832} INFO - Sync 1 DAGs
[2022-07-27 23:15:22,531] {logging_mixin.py:104} INFO - [2022-07-27 23:15:22,531] {dag.py:2305} INFO - Setting next_dagrun for l01_context_object to 2022-07-26 00:00:00+00:00
[2022-07-27 23:15:22,551] {scheduler_job.py:190} INFO - Processing /opt/airflow/dags/l01_context_object.py took 0.198 seconds
[2022-07-27 23:15:53,056] {scheduler_job.py:182} INFO - Started process (PID=773) to work on /opt/airflow/dags/l01_context_object.py
[2022-07-27 23:15:53,061] {scheduler_job.py:633} INFO - Processing file /opt/airflow/dags/l01_context_object.py for tasks to queue
[2022-07-27 23:15:53,063] {logging_mixin.py:104} INFO - [2022-07-27 23:15:53,063] {dagbag.py:487} INFO - Filling up the DagBag from /opt/airflow/dags/l01_context_object.py
[2022-07-27 23:15:53,106] {scheduler_job.py:643} INFO - DAG(s) dict_keys(['l01_context_object']) retrieved from /opt/airflow/dags/l01_context_object.py
[2022-07-27 23:15:53,148] {logging_mixin.py:104} INFO - [2022-07-27 23:15:53,148] {dag.py:1832} INFO - Sync 1 DAGs
[2022-07-27 23:15:53,213] {logging_mixin.py:104} INFO - [2022-07-27 23:15:53,212] {dag.py:2305} INFO - Setting next_dagrun for l01_context_object to 2022-07-26 00:00:00+00:00
[2022-07-27 23:15:53,230] {scheduler_job.py:190} INFO - Processing /opt/airflow/dags/l01_context_object.py took 0.181 seconds
[2022-07-27 23:16:23,730] {scheduler_job.py:182} INFO - Started process (PID=786) to work on /opt/airflow/dags/l01_context_object.py
[2022-07-27 23:16:23,736] {scheduler_job.py:633} INFO - Processing file /opt/airflow/dags/l01_context_object.py for tasks to queue
[2022-07-27 23:16:23,740] {logging_mixin.py:104} INFO - [2022-07-27 23:16:23,740] {dagbag.py:487} INFO - Filling up the DagBag from /opt/airflow/dags/l01_context_object.py
[2022-07-27 23:16:23,782] {scheduler_job.py:643} INFO - DAG(s) dict_keys(['l01_context_object']) retrieved from /opt/airflow/dags/l01_context_object.py
[2022-07-27 23:16:23,825] {logging_mixin.py:104} INFO - [2022-07-27 23:16:23,825] {dag.py:1832} INFO - Sync 1 DAGs
[2022-07-27 23:16:23,893] {logging_mixin.py:104} INFO - [2022-07-27 23:16:23,893] {dag.py:2305} INFO - Setting next_dagrun for l01_context_object to 2022-07-26 00:00:00+00:00
[2022-07-27 23:16:23,912] {scheduler_job.py:190} INFO - Processing /opt/airflow/dags/l01_context_object.py took 0.189 seconds
[2022-07-27 23:16:54,370] {scheduler_job.py:182} INFO - Started process (PID=797) to work on /opt/airflow/dags/l01_context_object.py
[2022-07-27 23:16:54,374] {scheduler_job.py:633} INFO - Processing file /opt/airflow/dags/l01_context_object.py for tasks to queue
[2022-07-27 23:16:54,378] {logging_mixin.py:104} INFO - [2022-07-27 23:16:54,378] {dagbag.py:487} INFO - Filling up the DagBag from /opt/airflow/dags/l01_context_object.py
[2022-07-27 23:16:54,421] {scheduler_job.py:643} INFO - DAG(s) dict_keys(['l01_context_object']) retrieved from /opt/airflow/dags/l01_context_object.py
[2022-07-27 23:16:54,463] {logging_mixin.py:104} INFO - [2022-07-27 23:16:54,463] {dag.py:1832} INFO - Sync 1 DAGs
[2022-07-27 23:16:54,532] {logging_mixin.py:104} INFO - [2022-07-27 23:16:54,531] {dag.py:2305} INFO - Setting next_dagrun for l01_context_object to 2022-07-26 00:00:00+00:00
[2022-07-27 23:16:54,550] {scheduler_job.py:190} INFO - Processing /opt/airflow/dags/l01_context_object.py took 0.186 seconds
[2022-07-27 23:17:24,948] {scheduler_job.py:182} INFO - Started process (PID=807) to work on /opt/airflow/dags/l01_context_object.py
[2022-07-27 23:17:24,951] {scheduler_job.py:633} INFO - Processing file /opt/airflow/dags/l01_context_object.py for tasks to queue
[2022-07-27 23:17:24,954] {logging_mixin.py:104} INFO - [2022-07-27 23:17:24,954] {dagbag.py:487} INFO - Filling up the DagBag from /opt/airflow/dags/l01_context_object.py
[2022-07-27 23:17:24,993] {scheduler_job.py:643} INFO - DAG(s) dict_keys(['l01_context_object']) retrieved from /opt/airflow/dags/l01_context_object.py
[2022-07-27 23:17:25,032] {logging_mixin.py:104} INFO - [2022-07-27 23:17:25,032] {dag.py:1832} INFO - Sync 1 DAGs
[2022-07-27 23:17:25,091] {logging_mixin.py:104} INFO - [2022-07-27 23:17:25,091] {dag.py:2305} INFO - Setting next_dagrun for l01_context_object to 2022-07-26 00:00:00+00:00
[2022-07-27 23:17:25,107] {scheduler_job.py:190} INFO - Processing /opt/airflow/dags/l01_context_object.py took 0.166 seconds
[2022-07-27 23:17:55,732] {scheduler_job.py:182} INFO - Started process (PID=819) to work on /opt/airflow/dags/l01_context_object.py
[2022-07-27 23:17:55,737] {scheduler_job.py:633} INFO - Processing file /opt/airflow/dags/l01_context_object.py for tasks to queue
[2022-07-27 23:17:55,739] {logging_mixin.py:104} INFO - [2022-07-27 23:17:55,739] {dagbag.py:487} INFO - Filling up the DagBag from /opt/airflow/dags/l01_context_object.py
[2022-07-27 23:17:55,777] {scheduler_job.py:643} INFO - DAG(s) dict_keys(['l01_context_object']) retrieved from /opt/airflow/dags/l01_context_object.py
[2022-07-27 23:17:55,816] {logging_mixin.py:104} INFO - [2022-07-27 23:17:55,815] {dag.py:1832} INFO - Sync 1 DAGs
[2022-07-27 23:17:55,876] {logging_mixin.py:104} INFO - [2022-07-27 23:17:55,875] {dag.py:2305} INFO - Setting next_dagrun for l01_context_object to 2022-07-26 00:00:00+00:00
[2022-07-27 23:17:55,891] {scheduler_job.py:190} INFO - Processing /opt/airflow/dags/l01_context_object.py took 0.166 seconds
