[2022-07-27 22:37:21,364] {scheduler_job.py:182} INFO - Started process (PID=260) to work on /opt/airflow/dags/l02_bash_operator.py
[2022-07-27 22:37:21,368] {scheduler_job.py:633} INFO - Processing file /opt/airflow/dags/l02_bash_operator.py for tasks to queue
[2022-07-27 22:37:21,370] {logging_mixin.py:104} INFO - [2022-07-27 22:37:21,369] {dagbag.py:487} INFO - Filling up the DagBag from /opt/airflow/dags/l02_bash_operator.py
[2022-07-27 22:37:21,409] {logging_mixin.py:104} INFO - [2022-07-27 22:37:21,404] {dagbag.py:320} ERROR - Failed to import: /opt/airflow/dags/l02_bash_operator.py
Traceback (most recent call last):
  File "/home/airflow/.local/lib/python3.6/site-packages/airflow/models/dagbag.py", line 317, in _load_modules_from_file
    loader.exec_module(new_module)
  File "<frozen importlib._bootstrap_external>", line 678, in exec_module
  File "<frozen importlib._bootstrap>", line 219, in _call_with_frames_removed
  File "/opt/airflow/dags/l02_bash_operator.py", line 16, in <module>
    bash_command=_my_function
NameError: name '_my_function' is not defined
[2022-07-27 22:37:21,412] {scheduler_job.py:645} WARNING - No viable dags retrieved from /opt/airflow/dags/l02_bash_operator.py
[2022-07-27 22:37:21,436] {scheduler_job.py:190} INFO - Processing /opt/airflow/dags/l02_bash_operator.py took 0.077 seconds
[2022-07-27 22:37:51,900] {scheduler_job.py:182} INFO - Started process (PID=272) to work on /opt/airflow/dags/l02_bash_operator.py
[2022-07-27 22:37:51,905] {scheduler_job.py:633} INFO - Processing file /opt/airflow/dags/l02_bash_operator.py for tasks to queue
[2022-07-27 22:37:51,908] {logging_mixin.py:104} INFO - [2022-07-27 22:37:51,908] {dagbag.py:487} INFO - Filling up the DagBag from /opt/airflow/dags/l02_bash_operator.py
[2022-07-27 22:37:51,969] {scheduler_job.py:643} INFO - DAG(s) dict_keys(['l02_bash_operator']) retrieved from /opt/airflow/dags/l02_bash_operator.py
[2022-07-27 22:38:00,433] {logging_mixin.py:104} INFO - [2022-07-27 22:38:00,429] {dag.py:1832} INFO - Sync 1 DAGs
[2022-07-27 22:38:00,471] {logging_mixin.py:104} INFO - [2022-07-27 22:38:00,466] {dag.py:1851} INFO - Creating ORM DAG for l02_bash_operator
[2022-07-27 22:38:00,496] {logging_mixin.py:104} INFO - [2022-07-27 22:38:00,496] {dag.py:2305} INFO - Setting next_dagrun for l02_bash_operator to 2020-01-01T00:00:00+00:00
[2022-07-27 22:38:00,529] {scheduler_job.py:190} INFO - Processing /opt/airflow/dags/l02_bash_operator.py took 8.638 seconds
[2022-07-27 22:38:30,691] {scheduler_job.py:182} INFO - Started process (PID=291) to work on /opt/airflow/dags/l02_bash_operator.py
[2022-07-27 22:38:30,696] {scheduler_job.py:633} INFO - Processing file /opt/airflow/dags/l02_bash_operator.py for tasks to queue
[2022-07-27 22:38:30,699] {logging_mixin.py:104} INFO - [2022-07-27 22:38:30,698] {dagbag.py:487} INFO - Filling up the DagBag from /opt/airflow/dags/l02_bash_operator.py
[2022-07-27 22:38:30,748] {scheduler_job.py:643} INFO - DAG(s) dict_keys(['l02_bash_operator']) retrieved from /opt/airflow/dags/l02_bash_operator.py
[2022-07-27 22:38:30,788] {logging_mixin.py:104} INFO - [2022-07-27 22:38:30,787] {dag.py:1832} INFO - Sync 1 DAGs
[2022-07-27 22:38:30,839] {logging_mixin.py:104} INFO - [2022-07-27 22:38:30,838] {dag.py:2305} INFO - Setting next_dagrun for l02_bash_operator to 2020-01-01T00:00:00+00:00
[2022-07-27 22:38:30,855] {scheduler_job.py:190} INFO - Processing /opt/airflow/dags/l02_bash_operator.py took 0.171 seconds
[2022-07-27 22:39:01,415] {scheduler_job.py:182} INFO - Started process (PID=303) to work on /opt/airflow/dags/l02_bash_operator.py
[2022-07-27 22:39:01,421] {scheduler_job.py:633} INFO - Processing file /opt/airflow/dags/l02_bash_operator.py for tasks to queue
[2022-07-27 22:39:01,424] {logging_mixin.py:104} INFO - [2022-07-27 22:39:01,424] {dagbag.py:487} INFO - Filling up the DagBag from /opt/airflow/dags/l02_bash_operator.py
[2022-07-27 22:39:01,478] {scheduler_job.py:643} INFO - DAG(s) dict_keys(['l02_bash_operator']) retrieved from /opt/airflow/dags/l02_bash_operator.py
[2022-07-27 22:39:01,521] {logging_mixin.py:104} INFO - [2022-07-27 22:39:01,521] {dag.py:1832} INFO - Sync 1 DAGs
[2022-07-27 22:39:01,572] {logging_mixin.py:104} INFO - [2022-07-27 22:39:01,572] {dag.py:2305} INFO - Setting next_dagrun for l02_bash_operator to 2020-01-01T00:00:00+00:00
[2022-07-27 22:39:01,589] {scheduler_job.py:190} INFO - Processing /opt/airflow/dags/l02_bash_operator.py took 0.184 seconds
[2022-07-27 22:39:32,184] {scheduler_job.py:182} INFO - Started process (PID=315) to work on /opt/airflow/dags/l02_bash_operator.py
[2022-07-27 22:39:32,189] {scheduler_job.py:633} INFO - Processing file /opt/airflow/dags/l02_bash_operator.py for tasks to queue
[2022-07-27 22:39:32,192] {logging_mixin.py:104} INFO - [2022-07-27 22:39:32,192] {dagbag.py:487} INFO - Filling up the DagBag from /opt/airflow/dags/l02_bash_operator.py
[2022-07-27 22:39:32,242] {scheduler_job.py:643} INFO - DAG(s) dict_keys(['l02_bash_operator']) retrieved from /opt/airflow/dags/l02_bash_operator.py
[2022-07-27 22:39:32,998] {logging_mixin.py:104} INFO - [2022-07-27 22:39:32,997] {dag.py:1832} INFO - Sync 1 DAGs
[2022-07-27 22:39:33,046] {logging_mixin.py:104} INFO - [2022-07-27 22:39:33,045] {dag.py:2305} INFO - Setting next_dagrun for l02_bash_operator to 2020-01-01T00:00:00+00:00
[2022-07-27 22:39:33,067] {scheduler_job.py:190} INFO - Processing /opt/airflow/dags/l02_bash_operator.py took 0.893 seconds
[2022-07-27 22:40:03,909] {scheduler_job.py:182} INFO - Started process (PID=327) to work on /opt/airflow/dags/l02_bash_operator.py
[2022-07-27 22:40:03,915] {scheduler_job.py:633} INFO - Processing file /opt/airflow/dags/l02_bash_operator.py for tasks to queue
[2022-07-27 22:40:03,917] {logging_mixin.py:104} INFO - [2022-07-27 22:40:03,917] {dagbag.py:487} INFO - Filling up the DagBag from /opt/airflow/dags/l02_bash_operator.py
[2022-07-27 22:40:03,964] {scheduler_job.py:643} INFO - DAG(s) dict_keys(['l02_bash_operator']) retrieved from /opt/airflow/dags/l02_bash_operator.py
[2022-07-27 22:40:04,004] {logging_mixin.py:104} INFO - [2022-07-27 22:40:04,004] {dag.py:1832} INFO - Sync 1 DAGs
[2022-07-27 22:40:04,053] {logging_mixin.py:104} INFO - [2022-07-27 22:40:04,053] {dag.py:2305} INFO - Setting next_dagrun for l02_bash_operator to 2020-01-01T00:00:00+00:00
[2022-07-27 22:40:04,071] {scheduler_job.py:190} INFO - Processing /opt/airflow/dags/l02_bash_operator.py took 0.171 seconds
[2022-07-27 22:40:34,545] {scheduler_job.py:182} INFO - Started process (PID=339) to work on /opt/airflow/dags/l02_bash_operator.py
[2022-07-27 22:40:34,550] {scheduler_job.py:633} INFO - Processing file /opt/airflow/dags/l02_bash_operator.py for tasks to queue
[2022-07-27 22:40:34,553] {logging_mixin.py:104} INFO - [2022-07-27 22:40:34,553] {dagbag.py:487} INFO - Filling up the DagBag from /opt/airflow/dags/l02_bash_operator.py
[2022-07-27 22:40:34,605] {scheduler_job.py:643} INFO - DAG(s) dict_keys(['l02_bash_operator']) retrieved from /opt/airflow/dags/l02_bash_operator.py
[2022-07-27 22:40:35,382] {logging_mixin.py:104} INFO - [2022-07-27 22:40:35,381] {dag.py:1832} INFO - Sync 1 DAGs
[2022-07-27 22:40:35,439] {logging_mixin.py:104} INFO - [2022-07-27 22:40:35,438] {dag.py:2305} INFO - Setting next_dagrun for l02_bash_operator to 2020-01-01T00:00:00+00:00
[2022-07-27 22:40:35,472] {scheduler_job.py:190} INFO - Processing /opt/airflow/dags/l02_bash_operator.py took 0.936 seconds
[2022-07-27 22:41:06,027] {scheduler_job.py:182} INFO - Started process (PID=351) to work on /opt/airflow/dags/l02_bash_operator.py
[2022-07-27 22:41:06,030] {scheduler_job.py:633} INFO - Processing file /opt/airflow/dags/l02_bash_operator.py for tasks to queue
[2022-07-27 22:41:06,033] {logging_mixin.py:104} INFO - [2022-07-27 22:41:06,033] {dagbag.py:487} INFO - Filling up the DagBag from /opt/airflow/dags/l02_bash_operator.py
[2022-07-27 22:41:06,078] {scheduler_job.py:643} INFO - DAG(s) dict_keys(['l02_bash_operator']) retrieved from /opt/airflow/dags/l02_bash_operator.py
[2022-07-27 22:41:06,118] {logging_mixin.py:104} INFO - [2022-07-27 22:41:06,118] {dag.py:1832} INFO - Sync 1 DAGs
[2022-07-27 22:41:06,168] {logging_mixin.py:104} INFO - [2022-07-27 22:41:06,167] {dag.py:2305} INFO - Setting next_dagrun for l02_bash_operator to 2020-01-01T00:00:00+00:00
[2022-07-27 22:41:06,184] {scheduler_job.py:190} INFO - Processing /opt/airflow/dags/l02_bash_operator.py took 0.163 seconds
[2022-07-27 22:41:36,582] {scheduler_job.py:182} INFO - Started process (PID=363) to work on /opt/airflow/dags/l02_bash_operator.py
[2022-07-27 22:41:36,589] {scheduler_job.py:633} INFO - Processing file /opt/airflow/dags/l02_bash_operator.py for tasks to queue
[2022-07-27 22:41:36,591] {logging_mixin.py:104} INFO - [2022-07-27 22:41:36,591] {dagbag.py:487} INFO - Filling up the DagBag from /opt/airflow/dags/l02_bash_operator.py
[2022-07-27 22:41:36,640] {scheduler_job.py:643} INFO - DAG(s) dict_keys(['l02_bash_operator']) retrieved from /opt/airflow/dags/l02_bash_operator.py
[2022-07-27 22:41:36,678] {logging_mixin.py:104} INFO - [2022-07-27 22:41:36,678] {dag.py:1832} INFO - Sync 1 DAGs
[2022-07-27 22:41:36,727] {logging_mixin.py:104} INFO - [2022-07-27 22:41:36,727] {dag.py:2305} INFO - Setting next_dagrun for l02_bash_operator to 2020-01-01T00:00:00+00:00
[2022-07-27 22:41:36,749] {scheduler_job.py:190} INFO - Processing /opt/airflow/dags/l02_bash_operator.py took 0.177 seconds
[2022-07-27 22:42:07,274] {scheduler_job.py:182} INFO - Started process (PID=375) to work on /opt/airflow/dags/l02_bash_operator.py
[2022-07-27 22:42:07,279] {scheduler_job.py:633} INFO - Processing file /opt/airflow/dags/l02_bash_operator.py for tasks to queue
[2022-07-27 22:42:07,282] {logging_mixin.py:104} INFO - [2022-07-27 22:42:07,281] {dagbag.py:487} INFO - Filling up the DagBag from /opt/airflow/dags/l02_bash_operator.py
[2022-07-27 22:42:07,330] {scheduler_job.py:643} INFO - DAG(s) dict_keys(['l02_bash_operator']) retrieved from /opt/airflow/dags/l02_bash_operator.py
[2022-07-27 22:42:07,371] {logging_mixin.py:104} INFO - [2022-07-27 22:42:07,370] {dag.py:1832} INFO - Sync 1 DAGs
[2022-07-27 22:42:07,421] {logging_mixin.py:104} INFO - [2022-07-27 22:42:07,421] {dag.py:2305} INFO - Setting next_dagrun for l02_bash_operator to 2020-01-01T00:00:00+00:00
[2022-07-27 22:42:07,438] {scheduler_job.py:190} INFO - Processing /opt/airflow/dags/l02_bash_operator.py took 0.175 seconds
[2022-07-27 22:42:38,096] {scheduler_job.py:182} INFO - Started process (PID=387) to work on /opt/airflow/dags/l02_bash_operator.py
[2022-07-27 22:42:38,101] {scheduler_job.py:633} INFO - Processing file /opt/airflow/dags/l02_bash_operator.py for tasks to queue
[2022-07-27 22:42:38,104] {logging_mixin.py:104} INFO - [2022-07-27 22:42:38,104] {dagbag.py:487} INFO - Filling up the DagBag from /opt/airflow/dags/l02_bash_operator.py
[2022-07-27 22:42:38,153] {scheduler_job.py:643} INFO - DAG(s) dict_keys(['l02_bash_operator']) retrieved from /opt/airflow/dags/l02_bash_operator.py
[2022-07-27 22:42:38,195] {logging_mixin.py:104} INFO - [2022-07-27 22:42:38,194] {dag.py:1832} INFO - Sync 1 DAGs
[2022-07-27 22:42:38,246] {logging_mixin.py:104} INFO - [2022-07-27 22:42:38,245] {dag.py:2305} INFO - Setting next_dagrun for l02_bash_operator to 2020-01-01T00:00:00+00:00
[2022-07-27 22:42:38,262] {scheduler_job.py:190} INFO - Processing /opt/airflow/dags/l02_bash_operator.py took 0.176 seconds
[2022-07-27 22:43:08,746] {scheduler_job.py:182} INFO - Started process (PID=399) to work on /opt/airflow/dags/l02_bash_operator.py
[2022-07-27 22:43:08,751] {scheduler_job.py:633} INFO - Processing file /opt/airflow/dags/l02_bash_operator.py for tasks to queue
[2022-07-27 22:43:08,754] {logging_mixin.py:104} INFO - [2022-07-27 22:43:08,753] {dagbag.py:487} INFO - Filling up the DagBag from /opt/airflow/dags/l02_bash_operator.py
[2022-07-27 22:43:08,801] {scheduler_job.py:643} INFO - DAG(s) dict_keys(['l02_bash_operator']) retrieved from /opt/airflow/dags/l02_bash_operator.py
[2022-07-27 22:43:08,841] {logging_mixin.py:104} INFO - [2022-07-27 22:43:08,841] {dag.py:1832} INFO - Sync 1 DAGs
[2022-07-27 22:43:08,890] {logging_mixin.py:104} INFO - [2022-07-27 22:43:08,890] {dag.py:2305} INFO - Setting next_dagrun for l02_bash_operator to 2020-01-01T00:00:00+00:00
[2022-07-27 22:43:08,909] {scheduler_job.py:190} INFO - Processing /opt/airflow/dags/l02_bash_operator.py took 0.173 seconds
[2022-07-27 22:43:39,478] {scheduler_job.py:182} INFO - Started process (PID=411) to work on /opt/airflow/dags/l02_bash_operator.py
[2022-07-27 22:43:39,483] {scheduler_job.py:633} INFO - Processing file /opt/airflow/dags/l02_bash_operator.py for tasks to queue
[2022-07-27 22:43:39,487] {logging_mixin.py:104} INFO - [2022-07-27 22:43:39,486] {dagbag.py:487} INFO - Filling up the DagBag from /opt/airflow/dags/l02_bash_operator.py
[2022-07-27 22:43:39,540] {scheduler_job.py:643} INFO - DAG(s) dict_keys(['l02_bash_operator']) retrieved from /opt/airflow/dags/l02_bash_operator.py
[2022-07-27 22:43:39,579] {logging_mixin.py:104} INFO - [2022-07-27 22:43:39,579] {dag.py:1832} INFO - Sync 1 DAGs
[2022-07-27 22:43:39,628] {logging_mixin.py:104} INFO - [2022-07-27 22:43:39,628] {dag.py:2305} INFO - Setting next_dagrun for l02_bash_operator to 2020-01-01T00:00:00+00:00
[2022-07-27 22:43:39,644] {scheduler_job.py:190} INFO - Processing /opt/airflow/dags/l02_bash_operator.py took 0.179 seconds
[2022-07-27 22:44:10,270] {scheduler_job.py:182} INFO - Started process (PID=423) to work on /opt/airflow/dags/l02_bash_operator.py
[2022-07-27 22:44:10,274] {scheduler_job.py:633} INFO - Processing file /opt/airflow/dags/l02_bash_operator.py for tasks to queue
[2022-07-27 22:44:10,278] {logging_mixin.py:104} INFO - [2022-07-27 22:44:10,277] {dagbag.py:487} INFO - Filling up the DagBag from /opt/airflow/dags/l02_bash_operator.py
[2022-07-27 22:44:10,326] {scheduler_job.py:643} INFO - DAG(s) dict_keys(['l02_bash_operator']) retrieved from /opt/airflow/dags/l02_bash_operator.py
[2022-07-27 22:44:10,365] {logging_mixin.py:104} INFO - [2022-07-27 22:44:10,365] {dag.py:1832} INFO - Sync 1 DAGs
[2022-07-27 22:44:10,414] {logging_mixin.py:104} INFO - [2022-07-27 22:44:10,414] {dag.py:2305} INFO - Setting next_dagrun for l02_bash_operator to 2020-01-01T00:00:00+00:00
[2022-07-27 22:44:10,430] {scheduler_job.py:190} INFO - Processing /opt/airflow/dags/l02_bash_operator.py took 0.170 seconds
[2022-07-27 22:44:41,064] {scheduler_job.py:182} INFO - Started process (PID=435) to work on /opt/airflow/dags/l02_bash_operator.py
[2022-07-27 22:44:41,069] {scheduler_job.py:633} INFO - Processing file /opt/airflow/dags/l02_bash_operator.py for tasks to queue
[2022-07-27 22:44:41,072] {logging_mixin.py:104} INFO - [2022-07-27 22:44:41,072] {dagbag.py:487} INFO - Filling up the DagBag from /opt/airflow/dags/l02_bash_operator.py
[2022-07-27 22:44:41,120] {scheduler_job.py:643} INFO - DAG(s) dict_keys(['l02_bash_operator']) retrieved from /opt/airflow/dags/l02_bash_operator.py
[2022-07-27 22:44:41,159] {logging_mixin.py:104} INFO - [2022-07-27 22:44:41,158] {dag.py:1832} INFO - Sync 1 DAGs
[2022-07-27 22:44:41,212] {logging_mixin.py:104} INFO - [2022-07-27 22:44:41,211] {dag.py:2305} INFO - Setting next_dagrun for l02_bash_operator to 2020-01-01T00:00:00+00:00
[2022-07-27 22:44:41,228] {scheduler_job.py:190} INFO - Processing /opt/airflow/dags/l02_bash_operator.py took 0.174 seconds
[2022-07-27 22:45:11,886] {scheduler_job.py:182} INFO - Started process (PID=447) to work on /opt/airflow/dags/l02_bash_operator.py
[2022-07-27 22:45:11,890] {scheduler_job.py:633} INFO - Processing file /opt/airflow/dags/l02_bash_operator.py for tasks to queue
[2022-07-27 22:45:11,893] {logging_mixin.py:104} INFO - [2022-07-27 22:45:11,893] {dagbag.py:487} INFO - Filling up the DagBag from /opt/airflow/dags/l02_bash_operator.py
[2022-07-27 22:45:11,940] {scheduler_job.py:643} INFO - DAG(s) dict_keys(['l02_bash_operator']) retrieved from /opt/airflow/dags/l02_bash_operator.py
[2022-07-27 22:45:11,979] {logging_mixin.py:104} INFO - [2022-07-27 22:45:11,979] {dag.py:1832} INFO - Sync 1 DAGs
[2022-07-27 22:45:12,031] {logging_mixin.py:104} INFO - [2022-07-27 22:45:12,031] {dag.py:2305} INFO - Setting next_dagrun for l02_bash_operator to 2020-01-01T00:00:00+00:00
[2022-07-27 22:45:12,049] {scheduler_job.py:190} INFO - Processing /opt/airflow/dags/l02_bash_operator.py took 0.172 seconds
[2022-07-27 22:47:16,269] {scheduler_job.py:182} INFO - Started process (PID=459) to work on /opt/airflow/dags/l02_bash_operator.py
[2022-07-27 22:47:16,272] {scheduler_job.py:633} INFO - Processing file /opt/airflow/dags/l02_bash_operator.py for tasks to queue
[2022-07-27 22:47:16,275] {logging_mixin.py:104} INFO - [2022-07-27 22:47:16,275] {dagbag.py:487} INFO - Filling up the DagBag from /opt/airflow/dags/l02_bash_operator.py
[2022-07-27 22:47:16,326] {scheduler_job.py:643} INFO - DAG(s) dict_keys(['l02_bash_operator']) retrieved from /opt/airflow/dags/l02_bash_operator.py
[2022-07-27 22:47:16,369] {logging_mixin.py:104} INFO - [2022-07-27 22:47:16,369] {dag.py:1832} INFO - Sync 1 DAGs
[2022-07-27 22:47:16,424] {logging_mixin.py:104} INFO - [2022-07-27 22:47:16,423] {dag.py:2305} INFO - Setting next_dagrun for l02_bash_operator to 2020-01-01T00:00:00+00:00
[2022-07-27 22:47:16,441] {scheduler_job.py:190} INFO - Processing /opt/airflow/dags/l02_bash_operator.py took 0.180 seconds
[2022-07-27 22:48:20,381] {scheduler_job.py:182} INFO - Started process (PID=471) to work on /opt/airflow/dags/l02_bash_operator.py
[2022-07-27 22:48:20,386] {scheduler_job.py:633} INFO - Processing file /opt/airflow/dags/l02_bash_operator.py for tasks to queue
[2022-07-27 22:48:20,392] {logging_mixin.py:104} INFO - [2022-07-27 22:48:20,391] {dagbag.py:487} INFO - Filling up the DagBag from /opt/airflow/dags/l02_bash_operator.py
[2022-07-27 22:48:20,499] {scheduler_job.py:643} INFO - DAG(s) dict_keys(['l02_bash_operator']) retrieved from /opt/airflow/dags/l02_bash_operator.py
[2022-07-27 22:48:20,585] {logging_mixin.py:104} INFO - [2022-07-27 22:48:20,584] {dag.py:1832} INFO - Sync 1 DAGs
[2022-07-27 22:48:20,684] {logging_mixin.py:104} INFO - [2022-07-27 22:48:20,683] {dag.py:2305} INFO - Setting next_dagrun for l02_bash_operator to 2020-01-01T00:00:00+00:00
[2022-07-27 22:48:20,716] {scheduler_job.py:190} INFO - Processing /opt/airflow/dags/l02_bash_operator.py took 0.347 seconds
[2022-07-27 22:50:34,608] {scheduler_job.py:182} INFO - Started process (PID=483) to work on /opt/airflow/dags/l02_bash_operator.py
[2022-07-27 22:50:34,616] {scheduler_job.py:633} INFO - Processing file /opt/airflow/dags/l02_bash_operator.py for tasks to queue
[2022-07-27 22:50:34,620] {logging_mixin.py:104} INFO - [2022-07-27 22:50:34,619] {dagbag.py:487} INFO - Filling up the DagBag from /opt/airflow/dags/l02_bash_operator.py
[2022-07-27 22:50:34,709] {scheduler_job.py:643} INFO - DAG(s) dict_keys(['l02_bash_operator']) retrieved from /opt/airflow/dags/l02_bash_operator.py
[2022-07-27 22:50:34,784] {logging_mixin.py:104} INFO - [2022-07-27 22:50:34,784] {dag.py:1832} INFO - Sync 1 DAGs
[2022-07-27 22:50:34,893] {logging_mixin.py:104} INFO - [2022-07-27 22:50:34,892] {dag.py:2305} INFO - Setting next_dagrun for l02_bash_operator to 2020-01-01T00:00:00+00:00
[2022-07-27 22:50:34,933] {scheduler_job.py:190} INFO - Processing /opt/airflow/dags/l02_bash_operator.py took 0.341 seconds
[2022-07-27 22:54:53,787] {scheduler_job.py:182} INFO - Started process (PID=495) to work on /opt/airflow/dags/l02_bash_operator.py
[2022-07-27 22:54:53,793] {scheduler_job.py:633} INFO - Processing file /opt/airflow/dags/l02_bash_operator.py for tasks to queue
[2022-07-27 22:54:53,800] {logging_mixin.py:104} INFO - [2022-07-27 22:54:53,800] {dagbag.py:487} INFO - Filling up the DagBag from /opt/airflow/dags/l02_bash_operator.py
[2022-07-27 22:54:53,888] {scheduler_job.py:643} INFO - DAG(s) dict_keys(['l02_bash_operator']) retrieved from /opt/airflow/dags/l02_bash_operator.py
[2022-07-27 22:54:53,972] {logging_mixin.py:104} INFO - [2022-07-27 22:54:53,972] {dag.py:1832} INFO - Sync 1 DAGs
[2022-07-27 22:54:54,063] {logging_mixin.py:104} INFO - [2022-07-27 22:54:54,063] {dag.py:2305} INFO - Setting next_dagrun for l02_bash_operator to 2020-01-01T00:00:00+00:00
[2022-07-27 22:54:54,146] {scheduler_job.py:190} INFO - Processing /opt/airflow/dags/l02_bash_operator.py took 0.379 seconds
[2022-07-27 22:55:24,437] {scheduler_job.py:182} INFO - Started process (PID=507) to work on /opt/airflow/dags/l02_bash_operator.py
[2022-07-27 22:55:24,445] {scheduler_job.py:633} INFO - Processing file /opt/airflow/dags/l02_bash_operator.py for tasks to queue
[2022-07-27 22:55:24,448] {logging_mixin.py:104} INFO - [2022-07-27 22:55:24,447] {dagbag.py:487} INFO - Filling up the DagBag from /opt/airflow/dags/l02_bash_operator.py
[2022-07-27 22:55:24,546] {scheduler_job.py:643} INFO - DAG(s) dict_keys(['l02_bash_operator']) retrieved from /opt/airflow/dags/l02_bash_operator.py
[2022-07-27 22:55:24,621] {logging_mixin.py:104} INFO - [2022-07-27 22:55:24,621] {dag.py:1832} INFO - Sync 1 DAGs
[2022-07-27 22:55:24,710] {logging_mixin.py:104} INFO - [2022-07-27 22:55:24,709] {dag.py:2305} INFO - Setting next_dagrun for l02_bash_operator to 2020-01-01T00:00:00+00:00
[2022-07-27 22:55:24,747] {scheduler_job.py:190} INFO - Processing /opt/airflow/dags/l02_bash_operator.py took 0.320 seconds
[2022-07-27 22:55:55,409] {scheduler_job.py:182} INFO - Started process (PID=519) to work on /opt/airflow/dags/l02_bash_operator.py
[2022-07-27 22:55:55,413] {scheduler_job.py:633} INFO - Processing file /opt/airflow/dags/l02_bash_operator.py for tasks to queue
[2022-07-27 22:55:55,415] {logging_mixin.py:104} INFO - [2022-07-27 22:55:55,415] {dagbag.py:487} INFO - Filling up the DagBag from /opt/airflow/dags/l02_bash_operator.py
[2022-07-27 22:55:55,430] {logging_mixin.py:104} INFO - [2022-07-27 22:55:55,427] {dagbag.py:320} ERROR - Failed to import: /opt/airflow/dags/l02_bash_operator.py
Traceback (most recent call last):
  File "/home/airflow/.local/lib/python3.6/site-packages/airflow/models/dagbag.py", line 317, in _load_modules_from_file
    loader.exec_module(new_module)
  File "<frozen importlib._bootstrap_external>", line 674, in exec_module
  File "<frozen importlib._bootstrap_external>", line 781, in get_code
  File "<frozen importlib._bootstrap_external>", line 741, in source_to_code
  File "<frozen importlib._bootstrap>", line 219, in _call_with_frames_removed
  File "/opt/airflow/dags/l02_bash_operator.py", line 18
    env=)
        ^
SyntaxError: invalid syntax
[2022-07-27 22:55:55,434] {scheduler_job.py:645} WARNING - No viable dags retrieved from /opt/airflow/dags/l02_bash_operator.py
[2022-07-27 22:55:55,460] {scheduler_job.py:190} INFO - Processing /opt/airflow/dags/l02_bash_operator.py took 0.057 seconds
[2022-07-27 22:56:25,973] {scheduler_job.py:182} INFO - Started process (PID=531) to work on /opt/airflow/dags/l02_bash_operator.py
[2022-07-27 22:56:25,977] {scheduler_job.py:633} INFO - Processing file /opt/airflow/dags/l02_bash_operator.py for tasks to queue
[2022-07-27 22:56:25,980] {logging_mixin.py:104} INFO - [2022-07-27 22:56:25,979] {dagbag.py:487} INFO - Filling up the DagBag from /opt/airflow/dags/l02_bash_operator.py
[2022-07-27 22:56:26,027] {scheduler_job.py:643} INFO - DAG(s) dict_keys(['l02_bash_operator']) retrieved from /opt/airflow/dags/l02_bash_operator.py
[2022-07-27 22:56:26,807] {logging_mixin.py:104} INFO - [2022-07-27 22:56:26,807] {dag.py:1832} INFO - Sync 1 DAGs
[2022-07-27 22:56:26,856] {logging_mixin.py:104} INFO - [2022-07-27 22:56:26,856] {dag.py:2305} INFO - Setting next_dagrun for l02_bash_operator to 2021-01-01T00:00:00+00:00
[2022-07-27 22:56:26,897] {scheduler_job.py:190} INFO - Processing /opt/airflow/dags/l02_bash_operator.py took 0.930 seconds
[2022-07-27 22:56:57,571] {scheduler_job.py:182} INFO - Started process (PID=549) to work on /opt/airflow/dags/l02_bash_operator.py
[2022-07-27 22:56:57,576] {scheduler_job.py:633} INFO - Processing file /opt/airflow/dags/l02_bash_operator.py for tasks to queue
[2022-07-27 22:56:57,579] {logging_mixin.py:104} INFO - [2022-07-27 22:56:57,579] {dagbag.py:487} INFO - Filling up the DagBag from /opt/airflow/dags/l02_bash_operator.py
[2022-07-27 22:56:57,626] {scheduler_job.py:643} INFO - DAG(s) dict_keys(['l02_bash_operator']) retrieved from /opt/airflow/dags/l02_bash_operator.py
[2022-07-27 22:56:57,664] {logging_mixin.py:104} INFO - [2022-07-27 22:56:57,664] {dag.py:1832} INFO - Sync 1 DAGs
[2022-07-27 22:56:57,714] {logging_mixin.py:104} INFO - [2022-07-27 22:56:57,713] {dag.py:2305} INFO - Setting next_dagrun for l02_bash_operator to 2021-01-01T00:00:00+00:00
[2022-07-27 22:56:57,730] {scheduler_job.py:190} INFO - Processing /opt/airflow/dags/l02_bash_operator.py took 0.168 seconds
[2022-07-27 22:57:28,056] {scheduler_job.py:182} INFO - Started process (PID=561) to work on /opt/airflow/dags/l02_bash_operator.py
[2022-07-27 22:57:28,060] {scheduler_job.py:633} INFO - Processing file /opt/airflow/dags/l02_bash_operator.py for tasks to queue
[2022-07-27 22:57:28,063] {logging_mixin.py:104} INFO - [2022-07-27 22:57:28,062] {dagbag.py:487} INFO - Filling up the DagBag from /opt/airflow/dags/l02_bash_operator.py
[2022-07-27 22:57:28,108] {scheduler_job.py:643} INFO - DAG(s) dict_keys(['l02_bash_operator']) retrieved from /opt/airflow/dags/l02_bash_operator.py
[2022-07-27 22:57:28,149] {logging_mixin.py:104} INFO - [2022-07-27 22:57:28,148] {dag.py:1832} INFO - Sync 1 DAGs
[2022-07-27 22:57:28,198] {logging_mixin.py:104} INFO - [2022-07-27 22:57:28,197] {dag.py:2305} INFO - Setting next_dagrun for l02_bash_operator to 2021-01-01T00:00:00+00:00
[2022-07-27 22:57:28,214] {scheduler_job.py:190} INFO - Processing /opt/airflow/dags/l02_bash_operator.py took 0.164 seconds
[2022-07-27 22:57:58,752] {scheduler_job.py:182} INFO - Started process (PID=573) to work on /opt/airflow/dags/l02_bash_operator.py
[2022-07-27 22:57:58,757] {scheduler_job.py:633} INFO - Processing file /opt/airflow/dags/l02_bash_operator.py for tasks to queue
[2022-07-27 22:57:58,760] {logging_mixin.py:104} INFO - [2022-07-27 22:57:58,760] {dagbag.py:487} INFO - Filling up the DagBag from /opt/airflow/dags/l02_bash_operator.py
[2022-07-27 22:57:58,811] {scheduler_job.py:643} INFO - DAG(s) dict_keys(['l02_bash_operator']) retrieved from /opt/airflow/dags/l02_bash_operator.py
[2022-07-27 22:57:58,850] {logging_mixin.py:104} INFO - [2022-07-27 22:57:58,850] {dag.py:1832} INFO - Sync 1 DAGs
[2022-07-27 22:57:58,899] {logging_mixin.py:104} INFO - [2022-07-27 22:57:58,898] {dag.py:2305} INFO - Setting next_dagrun for l02_bash_operator to 2021-01-01T00:00:00+00:00
[2022-07-27 22:57:58,916] {scheduler_job.py:190} INFO - Processing /opt/airflow/dags/l02_bash_operator.py took 0.174 seconds
[2022-07-27 22:58:29,477] {scheduler_job.py:182} INFO - Started process (PID=585) to work on /opt/airflow/dags/l02_bash_operator.py
[2022-07-27 22:58:29,481] {scheduler_job.py:633} INFO - Processing file /opt/airflow/dags/l02_bash_operator.py for tasks to queue
[2022-07-27 22:58:29,484] {logging_mixin.py:104} INFO - [2022-07-27 22:58:29,484] {dagbag.py:487} INFO - Filling up the DagBag from /opt/airflow/dags/l02_bash_operator.py
[2022-07-27 22:58:29,533] {scheduler_job.py:643} INFO - DAG(s) dict_keys(['l02_bash_operator']) retrieved from /opt/airflow/dags/l02_bash_operator.py
[2022-07-27 22:58:29,575] {logging_mixin.py:104} INFO - [2022-07-27 22:58:29,575] {dag.py:1832} INFO - Sync 1 DAGs
[2022-07-27 22:58:29,625] {logging_mixin.py:104} INFO - [2022-07-27 22:58:29,624] {dag.py:2305} INFO - Setting next_dagrun for l02_bash_operator to 2021-01-01T00:00:00+00:00
[2022-07-27 22:58:29,642] {scheduler_job.py:190} INFO - Processing /opt/airflow/dags/l02_bash_operator.py took 0.175 seconds
[2022-07-27 22:59:00,169] {scheduler_job.py:182} INFO - Started process (PID=597) to work on /opt/airflow/dags/l02_bash_operator.py
[2022-07-27 22:59:00,174] {scheduler_job.py:633} INFO - Processing file /opt/airflow/dags/l02_bash_operator.py for tasks to queue
[2022-07-27 22:59:00,177] {logging_mixin.py:104} INFO - [2022-07-27 22:59:00,177] {dagbag.py:487} INFO - Filling up the DagBag from /opt/airflow/dags/l02_bash_operator.py
[2022-07-27 22:59:00,225] {scheduler_job.py:643} INFO - DAG(s) dict_keys(['l02_bash_operator']) retrieved from /opt/airflow/dags/l02_bash_operator.py
[2022-07-27 22:59:00,263] {logging_mixin.py:104} INFO - [2022-07-27 22:59:00,263] {dag.py:1832} INFO - Sync 1 DAGs
[2022-07-27 22:59:00,317] {logging_mixin.py:104} INFO - [2022-07-27 22:59:00,316] {dag.py:2305} INFO - Setting next_dagrun for l02_bash_operator to 2021-01-01T00:00:00+00:00
[2022-07-27 22:59:00,335] {scheduler_job.py:190} INFO - Processing /opt/airflow/dags/l02_bash_operator.py took 0.176 seconds
[2022-07-27 23:00:11,768] {scheduler_job.py:182} INFO - Started process (PID=603) to work on /opt/airflow/dags/l02_bash_operator.py
[2022-07-27 23:00:11,772] {scheduler_job.py:633} INFO - Processing file /opt/airflow/dags/l02_bash_operator.py for tasks to queue
[2022-07-27 23:00:11,774] {logging_mixin.py:104} INFO - [2022-07-27 23:00:11,774] {dagbag.py:487} INFO - Filling up the DagBag from /opt/airflow/dags/l02_bash_operator.py
[2022-07-27 23:00:11,827] {scheduler_job.py:643} INFO - DAG(s) dict_keys(['l02_bash_operator']) retrieved from /opt/airflow/dags/l02_bash_operator.py
[2022-07-27 23:00:11,873] {logging_mixin.py:104} INFO - [2022-07-27 23:00:11,872] {dag.py:1832} INFO - Sync 1 DAGs
[2022-07-27 23:00:11,929] {logging_mixin.py:104} INFO - [2022-07-27 23:00:11,928] {dag.py:2305} INFO - Setting next_dagrun for l02_bash_operator to 2021-01-01T00:00:00+00:00
[2022-07-27 23:00:11,948] {scheduler_job.py:190} INFO - Processing /opt/airflow/dags/l02_bash_operator.py took 0.187 seconds
[2022-07-27 23:00:42,494] {scheduler_job.py:182} INFO - Started process (PID=615) to work on /opt/airflow/dags/l02_bash_operator.py
[2022-07-27 23:00:42,497] {scheduler_job.py:633} INFO - Processing file /opt/airflow/dags/l02_bash_operator.py for tasks to queue
[2022-07-27 23:00:42,499] {logging_mixin.py:104} INFO - [2022-07-27 23:00:42,499] {dagbag.py:487} INFO - Filling up the DagBag from /opt/airflow/dags/l02_bash_operator.py
[2022-07-27 23:00:42,558] {scheduler_job.py:643} INFO - DAG(s) dict_keys(['l02_bash_operator']) retrieved from /opt/airflow/dags/l02_bash_operator.py
[2022-07-27 23:00:42,602] {logging_mixin.py:104} INFO - [2022-07-27 23:00:42,602] {dag.py:1832} INFO - Sync 1 DAGs
[2022-07-27 23:00:42,656] {logging_mixin.py:104} INFO - [2022-07-27 23:00:42,656] {dag.py:2305} INFO - Setting next_dagrun for l02_bash_operator to 2021-01-01T00:00:00+00:00
[2022-07-27 23:00:42,674] {scheduler_job.py:190} INFO - Processing /opt/airflow/dags/l02_bash_operator.py took 0.187 seconds
[2022-07-27 23:01:12,966] {scheduler_job.py:182} INFO - Started process (PID=627) to work on /opt/airflow/dags/l02_bash_operator.py
[2022-07-27 23:01:12,971] {scheduler_job.py:633} INFO - Processing file /opt/airflow/dags/l02_bash_operator.py for tasks to queue
[2022-07-27 23:01:12,974] {logging_mixin.py:104} INFO - [2022-07-27 23:01:12,973] {dagbag.py:487} INFO - Filling up the DagBag from /opt/airflow/dags/l02_bash_operator.py
[2022-07-27 23:01:13,027] {scheduler_job.py:643} INFO - DAG(s) dict_keys(['l02_bash_operator']) retrieved from /opt/airflow/dags/l02_bash_operator.py
[2022-07-27 23:01:13,073] {logging_mixin.py:104} INFO - [2022-07-27 23:01:13,072] {dag.py:1832} INFO - Sync 1 DAGs
[2022-07-27 23:01:13,133] {logging_mixin.py:104} INFO - [2022-07-27 23:01:13,132] {dag.py:2305} INFO - Setting next_dagrun for l02_bash_operator to 2021-01-01T00:00:00+00:00
[2022-07-27 23:01:13,153] {scheduler_job.py:190} INFO - Processing /opt/airflow/dags/l02_bash_operator.py took 0.194 seconds
[2022-07-27 23:01:43,758] {scheduler_job.py:182} INFO - Started process (PID=639) to work on /opt/airflow/dags/l02_bash_operator.py
[2022-07-27 23:01:43,761] {scheduler_job.py:633} INFO - Processing file /opt/airflow/dags/l02_bash_operator.py for tasks to queue
[2022-07-27 23:01:43,763] {logging_mixin.py:104} INFO - [2022-07-27 23:01:43,763] {dagbag.py:487} INFO - Filling up the DagBag from /opt/airflow/dags/l02_bash_operator.py
[2022-07-27 23:01:43,810] {scheduler_job.py:643} INFO - DAG(s) dict_keys(['l02_bash_operator']) retrieved from /opt/airflow/dags/l02_bash_operator.py
[2022-07-27 23:01:43,848] {logging_mixin.py:104} INFO - [2022-07-27 23:01:43,848] {dag.py:1832} INFO - Sync 1 DAGs
[2022-07-27 23:01:43,900] {logging_mixin.py:104} INFO - [2022-07-27 23:01:43,900] {dag.py:2305} INFO - Setting next_dagrun for l02_bash_operator to 2021-01-01T00:00:00+00:00
[2022-07-27 23:01:43,919] {scheduler_job.py:190} INFO - Processing /opt/airflow/dags/l02_bash_operator.py took 0.168 seconds
[2022-07-27 23:02:14,559] {scheduler_job.py:182} INFO - Started process (PID=651) to work on /opt/airflow/dags/l02_bash_operator.py
[2022-07-27 23:02:14,562] {scheduler_job.py:633} INFO - Processing file /opt/airflow/dags/l02_bash_operator.py for tasks to queue
[2022-07-27 23:02:14,564] {logging_mixin.py:104} INFO - [2022-07-27 23:02:14,564] {dagbag.py:487} INFO - Filling up the DagBag from /opt/airflow/dags/l02_bash_operator.py
[2022-07-27 23:02:14,610] {scheduler_job.py:643} INFO - DAG(s) dict_keys(['l02_bash_operator']) retrieved from /opt/airflow/dags/l02_bash_operator.py
[2022-07-27 23:02:14,650] {logging_mixin.py:104} INFO - [2022-07-27 23:02:14,650] {dag.py:1832} INFO - Sync 1 DAGs
[2022-07-27 23:02:14,703] {logging_mixin.py:104} INFO - [2022-07-27 23:02:14,702] {dag.py:2305} INFO - Setting next_dagrun for l02_bash_operator to 2021-01-01T00:00:00+00:00
[2022-07-27 23:02:14,721] {scheduler_job.py:190} INFO - Processing /opt/airflow/dags/l02_bash_operator.py took 0.168 seconds
[2022-07-27 23:02:45,263] {scheduler_job.py:182} INFO - Started process (PID=663) to work on /opt/airflow/dags/l02_bash_operator.py
[2022-07-27 23:02:45,267] {scheduler_job.py:633} INFO - Processing file /opt/airflow/dags/l02_bash_operator.py for tasks to queue
[2022-07-27 23:02:45,269] {logging_mixin.py:104} INFO - [2022-07-27 23:02:45,269] {dagbag.py:487} INFO - Filling up the DagBag from /opt/airflow/dags/l02_bash_operator.py
[2022-07-27 23:02:45,315] {scheduler_job.py:643} INFO - DAG(s) dict_keys(['l02_bash_operator']) retrieved from /opt/airflow/dags/l02_bash_operator.py
[2022-07-27 23:02:45,354] {logging_mixin.py:104} INFO - [2022-07-27 23:02:45,354] {dag.py:1832} INFO - Sync 1 DAGs
[2022-07-27 23:02:45,405] {logging_mixin.py:104} INFO - [2022-07-27 23:02:45,405] {dag.py:2305} INFO - Setting next_dagrun for l02_bash_operator to 2021-01-01T00:00:00+00:00
[2022-07-27 23:02:45,424] {scheduler_job.py:190} INFO - Processing /opt/airflow/dags/l02_bash_operator.py took 0.167 seconds
[2022-07-27 23:03:16,077] {scheduler_job.py:182} INFO - Started process (PID=675) to work on /opt/airflow/dags/l02_bash_operator.py
[2022-07-27 23:03:16,080] {scheduler_job.py:633} INFO - Processing file /opt/airflow/dags/l02_bash_operator.py for tasks to queue
[2022-07-27 23:03:16,083] {logging_mixin.py:104} INFO - [2022-07-27 23:03:16,083] {dagbag.py:487} INFO - Filling up the DagBag from /opt/airflow/dags/l02_bash_operator.py
[2022-07-27 23:03:16,135] {scheduler_job.py:643} INFO - DAG(s) dict_keys(['l02_bash_operator']) retrieved from /opt/airflow/dags/l02_bash_operator.py
[2022-07-27 23:03:16,181] {logging_mixin.py:104} INFO - [2022-07-27 23:03:16,181] {dag.py:1832} INFO - Sync 1 DAGs
[2022-07-27 23:03:16,236] {logging_mixin.py:104} INFO - [2022-07-27 23:03:16,235] {dag.py:2305} INFO - Setting next_dagrun for l02_bash_operator to 2021-01-01T00:00:00+00:00
[2022-07-27 23:03:16,254] {scheduler_job.py:190} INFO - Processing /opt/airflow/dags/l02_bash_operator.py took 0.184 seconds
[2022-07-27 23:04:39,932] {scheduler_job.py:182} INFO - Started process (PID=687) to work on /opt/airflow/dags/l02_bash_operator.py
[2022-07-27 23:04:39,936] {scheduler_job.py:633} INFO - Processing file /opt/airflow/dags/l02_bash_operator.py for tasks to queue
[2022-07-27 23:04:39,938] {logging_mixin.py:104} INFO - [2022-07-27 23:04:39,938] {dagbag.py:487} INFO - Filling up the DagBag from /opt/airflow/dags/l02_bash_operator.py
[2022-07-27 23:04:39,984] {scheduler_job.py:643} INFO - DAG(s) dict_keys(['l02_bash_operator']) retrieved from /opt/airflow/dags/l02_bash_operator.py
[2022-07-27 23:04:40,024] {logging_mixin.py:104} INFO - [2022-07-27 23:04:40,023] {dag.py:1832} INFO - Sync 1 DAGs
[2022-07-27 23:04:40,076] {logging_mixin.py:104} INFO - [2022-07-27 23:04:40,075] {dag.py:2305} INFO - Setting next_dagrun for l02_bash_operator to 2021-01-01T00:00:00+00:00
[2022-07-27 23:04:40,093] {scheduler_job.py:190} INFO - Processing /opt/airflow/dags/l02_bash_operator.py took 0.168 seconds
[2022-07-27 23:08:46,169] {scheduler_job.py:182} INFO - Started process (PID=699) to work on /opt/airflow/dags/l02_bash_operator.py
[2022-07-27 23:08:46,186] {scheduler_job.py:633} INFO - Processing file /opt/airflow/dags/l02_bash_operator.py for tasks to queue
[2022-07-27 23:08:46,191] {logging_mixin.py:104} INFO - [2022-07-27 23:08:46,190] {dagbag.py:487} INFO - Filling up the DagBag from /opt/airflow/dags/l02_bash_operator.py
[2022-07-27 23:08:46,312] {scheduler_job.py:643} INFO - DAG(s) dict_keys(['l02_bash_operator']) retrieved from /opt/airflow/dags/l02_bash_operator.py
[2022-07-27 23:08:46,415] {logging_mixin.py:104} INFO - [2022-07-27 23:08:46,415] {dag.py:1832} INFO - Sync 1 DAGs
[2022-07-27 23:08:46,553] {logging_mixin.py:104} INFO - [2022-07-27 23:08:46,542] {dag.py:2305} INFO - Setting next_dagrun for l02_bash_operator to 2021-01-01T00:00:00+00:00
[2022-07-27 23:08:46,612] {scheduler_job.py:190} INFO - Processing /opt/airflow/dags/l02_bash_operator.py took 0.458 seconds
[2022-07-27 23:10:01,478] {scheduler_job.py:182} INFO - Started process (PID=711) to work on /opt/airflow/dags/l02_bash_operator.py
[2022-07-27 23:10:01,497] {scheduler_job.py:633} INFO - Processing file /opt/airflow/dags/l02_bash_operator.py for tasks to queue
[2022-07-27 23:10:01,508] {logging_mixin.py:104} INFO - [2022-07-27 23:10:01,507] {dagbag.py:487} INFO - Filling up the DagBag from /opt/airflow/dags/l02_bash_operator.py
[2022-07-27 23:10:01,601] {scheduler_job.py:643} INFO - DAG(s) dict_keys(['l02_bash_operator']) retrieved from /opt/airflow/dags/l02_bash_operator.py
[2022-07-27 23:10:01,675] {logging_mixin.py:104} INFO - [2022-07-27 23:10:01,675] {dag.py:1832} INFO - Sync 1 DAGs
[2022-07-27 23:10:01,765] {logging_mixin.py:104} INFO - [2022-07-27 23:10:01,764] {dag.py:2305} INFO - Setting next_dagrun for l02_bash_operator to 2021-01-01T00:00:00+00:00
[2022-07-27 23:10:01,827] {scheduler_job.py:190} INFO - Processing /opt/airflow/dags/l02_bash_operator.py took 0.371 seconds
[2022-07-27 23:12:10,223] {scheduler_job.py:182} INFO - Started process (PID=723) to work on /opt/airflow/dags/l02_bash_operator.py
[2022-07-27 23:12:10,226] {scheduler_job.py:633} INFO - Processing file /opt/airflow/dags/l02_bash_operator.py for tasks to queue
[2022-07-27 23:12:10,229] {logging_mixin.py:104} INFO - [2022-07-27 23:12:10,229] {dagbag.py:487} INFO - Filling up the DagBag from /opt/airflow/dags/l02_bash_operator.py
[2022-07-27 23:12:10,328] {scheduler_job.py:643} INFO - DAG(s) dict_keys(['l02_bash_operator']) retrieved from /opt/airflow/dags/l02_bash_operator.py
[2022-07-27 23:12:10,431] {logging_mixin.py:104} INFO - [2022-07-27 23:12:10,430] {dag.py:1832} INFO - Sync 1 DAGs
[2022-07-27 23:12:10,524] {logging_mixin.py:104} INFO - [2022-07-27 23:12:10,523] {dag.py:2305} INFO - Setting next_dagrun for l02_bash_operator to 2021-01-01T00:00:00+00:00
[2022-07-27 23:12:10,561] {scheduler_job.py:190} INFO - Processing /opt/airflow/dags/l02_bash_operator.py took 0.344 seconds
[2022-07-27 23:14:20,965] {scheduler_job.py:182} INFO - Started process (PID=735) to work on /opt/airflow/dags/l02_bash_operator.py
[2022-07-27 23:14:20,973] {scheduler_job.py:633} INFO - Processing file /opt/airflow/dags/l02_bash_operator.py for tasks to queue
[2022-07-27 23:14:20,977] {logging_mixin.py:104} INFO - [2022-07-27 23:14:20,977] {dagbag.py:487} INFO - Filling up the DagBag from /opt/airflow/dags/l02_bash_operator.py
[2022-07-27 23:14:21,083] {scheduler_job.py:643} INFO - DAG(s) dict_keys(['l02_bash_operator']) retrieved from /opt/airflow/dags/l02_bash_operator.py
[2022-07-27 23:14:21,187] {logging_mixin.py:104} INFO - [2022-07-27 23:14:21,187] {dag.py:1832} INFO - Sync 1 DAGs
[2022-07-27 23:14:21,293] {logging_mixin.py:104} INFO - [2022-07-27 23:14:21,292] {dag.py:2305} INFO - Setting next_dagrun for l02_bash_operator to 2021-01-01T00:00:00+00:00
[2022-07-27 23:14:21,330] {scheduler_job.py:190} INFO - Processing /opt/airflow/dags/l02_bash_operator.py took 0.388 seconds
[2022-07-27 23:14:51,518] {scheduler_job.py:182} INFO - Started process (PID=747) to work on /opt/airflow/dags/l02_bash_operator.py
[2022-07-27 23:14:51,524] {scheduler_job.py:633} INFO - Processing file /opt/airflow/dags/l02_bash_operator.py for tasks to queue
[2022-07-27 23:14:51,532] {logging_mixin.py:104} INFO - [2022-07-27 23:14:51,531] {dagbag.py:487} INFO - Filling up the DagBag from /opt/airflow/dags/l02_bash_operator.py
[2022-07-27 23:14:51,620] {scheduler_job.py:643} INFO - DAG(s) dict_keys(['l02_bash_operator']) retrieved from /opt/airflow/dags/l02_bash_operator.py
[2022-07-27 23:14:51,708] {logging_mixin.py:104} INFO - [2022-07-27 23:14:51,707] {dag.py:1832} INFO - Sync 1 DAGs
[2022-07-27 23:14:51,789] {logging_mixin.py:104} INFO - [2022-07-27 23:14:51,789] {dag.py:2305} INFO - Setting next_dagrun for l02_bash_operator to 2021-01-01T00:00:00+00:00
[2022-07-27 23:14:51,808] {scheduler_job.py:190} INFO - Processing /opt/airflow/dags/l02_bash_operator.py took 0.314 seconds
[2022-07-27 23:15:22,360] {scheduler_job.py:182} INFO - Started process (PID=759) to work on /opt/airflow/dags/l02_bash_operator.py
[2022-07-27 23:15:22,363] {scheduler_job.py:633} INFO - Processing file /opt/airflow/dags/l02_bash_operator.py for tasks to queue
[2022-07-27 23:15:22,366] {logging_mixin.py:104} INFO - [2022-07-27 23:15:22,366] {dagbag.py:487} INFO - Filling up the DagBag from /opt/airflow/dags/l02_bash_operator.py
[2022-07-27 23:15:22,422] {scheduler_job.py:643} INFO - DAG(s) dict_keys(['l02_bash_operator']) retrieved from /opt/airflow/dags/l02_bash_operator.py
[2022-07-27 23:15:22,464] {logging_mixin.py:104} INFO - [2022-07-27 23:15:22,464] {dag.py:1832} INFO - Sync 1 DAGs
[2022-07-27 23:15:22,518] {logging_mixin.py:104} INFO - [2022-07-27 23:15:22,517] {dag.py:2305} INFO - Setting next_dagrun for l02_bash_operator to 2021-01-01T00:00:00+00:00
[2022-07-27 23:15:22,536] {scheduler_job.py:190} INFO - Processing /opt/airflow/dags/l02_bash_operator.py took 0.183 seconds
[2022-07-27 23:15:53,056] {scheduler_job.py:182} INFO - Started process (PID=771) to work on /opt/airflow/dags/l02_bash_operator.py
[2022-07-27 23:15:53,060] {scheduler_job.py:633} INFO - Processing file /opt/airflow/dags/l02_bash_operator.py for tasks to queue
[2022-07-27 23:15:53,063] {logging_mixin.py:104} INFO - [2022-07-27 23:15:53,063] {dagbag.py:487} INFO - Filling up the DagBag from /opt/airflow/dags/l02_bash_operator.py
[2022-07-27 23:15:53,114] {scheduler_job.py:643} INFO - DAG(s) dict_keys(['l02_bash_operator']) retrieved from /opt/airflow/dags/l02_bash_operator.py
[2022-07-27 23:15:53,155] {logging_mixin.py:104} INFO - [2022-07-27 23:15:53,155] {dag.py:1832} INFO - Sync 1 DAGs
[2022-07-27 23:15:53,205] {logging_mixin.py:104} INFO - [2022-07-27 23:15:53,205] {dag.py:2305} INFO - Setting next_dagrun for l02_bash_operator to 2021-01-01T00:00:00+00:00
[2022-07-27 23:15:53,222] {scheduler_job.py:190} INFO - Processing /opt/airflow/dags/l02_bash_operator.py took 0.173 seconds
[2022-07-27 23:16:23,725] {scheduler_job.py:182} INFO - Started process (PID=783) to work on /opt/airflow/dags/l02_bash_operator.py
[2022-07-27 23:16:23,730] {scheduler_job.py:633} INFO - Processing file /opt/airflow/dags/l02_bash_operator.py for tasks to queue
[2022-07-27 23:16:23,732] {logging_mixin.py:104} INFO - [2022-07-27 23:16:23,731] {dagbag.py:487} INFO - Filling up the DagBag from /opt/airflow/dags/l02_bash_operator.py
[2022-07-27 23:16:23,783] {scheduler_job.py:643} INFO - DAG(s) dict_keys(['l02_bash_operator']) retrieved from /opt/airflow/dags/l02_bash_operator.py
[2022-07-27 23:16:23,825] {logging_mixin.py:104} INFO - [2022-07-27 23:16:23,825] {dag.py:1832} INFO - Sync 1 DAGs
[2022-07-27 23:16:23,881] {logging_mixin.py:104} INFO - [2022-07-27 23:16:23,880] {dag.py:2305} INFO - Setting next_dagrun for l02_bash_operator to 2021-01-01T00:00:00+00:00
[2022-07-27 23:16:23,900] {scheduler_job.py:190} INFO - Processing /opt/airflow/dags/l02_bash_operator.py took 0.182 seconds
[2022-07-27 23:16:54,368] {scheduler_job.py:182} INFO - Started process (PID=795) to work on /opt/airflow/dags/l02_bash_operator.py
[2022-07-27 23:16:54,371] {scheduler_job.py:633} INFO - Processing file /opt/airflow/dags/l02_bash_operator.py for tasks to queue
[2022-07-27 23:16:54,374] {logging_mixin.py:104} INFO - [2022-07-27 23:16:54,374] {dagbag.py:487} INFO - Filling up the DagBag from /opt/airflow/dags/l02_bash_operator.py
[2022-07-27 23:16:54,423] {scheduler_job.py:643} INFO - DAG(s) dict_keys(['l02_bash_operator']) retrieved from /opt/airflow/dags/l02_bash_operator.py
[2022-07-27 23:16:55,213] {logging_mixin.py:104} INFO - [2022-07-27 23:16:55,213] {dag.py:1832} INFO - Sync 1 DAGs
[2022-07-27 23:16:55,262] {logging_mixin.py:104} INFO - [2022-07-27 23:16:55,261] {dag.py:2305} INFO - Setting next_dagrun for l02_bash_operator to 2021-01-01T00:00:00+00:00
[2022-07-27 23:16:55,291] {scheduler_job.py:190} INFO - Processing /opt/airflow/dags/l02_bash_operator.py took 0.931 seconds
[2022-07-27 23:17:26,001] {scheduler_job.py:182} INFO - Started process (PID=813) to work on /opt/airflow/dags/l02_bash_operator.py
[2022-07-27 23:17:26,006] {scheduler_job.py:633} INFO - Processing file /opt/airflow/dags/l02_bash_operator.py for tasks to queue
[2022-07-27 23:17:26,009] {logging_mixin.py:104} INFO - [2022-07-27 23:17:26,009] {dagbag.py:487} INFO - Filling up the DagBag from /opt/airflow/dags/l02_bash_operator.py
[2022-07-27 23:17:26,060] {scheduler_job.py:643} INFO - DAG(s) dict_keys(['l02_bash_operator']) retrieved from /opt/airflow/dags/l02_bash_operator.py
[2022-07-27 23:17:26,099] {logging_mixin.py:104} INFO - [2022-07-27 23:17:26,098] {dag.py:1832} INFO - Sync 1 DAGs
[2022-07-27 23:17:26,147] {logging_mixin.py:104} INFO - [2022-07-27 23:17:26,147] {dag.py:2305} INFO - Setting next_dagrun for l02_bash_operator to 2021-01-01T00:00:00+00:00
[2022-07-27 23:17:26,164] {scheduler_job.py:190} INFO - Processing /opt/airflow/dags/l02_bash_operator.py took 0.171 seconds
[2022-07-27 23:17:56,780] {scheduler_job.py:182} INFO - Started process (PID=825) to work on /opt/airflow/dags/l02_bash_operator.py
[2022-07-27 23:17:56,785] {scheduler_job.py:633} INFO - Processing file /opt/airflow/dags/l02_bash_operator.py for tasks to queue
[2022-07-27 23:17:56,788] {logging_mixin.py:104} INFO - [2022-07-27 23:17:56,787] {dagbag.py:487} INFO - Filling up the DagBag from /opt/airflow/dags/l02_bash_operator.py
[2022-07-27 23:17:56,836] {scheduler_job.py:643} INFO - DAG(s) dict_keys(['l02_bash_operator']) retrieved from /opt/airflow/dags/l02_bash_operator.py
[2022-07-27 23:17:56,875] {logging_mixin.py:104} INFO - [2022-07-27 23:17:56,875] {dag.py:1832} INFO - Sync 1 DAGs
[2022-07-27 23:17:56,924] {logging_mixin.py:104} INFO - [2022-07-27 23:17:56,924] {dag.py:2305} INFO - Setting next_dagrun for l02_bash_operator to 2021-01-01T00:00:00+00:00
[2022-07-27 23:17:56,940] {scheduler_job.py:190} INFO - Processing /opt/airflow/dags/l02_bash_operator.py took 0.169 seconds
