[2022-12-19 01:29:06,516] {scheduler_job.py:182} INFO - Started process (PID=203) to work on /opt/airflow/dags/l01_context_object.py
[2022-12-19 01:29:06,523] {scheduler_job.py:633} INFO - Processing file /opt/airflow/dags/l01_context_object.py for tasks to queue
[2022-12-19 01:29:06,533] {logging_mixin.py:104} INFO - [2022-12-19 01:29:06,529] {dagbag.py:487} INFO - Filling up the DagBag from /opt/airflow/dags/l01_context_object.py
[2022-12-19 01:29:06,618] {scheduler_job.py:643} INFO - DAG(s) dict_keys(['l01_context_object']) retrieved from /opt/airflow/dags/l01_context_object.py
[2022-12-19 01:29:06,680] {logging_mixin.py:104} INFO - [2022-12-19 01:29:06,679] {dag.py:1832} INFO - Sync 1 DAGs
[2022-12-19 01:29:06,765] {logging_mixin.py:104} INFO - [2022-12-19 01:29:06,764] {dag.py:2305} INFO - Setting next_dagrun for l01_context_object to 2022-12-18 00:00:00+00:00
[2022-12-19 01:29:06,787] {scheduler_job.py:190} INFO - Processing /opt/airflow/dags/l01_context_object.py took 0.283 seconds
[2022-12-19 01:29:37,072] {scheduler_job.py:182} INFO - Started process (PID=215) to work on /opt/airflow/dags/l01_context_object.py
[2022-12-19 01:29:37,080] {scheduler_job.py:633} INFO - Processing file /opt/airflow/dags/l01_context_object.py for tasks to queue
[2022-12-19 01:29:37,084] {logging_mixin.py:104} INFO - [2022-12-19 01:29:37,084] {dagbag.py:487} INFO - Filling up the DagBag from /opt/airflow/dags/l01_context_object.py
[2022-12-19 01:29:37,160] {scheduler_job.py:643} INFO - DAG(s) dict_keys(['l01_context_object']) retrieved from /opt/airflow/dags/l01_context_object.py
[2022-12-19 01:29:37,265] {logging_mixin.py:104} INFO - [2022-12-19 01:29:37,264] {dag.py:1832} INFO - Sync 1 DAGs
[2022-12-19 01:29:37,366] {logging_mixin.py:104} INFO - [2022-12-19 01:29:37,365] {dag.py:2305} INFO - Setting next_dagrun for l01_context_object to 2022-12-18 00:00:00+00:00
[2022-12-19 01:29:37,399] {scheduler_job.py:190} INFO - Processing /opt/airflow/dags/l01_context_object.py took 0.344 seconds
[2022-12-19 01:30:07,713] {scheduler_job.py:182} INFO - Started process (PID=227) to work on /opt/airflow/dags/l01_context_object.py
[2022-12-19 01:30:07,718] {scheduler_job.py:633} INFO - Processing file /opt/airflow/dags/l01_context_object.py for tasks to queue
[2022-12-19 01:30:07,721] {logging_mixin.py:104} INFO - [2022-12-19 01:30:07,721] {dagbag.py:487} INFO - Filling up the DagBag from /opt/airflow/dags/l01_context_object.py
[2022-12-19 01:30:07,764] {scheduler_job.py:643} INFO - DAG(s) dict_keys(['l01_context_object']) retrieved from /opt/airflow/dags/l01_context_object.py
[2022-12-19 01:30:07,811] {logging_mixin.py:104} INFO - [2022-12-19 01:30:07,811] {dag.py:1832} INFO - Sync 1 DAGs
[2022-12-19 01:30:07,879] {logging_mixin.py:104} INFO - [2022-12-19 01:30:07,879] {dag.py:2305} INFO - Setting next_dagrun for l01_context_object to 2022-12-18 00:00:00+00:00
[2022-12-19 01:30:07,900] {scheduler_job.py:190} INFO - Processing /opt/airflow/dags/l01_context_object.py took 0.198 seconds
[2022-12-19 01:30:38,325] {scheduler_job.py:182} INFO - Started process (PID=238) to work on /opt/airflow/dags/l01_context_object.py
[2022-12-19 01:30:38,330] {scheduler_job.py:633} INFO - Processing file /opt/airflow/dags/l01_context_object.py for tasks to queue
[2022-12-19 01:30:38,333] {logging_mixin.py:104} INFO - [2022-12-19 01:30:38,333] {dagbag.py:487} INFO - Filling up the DagBag from /opt/airflow/dags/l01_context_object.py
[2022-12-19 01:30:38,395] {scheduler_job.py:643} INFO - DAG(s) dict_keys(['l01_context_object']) retrieved from /opt/airflow/dags/l01_context_object.py
[2022-12-19 01:30:38,453] {logging_mixin.py:104} INFO - [2022-12-19 01:30:38,453] {dag.py:1832} INFO - Sync 1 DAGs
[2022-12-19 01:30:38,535] {logging_mixin.py:104} INFO - [2022-12-19 01:30:38,534] {dag.py:2305} INFO - Setting next_dagrun for l01_context_object to 2022-12-18 00:00:00+00:00
[2022-12-19 01:30:38,562] {scheduler_job.py:190} INFO - Processing /opt/airflow/dags/l01_context_object.py took 0.244 seconds
[2022-12-19 01:31:09,442] {scheduler_job.py:182} INFO - Started process (PID=251) to work on /opt/airflow/dags/l01_context_object.py
[2022-12-19 01:31:09,449] {scheduler_job.py:633} INFO - Processing file /opt/airflow/dags/l01_context_object.py for tasks to queue
[2022-12-19 01:31:09,453] {logging_mixin.py:104} INFO - [2022-12-19 01:31:09,453] {dagbag.py:487} INFO - Filling up the DagBag from /opt/airflow/dags/l01_context_object.py
[2022-12-19 01:31:09,529] {scheduler_job.py:643} INFO - DAG(s) dict_keys(['l01_context_object']) retrieved from /opt/airflow/dags/l01_context_object.py
[2022-12-19 01:31:09,583] {logging_mixin.py:104} INFO - [2022-12-19 01:31:09,583] {dag.py:1832} INFO - Sync 1 DAGs
[2022-12-19 01:31:09,653] {logging_mixin.py:104} INFO - [2022-12-19 01:31:09,653] {dag.py:2305} INFO - Setting next_dagrun for l01_context_object to 2022-12-18 00:00:00+00:00
[2022-12-19 01:31:09,677] {scheduler_job.py:190} INFO - Processing /opt/airflow/dags/l01_context_object.py took 0.243 seconds
[2022-12-19 01:31:40,089] {scheduler_job.py:182} INFO - Started process (PID=262) to work on /opt/airflow/dags/l01_context_object.py
[2022-12-19 01:31:40,092] {scheduler_job.py:633} INFO - Processing file /opt/airflow/dags/l01_context_object.py for tasks to queue
[2022-12-19 01:31:40,097] {logging_mixin.py:104} INFO - [2022-12-19 01:31:40,096] {dagbag.py:487} INFO - Filling up the DagBag from /opt/airflow/dags/l01_context_object.py
[2022-12-19 01:31:40,143] {scheduler_job.py:643} INFO - DAG(s) dict_keys(['l01_context_object']) retrieved from /opt/airflow/dags/l01_context_object.py
[2022-12-19 01:31:40,189] {logging_mixin.py:104} INFO - [2022-12-19 01:31:40,188] {dag.py:1832} INFO - Sync 1 DAGs
[2022-12-19 01:31:40,257] {logging_mixin.py:104} INFO - [2022-12-19 01:31:40,257] {dag.py:2305} INFO - Setting next_dagrun for l01_context_object to 2022-12-18 00:00:00+00:00
[2022-12-19 01:31:40,276] {scheduler_job.py:190} INFO - Processing /opt/airflow/dags/l01_context_object.py took 0.193 seconds
[2022-12-19 01:32:10,860] {scheduler_job.py:182} INFO - Started process (PID=274) to work on /opt/airflow/dags/l01_context_object.py
[2022-12-19 01:32:10,879] {scheduler_job.py:633} INFO - Processing file /opt/airflow/dags/l01_context_object.py for tasks to queue
[2022-12-19 01:32:10,885] {logging_mixin.py:104} INFO - [2022-12-19 01:32:10,885] {dagbag.py:487} INFO - Filling up the DagBag from /opt/airflow/dags/l01_context_object.py
[2022-12-19 01:32:11,241] {scheduler_job.py:643} INFO - DAG(s) dict_keys(['l01_context_object']) retrieved from /opt/airflow/dags/l01_context_object.py
[2022-12-19 01:32:11,322] {logging_mixin.py:104} INFO - [2022-12-19 01:32:11,322] {dag.py:1832} INFO - Sync 1 DAGs
[2022-12-19 01:32:11,423] {logging_mixin.py:104} INFO - [2022-12-19 01:32:11,423] {dag.py:2305} INFO - Setting next_dagrun for l01_context_object to 2022-12-18 00:00:00+00:00
[2022-12-19 01:32:11,450] {scheduler_job.py:190} INFO - Processing /opt/airflow/dags/l01_context_object.py took 0.605 seconds
[2022-12-19 01:32:42,117] {scheduler_job.py:182} INFO - Started process (PID=286) to work on /opt/airflow/dags/l01_context_object.py
[2022-12-19 01:32:42,122] {scheduler_job.py:633} INFO - Processing file /opt/airflow/dags/l01_context_object.py for tasks to queue
[2022-12-19 01:32:42,125] {logging_mixin.py:104} INFO - [2022-12-19 01:32:42,124] {dagbag.py:487} INFO - Filling up the DagBag from /opt/airflow/dags/l01_context_object.py
[2022-12-19 01:32:42,171] {scheduler_job.py:643} INFO - DAG(s) dict_keys(['l01_context_object']) retrieved from /opt/airflow/dags/l01_context_object.py
[2022-12-19 01:32:42,217] {logging_mixin.py:104} INFO - [2022-12-19 01:32:42,216] {dag.py:1832} INFO - Sync 1 DAGs
[2022-12-19 01:32:42,283] {logging_mixin.py:104} INFO - [2022-12-19 01:32:42,283] {dag.py:2305} INFO - Setting next_dagrun for l01_context_object to 2022-12-18 00:00:00+00:00
[2022-12-19 01:32:42,302] {scheduler_job.py:190} INFO - Processing /opt/airflow/dags/l01_context_object.py took 0.191 seconds
[2022-12-19 01:33:12,852] {scheduler_job.py:182} INFO - Started process (PID=299) to work on /opt/airflow/dags/l01_context_object.py
[2022-12-19 01:33:12,856] {scheduler_job.py:633} INFO - Processing file /opt/airflow/dags/l01_context_object.py for tasks to queue
[2022-12-19 01:33:12,861] {logging_mixin.py:104} INFO - [2022-12-19 01:33:12,860] {dagbag.py:487} INFO - Filling up the DagBag from /opt/airflow/dags/l01_context_object.py
[2022-12-19 01:33:12,911] {scheduler_job.py:643} INFO - DAG(s) dict_keys(['l01_context_object']) retrieved from /opt/airflow/dags/l01_context_object.py
[2022-12-19 01:33:12,968] {logging_mixin.py:104} INFO - [2022-12-19 01:33:12,968] {dag.py:1832} INFO - Sync 1 DAGs
[2022-12-19 01:33:13,038] {logging_mixin.py:104} INFO - [2022-12-19 01:33:13,037] {dag.py:2305} INFO - Setting next_dagrun for l01_context_object to 2022-12-18 00:00:00+00:00
[2022-12-19 01:33:13,060] {scheduler_job.py:190} INFO - Processing /opt/airflow/dags/l01_context_object.py took 0.215 seconds
[2022-12-19 01:33:43,702] {scheduler_job.py:182} INFO - Started process (PID=310) to work on /opt/airflow/dags/l01_context_object.py
[2022-12-19 01:33:43,706] {scheduler_job.py:633} INFO - Processing file /opt/airflow/dags/l01_context_object.py for tasks to queue
[2022-12-19 01:33:43,709] {logging_mixin.py:104} INFO - [2022-12-19 01:33:43,709] {dagbag.py:487} INFO - Filling up the DagBag from /opt/airflow/dags/l01_context_object.py
[2022-12-19 01:33:43,758] {scheduler_job.py:643} INFO - DAG(s) dict_keys(['l01_context_object']) retrieved from /opt/airflow/dags/l01_context_object.py
[2022-12-19 01:33:43,809] {logging_mixin.py:104} INFO - [2022-12-19 01:33:43,808] {dag.py:1832} INFO - Sync 1 DAGs
[2022-12-19 01:33:43,880] {logging_mixin.py:104} INFO - [2022-12-19 01:33:43,880] {dag.py:2305} INFO - Setting next_dagrun for l01_context_object to 2022-12-18 00:00:00+00:00
[2022-12-19 01:33:43,900] {scheduler_job.py:190} INFO - Processing /opt/airflow/dags/l01_context_object.py took 0.206 seconds
[2022-12-19 01:34:14,607] {scheduler_job.py:182} INFO - Started process (PID=323) to work on /opt/airflow/dags/l01_context_object.py
[2022-12-19 01:34:14,611] {scheduler_job.py:633} INFO - Processing file /opt/airflow/dags/l01_context_object.py for tasks to queue
[2022-12-19 01:34:14,614] {logging_mixin.py:104} INFO - [2022-12-19 01:34:14,613] {dagbag.py:487} INFO - Filling up the DagBag from /opt/airflow/dags/l01_context_object.py
[2022-12-19 01:34:14,658] {scheduler_job.py:643} INFO - DAG(s) dict_keys(['l01_context_object']) retrieved from /opt/airflow/dags/l01_context_object.py
[2022-12-19 01:34:14,701] {logging_mixin.py:104} INFO - [2022-12-19 01:34:14,700] {dag.py:1832} INFO - Sync 1 DAGs
[2022-12-19 01:34:14,768] {logging_mixin.py:104} INFO - [2022-12-19 01:34:14,768] {dag.py:2305} INFO - Setting next_dagrun for l01_context_object to 2022-12-18 00:00:00+00:00
[2022-12-19 01:34:14,787] {scheduler_job.py:190} INFO - Processing /opt/airflow/dags/l01_context_object.py took 0.187 seconds
[2022-12-19 01:34:45,387] {scheduler_job.py:182} INFO - Started process (PID=334) to work on /opt/airflow/dags/l01_context_object.py
[2022-12-19 01:34:45,392] {scheduler_job.py:633} INFO - Processing file /opt/airflow/dags/l01_context_object.py for tasks to queue
[2022-12-19 01:34:45,395] {logging_mixin.py:104} INFO - [2022-12-19 01:34:45,394] {dagbag.py:487} INFO - Filling up the DagBag from /opt/airflow/dags/l01_context_object.py
[2022-12-19 01:34:45,443] {scheduler_job.py:643} INFO - DAG(s) dict_keys(['l01_context_object']) retrieved from /opt/airflow/dags/l01_context_object.py
[2022-12-19 01:34:45,491] {logging_mixin.py:104} INFO - [2022-12-19 01:34:45,490] {dag.py:1832} INFO - Sync 1 DAGs
[2022-12-19 01:34:45,561] {logging_mixin.py:104} INFO - [2022-12-19 01:34:45,561] {dag.py:2305} INFO - Setting next_dagrun for l01_context_object to 2022-12-18 00:00:00+00:00
[2022-12-19 01:34:45,580] {scheduler_job.py:190} INFO - Processing /opt/airflow/dags/l01_context_object.py took 0.201 seconds
[2022-12-19 01:35:16,217] {scheduler_job.py:182} INFO - Started process (PID=347) to work on /opt/airflow/dags/l01_context_object.py
[2022-12-19 01:35:16,220] {scheduler_job.py:633} INFO - Processing file /opt/airflow/dags/l01_context_object.py for tasks to queue
[2022-12-19 01:35:16,223] {logging_mixin.py:104} INFO - [2022-12-19 01:35:16,222] {dagbag.py:487} INFO - Filling up the DagBag from /opt/airflow/dags/l01_context_object.py
[2022-12-19 01:35:16,266] {scheduler_job.py:643} INFO - DAG(s) dict_keys(['l01_context_object']) retrieved from /opt/airflow/dags/l01_context_object.py
[2022-12-19 01:35:16,309] {logging_mixin.py:104} INFO - [2022-12-19 01:35:16,309] {dag.py:1832} INFO - Sync 1 DAGs
[2022-12-19 01:35:16,378] {logging_mixin.py:104} INFO - [2022-12-19 01:35:16,378] {dag.py:2305} INFO - Setting next_dagrun for l01_context_object to 2022-12-18 00:00:00+00:00
[2022-12-19 01:35:16,401] {scheduler_job.py:190} INFO - Processing /opt/airflow/dags/l01_context_object.py took 0.190 seconds
[2022-12-19 01:35:46,932] {scheduler_job.py:182} INFO - Started process (PID=359) to work on /opt/airflow/dags/l01_context_object.py
[2022-12-19 01:35:46,937] {scheduler_job.py:633} INFO - Processing file /opt/airflow/dags/l01_context_object.py for tasks to queue
[2022-12-19 01:35:46,939] {logging_mixin.py:104} INFO - [2022-12-19 01:35:46,938] {dagbag.py:487} INFO - Filling up the DagBag from /opt/airflow/dags/l01_context_object.py
[2022-12-19 01:35:46,980] {scheduler_job.py:643} INFO - DAG(s) dict_keys(['l01_context_object']) retrieved from /opt/airflow/dags/l01_context_object.py
[2022-12-19 01:35:47,023] {logging_mixin.py:104} INFO - [2022-12-19 01:35:47,023] {dag.py:1832} INFO - Sync 1 DAGs
[2022-12-19 01:35:47,091] {logging_mixin.py:104} INFO - [2022-12-19 01:35:47,090] {dag.py:2305} INFO - Setting next_dagrun for l01_context_object to 2022-12-18 00:00:00+00:00
[2022-12-19 01:35:47,110] {scheduler_job.py:190} INFO - Processing /opt/airflow/dags/l01_context_object.py took 0.184 seconds
[2022-12-19 01:36:17,701] {scheduler_job.py:182} INFO - Started process (PID=371) to work on /opt/airflow/dags/l01_context_object.py
[2022-12-19 01:36:17,705] {scheduler_job.py:633} INFO - Processing file /opt/airflow/dags/l01_context_object.py for tasks to queue
[2022-12-19 01:36:17,707] {logging_mixin.py:104} INFO - [2022-12-19 01:36:17,707] {dagbag.py:487} INFO - Filling up the DagBag from /opt/airflow/dags/l01_context_object.py
[2022-12-19 01:36:17,750] {scheduler_job.py:643} INFO - DAG(s) dict_keys(['l01_context_object']) retrieved from /opt/airflow/dags/l01_context_object.py
[2022-12-19 01:36:17,795] {logging_mixin.py:104} INFO - [2022-12-19 01:36:17,794] {dag.py:1832} INFO - Sync 1 DAGs
[2022-12-19 01:36:17,866] {logging_mixin.py:104} INFO - [2022-12-19 01:36:17,866] {dag.py:2305} INFO - Setting next_dagrun for l01_context_object to 2022-12-18 00:00:00+00:00
[2022-12-19 01:36:17,888] {scheduler_job.py:190} INFO - Processing /opt/airflow/dags/l01_context_object.py took 0.193 seconds
[2022-12-19 01:36:48,501] {scheduler_job.py:182} INFO - Started process (PID=382) to work on /opt/airflow/dags/l01_context_object.py
[2022-12-19 01:36:48,505] {scheduler_job.py:633} INFO - Processing file /opt/airflow/dags/l01_context_object.py for tasks to queue
[2022-12-19 01:36:48,508] {logging_mixin.py:104} INFO - [2022-12-19 01:36:48,507] {dagbag.py:487} INFO - Filling up the DagBag from /opt/airflow/dags/l01_context_object.py
[2022-12-19 01:36:48,564] {scheduler_job.py:643} INFO - DAG(s) dict_keys(['l01_context_object']) retrieved from /opt/airflow/dags/l01_context_object.py
[2022-12-19 01:36:48,614] {logging_mixin.py:104} INFO - [2022-12-19 01:36:48,614] {dag.py:1832} INFO - Sync 1 DAGs
[2022-12-19 01:36:48,695] {logging_mixin.py:104} INFO - [2022-12-19 01:36:48,694] {dag.py:2305} INFO - Setting next_dagrun for l01_context_object to 2022-12-18 00:00:00+00:00
[2022-12-19 01:36:48,717] {scheduler_job.py:190} INFO - Processing /opt/airflow/dags/l01_context_object.py took 0.223 seconds
[2022-12-19 01:37:19,394] {scheduler_job.py:182} INFO - Started process (PID=394) to work on /opt/airflow/dags/l01_context_object.py
[2022-12-19 01:37:19,398] {scheduler_job.py:633} INFO - Processing file /opt/airflow/dags/l01_context_object.py for tasks to queue
[2022-12-19 01:37:19,402] {logging_mixin.py:104} INFO - [2022-12-19 01:37:19,402] {dagbag.py:487} INFO - Filling up the DagBag from /opt/airflow/dags/l01_context_object.py
[2022-12-19 01:37:19,460] {scheduler_job.py:643} INFO - DAG(s) dict_keys(['l01_context_object']) retrieved from /opt/airflow/dags/l01_context_object.py
[2022-12-19 01:37:19,512] {logging_mixin.py:104} INFO - [2022-12-19 01:37:19,511] {dag.py:1832} INFO - Sync 1 DAGs
[2022-12-19 01:37:19,582] {logging_mixin.py:104} INFO - [2022-12-19 01:37:19,582] {dag.py:2305} INFO - Setting next_dagrun for l01_context_object to 2022-12-18 00:00:00+00:00
[2022-12-19 01:37:19,603] {scheduler_job.py:190} INFO - Processing /opt/airflow/dags/l01_context_object.py took 0.218 seconds
[2022-12-19 01:37:50,132] {scheduler_job.py:182} INFO - Started process (PID=406) to work on /opt/airflow/dags/l01_context_object.py
[2022-12-19 01:37:50,138] {scheduler_job.py:633} INFO - Processing file /opt/airflow/dags/l01_context_object.py for tasks to queue
[2022-12-19 01:37:50,141] {logging_mixin.py:104} INFO - [2022-12-19 01:37:50,140] {dagbag.py:487} INFO - Filling up the DagBag from /opt/airflow/dags/l01_context_object.py
[2022-12-19 01:37:50,190] {scheduler_job.py:643} INFO - DAG(s) dict_keys(['l01_context_object']) retrieved from /opt/airflow/dags/l01_context_object.py
[2022-12-19 01:37:50,248] {logging_mixin.py:104} INFO - [2022-12-19 01:37:50,247] {dag.py:1832} INFO - Sync 1 DAGs
[2022-12-19 01:37:50,327] {logging_mixin.py:104} INFO - [2022-12-19 01:37:50,327] {dag.py:2305} INFO - Setting next_dagrun for l01_context_object to 2022-12-18 00:00:00+00:00
[2022-12-19 01:37:50,349] {scheduler_job.py:190} INFO - Processing /opt/airflow/dags/l01_context_object.py took 0.226 seconds
[2022-12-19 01:38:20,879] {scheduler_job.py:182} INFO - Started process (PID=418) to work on /opt/airflow/dags/l01_context_object.py
[2022-12-19 01:38:20,883] {scheduler_job.py:633} INFO - Processing file /opt/airflow/dags/l01_context_object.py for tasks to queue
[2022-12-19 01:38:20,886] {logging_mixin.py:104} INFO - [2022-12-19 01:38:20,886] {dagbag.py:487} INFO - Filling up the DagBag from /opt/airflow/dags/l01_context_object.py
[2022-12-19 01:38:20,936] {scheduler_job.py:643} INFO - DAG(s) dict_keys(['l01_context_object']) retrieved from /opt/airflow/dags/l01_context_object.py
[2022-12-19 01:38:20,990] {logging_mixin.py:104} INFO - [2022-12-19 01:38:20,990] {dag.py:1832} INFO - Sync 1 DAGs
[2022-12-19 01:38:21,066] {logging_mixin.py:104} INFO - [2022-12-19 01:38:21,066] {dag.py:2305} INFO - Setting next_dagrun for l01_context_object to 2022-12-18 00:00:00+00:00
[2022-12-19 01:38:21,088] {scheduler_job.py:190} INFO - Processing /opt/airflow/dags/l01_context_object.py took 0.216 seconds
[2022-12-19 01:38:51,646] {scheduler_job.py:182} INFO - Started process (PID=430) to work on /opt/airflow/dags/l01_context_object.py
[2022-12-19 01:38:51,650] {scheduler_job.py:633} INFO - Processing file /opt/airflow/dags/l01_context_object.py for tasks to queue
[2022-12-19 01:38:51,653] {logging_mixin.py:104} INFO - [2022-12-19 01:38:51,652] {dagbag.py:487} INFO - Filling up the DagBag from /opt/airflow/dags/l01_context_object.py
[2022-12-19 01:38:51,742] {scheduler_job.py:643} INFO - DAG(s) dict_keys(['l01_context_object']) retrieved from /opt/airflow/dags/l01_context_object.py
[2022-12-19 01:38:51,809] {logging_mixin.py:104} INFO - [2022-12-19 01:38:51,808] {dag.py:1832} INFO - Sync 1 DAGs
[2022-12-19 01:38:51,887] {logging_mixin.py:104} INFO - [2022-12-19 01:38:51,887] {dag.py:2305} INFO - Setting next_dagrun for l01_context_object to 2022-12-18 00:00:00+00:00
[2022-12-19 01:38:51,908] {scheduler_job.py:190} INFO - Processing /opt/airflow/dags/l01_context_object.py took 0.269 seconds
[2022-12-19 01:39:22,569] {scheduler_job.py:182} INFO - Started process (PID=442) to work on /opt/airflow/dags/l01_context_object.py
[2022-12-19 01:39:22,574] {scheduler_job.py:633} INFO - Processing file /opt/airflow/dags/l01_context_object.py for tasks to queue
[2022-12-19 01:39:22,577] {logging_mixin.py:104} INFO - [2022-12-19 01:39:22,577] {dagbag.py:487} INFO - Filling up the DagBag from /opt/airflow/dags/l01_context_object.py
[2022-12-19 01:39:22,632] {scheduler_job.py:643} INFO - DAG(s) dict_keys(['l01_context_object']) retrieved from /opt/airflow/dags/l01_context_object.py
[2022-12-19 01:39:22,691] {logging_mixin.py:104} INFO - [2022-12-19 01:39:22,691] {dag.py:1832} INFO - Sync 1 DAGs
[2022-12-19 01:39:22,761] {logging_mixin.py:104} INFO - [2022-12-19 01:39:22,760] {dag.py:2305} INFO - Setting next_dagrun for l01_context_object to 2022-12-18 00:00:00+00:00
[2022-12-19 01:39:22,781] {scheduler_job.py:190} INFO - Processing /opt/airflow/dags/l01_context_object.py took 0.220 seconds
[2022-12-19 01:39:53,337] {scheduler_job.py:182} INFO - Started process (PID=454) to work on /opt/airflow/dags/l01_context_object.py
[2022-12-19 01:39:53,341] {scheduler_job.py:633} INFO - Processing file /opt/airflow/dags/l01_context_object.py for tasks to queue
[2022-12-19 01:39:53,344] {logging_mixin.py:104} INFO - [2022-12-19 01:39:53,344] {dagbag.py:487} INFO - Filling up the DagBag from /opt/airflow/dags/l01_context_object.py
[2022-12-19 01:39:53,395] {scheduler_job.py:643} INFO - DAG(s) dict_keys(['l01_context_object']) retrieved from /opt/airflow/dags/l01_context_object.py
[2022-12-19 01:39:53,451] {logging_mixin.py:104} INFO - [2022-12-19 01:39:53,450] {dag.py:1832} INFO - Sync 1 DAGs
[2022-12-19 01:39:53,521] {logging_mixin.py:104} INFO - [2022-12-19 01:39:53,520] {dag.py:2305} INFO - Setting next_dagrun for l01_context_object to 2022-12-18 00:00:00+00:00
[2022-12-19 01:39:53,542] {scheduler_job.py:190} INFO - Processing /opt/airflow/dags/l01_context_object.py took 0.212 seconds
[2022-12-19 01:40:24,053] {scheduler_job.py:182} INFO - Started process (PID=466) to work on /opt/airflow/dags/l01_context_object.py
[2022-12-19 01:40:24,058] {scheduler_job.py:633} INFO - Processing file /opt/airflow/dags/l01_context_object.py for tasks to queue
[2022-12-19 01:40:24,062] {logging_mixin.py:104} INFO - [2022-12-19 01:40:24,061] {dagbag.py:487} INFO - Filling up the DagBag from /opt/airflow/dags/l01_context_object.py
[2022-12-19 01:40:24,121] {scheduler_job.py:643} INFO - DAG(s) dict_keys(['l01_context_object']) retrieved from /opt/airflow/dags/l01_context_object.py
[2022-12-19 01:40:24,176] {logging_mixin.py:104} INFO - [2022-12-19 01:40:24,176] {dag.py:1832} INFO - Sync 1 DAGs
[2022-12-19 01:40:24,247] {logging_mixin.py:104} INFO - [2022-12-19 01:40:24,247] {dag.py:2305} INFO - Setting next_dagrun for l01_context_object to 2022-12-18 00:00:00+00:00
[2022-12-19 01:40:24,270] {scheduler_job.py:190} INFO - Processing /opt/airflow/dags/l01_context_object.py took 0.225 seconds
[2022-12-19 01:40:54,757] {scheduler_job.py:182} INFO - Started process (PID=478) to work on /opt/airflow/dags/l01_context_object.py
[2022-12-19 01:40:54,764] {scheduler_job.py:633} INFO - Processing file /opt/airflow/dags/l01_context_object.py for tasks to queue
[2022-12-19 01:40:54,767] {logging_mixin.py:104} INFO - [2022-12-19 01:40:54,767] {dagbag.py:487} INFO - Filling up the DagBag from /opt/airflow/dags/l01_context_object.py
[2022-12-19 01:40:54,816] {scheduler_job.py:643} INFO - DAG(s) dict_keys(['l01_context_object']) retrieved from /opt/airflow/dags/l01_context_object.py
[2022-12-19 01:40:54,866] {logging_mixin.py:104} INFO - [2022-12-19 01:40:54,866] {dag.py:1832} INFO - Sync 1 DAGs
[2022-12-19 01:40:54,944] {logging_mixin.py:104} INFO - [2022-12-19 01:40:54,944] {dag.py:2305} INFO - Setting next_dagrun for l01_context_object to 2022-12-18 00:00:00+00:00
[2022-12-19 01:40:54,966] {scheduler_job.py:190} INFO - Processing /opt/airflow/dags/l01_context_object.py took 0.216 seconds
[2022-12-19 01:41:25,424] {scheduler_job.py:182} INFO - Started process (PID=490) to work on /opt/airflow/dags/l01_context_object.py
[2022-12-19 01:41:25,429] {scheduler_job.py:633} INFO - Processing file /opt/airflow/dags/l01_context_object.py for tasks to queue
[2022-12-19 01:41:25,432] {logging_mixin.py:104} INFO - [2022-12-19 01:41:25,431] {dagbag.py:487} INFO - Filling up the DagBag from /opt/airflow/dags/l01_context_object.py
[2022-12-19 01:41:25,475] {scheduler_job.py:643} INFO - DAG(s) dict_keys(['l01_context_object']) retrieved from /opt/airflow/dags/l01_context_object.py
[2022-12-19 01:41:25,521] {logging_mixin.py:104} INFO - [2022-12-19 01:41:25,521] {dag.py:1832} INFO - Sync 1 DAGs
[2022-12-19 01:41:25,587] {logging_mixin.py:104} INFO - [2022-12-19 01:41:25,586] {dag.py:2305} INFO - Setting next_dagrun for l01_context_object to 2022-12-18 00:00:00+00:00
[2022-12-19 01:41:25,604] {scheduler_job.py:190} INFO - Processing /opt/airflow/dags/l01_context_object.py took 0.186 seconds
[2022-12-19 01:41:56,105] {scheduler_job.py:182} INFO - Started process (PID=503) to work on /opt/airflow/dags/l01_context_object.py
[2022-12-19 01:41:56,110] {scheduler_job.py:633} INFO - Processing file /opt/airflow/dags/l01_context_object.py for tasks to queue
[2022-12-19 01:41:56,114] {logging_mixin.py:104} INFO - [2022-12-19 01:41:56,114] {dagbag.py:487} INFO - Filling up the DagBag from /opt/airflow/dags/l01_context_object.py
[2022-12-19 01:41:56,166] {scheduler_job.py:643} INFO - DAG(s) dict_keys(['l01_context_object']) retrieved from /opt/airflow/dags/l01_context_object.py
[2022-12-19 01:41:56,219] {logging_mixin.py:104} INFO - [2022-12-19 01:41:56,219] {dag.py:1832} INFO - Sync 1 DAGs
[2022-12-19 01:41:56,287] {logging_mixin.py:104} INFO - [2022-12-19 01:41:56,287] {dag.py:2305} INFO - Setting next_dagrun for l01_context_object to 2022-12-18 00:00:00+00:00
[2022-12-19 01:41:56,307] {scheduler_job.py:190} INFO - Processing /opt/airflow/dags/l01_context_object.py took 0.208 seconds
[2022-12-19 01:42:26,784] {scheduler_job.py:182} INFO - Started process (PID=514) to work on /opt/airflow/dags/l01_context_object.py
[2022-12-19 01:42:26,789] {scheduler_job.py:633} INFO - Processing file /opt/airflow/dags/l01_context_object.py for tasks to queue
[2022-12-19 01:42:26,792] {logging_mixin.py:104} INFO - [2022-12-19 01:42:26,792] {dagbag.py:487} INFO - Filling up the DagBag from /opt/airflow/dags/l01_context_object.py
[2022-12-19 01:42:26,844] {scheduler_job.py:643} INFO - DAG(s) dict_keys(['l01_context_object']) retrieved from /opt/airflow/dags/l01_context_object.py
[2022-12-19 01:42:26,901] {logging_mixin.py:104} INFO - [2022-12-19 01:42:26,901] {dag.py:1832} INFO - Sync 1 DAGs
[2022-12-19 01:42:26,969] {logging_mixin.py:104} INFO - [2022-12-19 01:42:26,969] {dag.py:2305} INFO - Setting next_dagrun for l01_context_object to 2022-12-18 00:00:00+00:00
[2022-12-19 01:42:26,990] {scheduler_job.py:190} INFO - Processing /opt/airflow/dags/l01_context_object.py took 0.213 seconds
[2022-12-19 01:42:57,442] {scheduler_job.py:182} INFO - Started process (PID=527) to work on /opt/airflow/dags/l01_context_object.py
[2022-12-19 01:42:57,448] {scheduler_job.py:633} INFO - Processing file /opt/airflow/dags/l01_context_object.py for tasks to queue
[2022-12-19 01:42:57,451] {logging_mixin.py:104} INFO - [2022-12-19 01:42:57,451] {dagbag.py:487} INFO - Filling up the DagBag from /opt/airflow/dags/l01_context_object.py
[2022-12-19 01:42:57,504] {scheduler_job.py:643} INFO - DAG(s) dict_keys(['l01_context_object']) retrieved from /opt/airflow/dags/l01_context_object.py
[2022-12-19 01:42:57,553] {logging_mixin.py:104} INFO - [2022-12-19 01:42:57,552] {dag.py:1832} INFO - Sync 1 DAGs
[2022-12-19 01:42:57,620] {logging_mixin.py:104} INFO - [2022-12-19 01:42:57,620] {dag.py:2305} INFO - Setting next_dagrun for l01_context_object to 2022-12-18 00:00:00+00:00
[2022-12-19 01:42:57,639] {scheduler_job.py:190} INFO - Processing /opt/airflow/dags/l01_context_object.py took 0.205 seconds
[2022-12-19 01:43:28,154] {scheduler_job.py:182} INFO - Started process (PID=538) to work on /opt/airflow/dags/l01_context_object.py
[2022-12-19 01:43:28,159] {scheduler_job.py:633} INFO - Processing file /opt/airflow/dags/l01_context_object.py for tasks to queue
[2022-12-19 01:43:28,161] {logging_mixin.py:104} INFO - [2022-12-19 01:43:28,161] {dagbag.py:487} INFO - Filling up the DagBag from /opt/airflow/dags/l01_context_object.py
[2022-12-19 01:43:28,214] {scheduler_job.py:643} INFO - DAG(s) dict_keys(['l01_context_object']) retrieved from /opt/airflow/dags/l01_context_object.py
[2022-12-19 01:43:28,274] {logging_mixin.py:104} INFO - [2022-12-19 01:43:28,274] {dag.py:1832} INFO - Sync 1 DAGs
[2022-12-19 01:43:28,343] {logging_mixin.py:104} INFO - [2022-12-19 01:43:28,343] {dag.py:2305} INFO - Setting next_dagrun for l01_context_object to 2022-12-18 00:00:00+00:00
[2022-12-19 01:43:28,364] {scheduler_job.py:190} INFO - Processing /opt/airflow/dags/l01_context_object.py took 0.217 seconds
