[2022-12-19 01:29:06,506] {scheduler_job.py:182} INFO - Started process (PID=200) to work on /opt/airflow/dags/l02_bash_operator.py
[2022-12-19 01:29:06,511] {scheduler_job.py:633} INFO - Processing file /opt/airflow/dags/l02_bash_operator.py for tasks to queue
[2022-12-19 01:29:06,518] {logging_mixin.py:104} INFO - [2022-12-19 01:29:06,517] {dagbag.py:487} INFO - Filling up the DagBag from /opt/airflow/dags/l02_bash_operator.py
[2022-12-19 01:29:06,632] {scheduler_job.py:643} INFO - DAG(s) dict_keys(['l02_bash_operator']) retrieved from /opt/airflow/dags/l02_bash_operator.py
[2022-12-19 01:29:06,690] {logging_mixin.py:104} INFO - [2022-12-19 01:29:06,690] {dag.py:1832} INFO - Sync 1 DAGs
[2022-12-19 01:29:06,756] {logging_mixin.py:104} INFO - [2022-12-19 01:29:06,755] {dag.py:2305} INFO - Setting next_dagrun for l02_bash_operator to 2021-01-01T00:00:00+00:00
[2022-12-19 01:29:06,780] {scheduler_job.py:190} INFO - Processing /opt/airflow/dags/l02_bash_operator.py took 0.281 seconds
[2022-12-19 01:29:37,072] {scheduler_job.py:182} INFO - Started process (PID=212) to work on /opt/airflow/dags/l02_bash_operator.py
[2022-12-19 01:29:37,078] {scheduler_job.py:633} INFO - Processing file /opt/airflow/dags/l02_bash_operator.py for tasks to queue
[2022-12-19 01:29:37,083] {logging_mixin.py:104} INFO - [2022-12-19 01:29:37,082] {dagbag.py:487} INFO - Filling up the DagBag from /opt/airflow/dags/l02_bash_operator.py
[2022-12-19 01:29:37,170] {scheduler_job.py:643} INFO - DAG(s) dict_keys(['l02_bash_operator']) retrieved from /opt/airflow/dags/l02_bash_operator.py
[2022-12-19 01:29:37,275] {logging_mixin.py:104} INFO - [2022-12-19 01:29:37,275] {dag.py:1832} INFO - Sync 1 DAGs
[2022-12-19 01:29:37,366] {logging_mixin.py:104} INFO - [2022-12-19 01:29:37,365] {dag.py:2305} INFO - Setting next_dagrun for l02_bash_operator to 2021-01-01T00:00:00+00:00
[2022-12-19 01:29:37,398] {scheduler_job.py:190} INFO - Processing /opt/airflow/dags/l02_bash_operator.py took 0.340 seconds
[2022-12-19 01:30:07,707] {scheduler_job.py:182} INFO - Started process (PID=224) to work on /opt/airflow/dags/l02_bash_operator.py
[2022-12-19 01:30:07,713] {scheduler_job.py:633} INFO - Processing file /opt/airflow/dags/l02_bash_operator.py for tasks to queue
[2022-12-19 01:30:07,716] {logging_mixin.py:104} INFO - [2022-12-19 01:30:07,716] {dagbag.py:487} INFO - Filling up the DagBag from /opt/airflow/dags/l02_bash_operator.py
[2022-12-19 01:30:07,770] {scheduler_job.py:643} INFO - DAG(s) dict_keys(['l02_bash_operator']) retrieved from /opt/airflow/dags/l02_bash_operator.py
[2022-12-19 01:30:07,816] {logging_mixin.py:104} INFO - [2022-12-19 01:30:07,816] {dag.py:1832} INFO - Sync 1 DAGs
[2022-12-19 01:30:07,868] {logging_mixin.py:104} INFO - [2022-12-19 01:30:07,868] {dag.py:2305} INFO - Setting next_dagrun for l02_bash_operator to 2021-01-01T00:00:00+00:00
[2022-12-19 01:30:07,886] {scheduler_job.py:190} INFO - Processing /opt/airflow/dags/l02_bash_operator.py took 0.191 seconds
[2022-12-19 01:30:38,325] {scheduler_job.py:182} INFO - Started process (PID=236) to work on /opt/airflow/dags/l02_bash_operator.py
[2022-12-19 01:30:38,330] {scheduler_job.py:633} INFO - Processing file /opt/airflow/dags/l02_bash_operator.py for tasks to queue
[2022-12-19 01:30:38,333] {logging_mixin.py:104} INFO - [2022-12-19 01:30:38,333] {dagbag.py:487} INFO - Filling up the DagBag from /opt/airflow/dags/l02_bash_operator.py
[2022-12-19 01:30:38,403] {scheduler_job.py:643} INFO - DAG(s) dict_keys(['l02_bash_operator']) retrieved from /opt/airflow/dags/l02_bash_operator.py
[2022-12-19 01:30:38,453] {logging_mixin.py:104} INFO - [2022-12-19 01:30:38,453] {dag.py:1832} INFO - Sync 1 DAGs
[2022-12-19 01:30:38,518] {logging_mixin.py:104} INFO - [2022-12-19 01:30:38,517] {dag.py:2305} INFO - Setting next_dagrun for l02_bash_operator to 2021-01-01T00:00:00+00:00
[2022-12-19 01:30:38,539] {scheduler_job.py:190} INFO - Processing /opt/airflow/dags/l02_bash_operator.py took 0.221 seconds
[2022-12-19 01:31:09,436] {scheduler_job.py:182} INFO - Started process (PID=248) to work on /opt/airflow/dags/l02_bash_operator.py
[2022-12-19 01:31:09,441] {scheduler_job.py:633} INFO - Processing file /opt/airflow/dags/l02_bash_operator.py for tasks to queue
[2022-12-19 01:31:09,446] {logging_mixin.py:104} INFO - [2022-12-19 01:31:09,445] {dagbag.py:487} INFO - Filling up the DagBag from /opt/airflow/dags/l02_bash_operator.py
[2022-12-19 01:31:09,530] {scheduler_job.py:643} INFO - DAG(s) dict_keys(['l02_bash_operator']) retrieved from /opt/airflow/dags/l02_bash_operator.py
[2022-12-19 01:31:09,583] {logging_mixin.py:104} INFO - [2022-12-19 01:31:09,583] {dag.py:1832} INFO - Sync 1 DAGs
[2022-12-19 01:31:09,639] {logging_mixin.py:104} INFO - [2022-12-19 01:31:09,639] {dag.py:2305} INFO - Setting next_dagrun for l02_bash_operator to 2021-01-01T00:00:00+00:00
[2022-12-19 01:31:09,659] {scheduler_job.py:190} INFO - Processing /opt/airflow/dags/l02_bash_operator.py took 0.235 seconds
[2022-12-19 01:31:40,084] {scheduler_job.py:182} INFO - Started process (PID=260) to work on /opt/airflow/dags/l02_bash_operator.py
[2022-12-19 01:31:40,088] {scheduler_job.py:633} INFO - Processing file /opt/airflow/dags/l02_bash_operator.py for tasks to queue
[2022-12-19 01:31:40,090] {logging_mixin.py:104} INFO - [2022-12-19 01:31:40,090] {dagbag.py:487} INFO - Filling up the DagBag from /opt/airflow/dags/l02_bash_operator.py
[2022-12-19 01:31:40,149] {scheduler_job.py:643} INFO - DAG(s) dict_keys(['l02_bash_operator']) retrieved from /opt/airflow/dags/l02_bash_operator.py
[2022-12-19 01:31:40,193] {logging_mixin.py:104} INFO - [2022-12-19 01:31:40,193] {dag.py:1832} INFO - Sync 1 DAGs
[2022-12-19 01:31:40,246] {logging_mixin.py:104} INFO - [2022-12-19 01:31:40,246] {dag.py:2305} INFO - Setting next_dagrun for l02_bash_operator to 2021-01-01T00:00:00+00:00
[2022-12-19 01:31:40,265] {scheduler_job.py:190} INFO - Processing /opt/airflow/dags/l02_bash_operator.py took 0.188 seconds
[2022-12-19 01:32:10,857] {scheduler_job.py:182} INFO - Started process (PID=272) to work on /opt/airflow/dags/l02_bash_operator.py
[2022-12-19 01:32:10,880] {scheduler_job.py:633} INFO - Processing file /opt/airflow/dags/l02_bash_operator.py for tasks to queue
[2022-12-19 01:32:10,886] {logging_mixin.py:104} INFO - [2022-12-19 01:32:10,884] {dagbag.py:487} INFO - Filling up the DagBag from /opt/airflow/dags/l02_bash_operator.py
[2022-12-19 01:32:11,257] {scheduler_job.py:643} INFO - DAG(s) dict_keys(['l02_bash_operator']) retrieved from /opt/airflow/dags/l02_bash_operator.py
[2022-12-19 01:32:11,326] {logging_mixin.py:104} INFO - [2022-12-19 01:32:11,325] {dag.py:1832} INFO - Sync 1 DAGs
[2022-12-19 01:32:11,402] {logging_mixin.py:104} INFO - [2022-12-19 01:32:11,401] {dag.py:2305} INFO - Setting next_dagrun for l02_bash_operator to 2021-01-01T00:00:00+00:00
[2022-12-19 01:32:11,432] {scheduler_job.py:190} INFO - Processing /opt/airflow/dags/l02_bash_operator.py took 0.589 seconds
[2022-12-19 01:32:42,117] {scheduler_job.py:182} INFO - Started process (PID=284) to work on /opt/airflow/dags/l02_bash_operator.py
[2022-12-19 01:32:42,122] {scheduler_job.py:633} INFO - Processing file /opt/airflow/dags/l02_bash_operator.py for tasks to queue
[2022-12-19 01:32:42,125] {logging_mixin.py:104} INFO - [2022-12-19 01:32:42,125] {dagbag.py:487} INFO - Filling up the DagBag from /opt/airflow/dags/l02_bash_operator.py
[2022-12-19 01:32:42,176] {scheduler_job.py:643} INFO - DAG(s) dict_keys(['l02_bash_operator']) retrieved from /opt/airflow/dags/l02_bash_operator.py
[2022-12-19 01:32:42,218] {logging_mixin.py:104} INFO - [2022-12-19 01:32:42,217] {dag.py:1832} INFO - Sync 1 DAGs
[2022-12-19 01:32:42,270] {logging_mixin.py:104} INFO - [2022-12-19 01:32:42,270] {dag.py:2305} INFO - Setting next_dagrun for l02_bash_operator to 2021-01-01T00:00:00+00:00
[2022-12-19 01:32:42,289] {scheduler_job.py:190} INFO - Processing /opt/airflow/dags/l02_bash_operator.py took 0.179 seconds
[2022-12-19 01:33:12,852] {scheduler_job.py:182} INFO - Started process (PID=296) to work on /opt/airflow/dags/l02_bash_operator.py
[2022-12-19 01:33:12,856] {scheduler_job.py:633} INFO - Processing file /opt/airflow/dags/l02_bash_operator.py for tasks to queue
[2022-12-19 01:33:12,861] {logging_mixin.py:104} INFO - [2022-12-19 01:33:12,860] {dagbag.py:487} INFO - Filling up the DagBag from /opt/airflow/dags/l02_bash_operator.py
[2022-12-19 01:33:12,917] {scheduler_job.py:643} INFO - DAG(s) dict_keys(['l02_bash_operator']) retrieved from /opt/airflow/dags/l02_bash_operator.py
[2022-12-19 01:33:12,968] {logging_mixin.py:104} INFO - [2022-12-19 01:33:12,968] {dag.py:1832} INFO - Sync 1 DAGs
[2022-12-19 01:33:13,025] {logging_mixin.py:104} INFO - [2022-12-19 01:33:13,024] {dag.py:2305} INFO - Setting next_dagrun for l02_bash_operator to 2021-01-01T00:00:00+00:00
[2022-12-19 01:33:13,044] {scheduler_job.py:190} INFO - Processing /opt/airflow/dags/l02_bash_operator.py took 0.199 seconds
[2022-12-19 01:33:43,702] {scheduler_job.py:182} INFO - Started process (PID=308) to work on /opt/airflow/dags/l02_bash_operator.py
[2022-12-19 01:33:43,706] {scheduler_job.py:633} INFO - Processing file /opt/airflow/dags/l02_bash_operator.py for tasks to queue
[2022-12-19 01:33:43,709] {logging_mixin.py:104} INFO - [2022-12-19 01:33:43,709] {dagbag.py:487} INFO - Filling up the DagBag from /opt/airflow/dags/l02_bash_operator.py
[2022-12-19 01:33:43,767] {scheduler_job.py:643} INFO - DAG(s) dict_keys(['l02_bash_operator']) retrieved from /opt/airflow/dags/l02_bash_operator.py
[2022-12-19 01:33:43,813] {logging_mixin.py:104} INFO - [2022-12-19 01:33:43,813] {dag.py:1832} INFO - Sync 1 DAGs
[2022-12-19 01:33:43,868] {logging_mixin.py:104} INFO - [2022-12-19 01:33:43,867] {dag.py:2305} INFO - Setting next_dagrun for l02_bash_operator to 2021-01-01T00:00:00+00:00
[2022-12-19 01:33:43,887] {scheduler_job.py:190} INFO - Processing /opt/airflow/dags/l02_bash_operator.py took 0.194 seconds
[2022-12-19 01:34:14,607] {scheduler_job.py:182} INFO - Started process (PID=320) to work on /opt/airflow/dags/l02_bash_operator.py
[2022-12-19 01:34:14,611] {scheduler_job.py:633} INFO - Processing file /opt/airflow/dags/l02_bash_operator.py for tasks to queue
[2022-12-19 01:34:14,614] {logging_mixin.py:104} INFO - [2022-12-19 01:34:14,613] {dagbag.py:487} INFO - Filling up the DagBag from /opt/airflow/dags/l02_bash_operator.py
[2022-12-19 01:34:14,667] {scheduler_job.py:643} INFO - DAG(s) dict_keys(['l02_bash_operator']) retrieved from /opt/airflow/dags/l02_bash_operator.py
[2022-12-19 01:34:14,708] {logging_mixin.py:104} INFO - [2022-12-19 01:34:14,708] {dag.py:1832} INFO - Sync 1 DAGs
[2022-12-19 01:34:14,760] {logging_mixin.py:104} INFO - [2022-12-19 01:34:14,759] {dag.py:2305} INFO - Setting next_dagrun for l02_bash_operator to 2021-01-01T00:00:00+00:00
[2022-12-19 01:34:14,777] {scheduler_job.py:190} INFO - Processing /opt/airflow/dags/l02_bash_operator.py took 0.177 seconds
[2022-12-19 01:34:45,387] {scheduler_job.py:182} INFO - Started process (PID=332) to work on /opt/airflow/dags/l02_bash_operator.py
[2022-12-19 01:34:45,391] {scheduler_job.py:633} INFO - Processing file /opt/airflow/dags/l02_bash_operator.py for tasks to queue
[2022-12-19 01:34:45,394] {logging_mixin.py:104} INFO - [2022-12-19 01:34:45,394] {dagbag.py:487} INFO - Filling up the DagBag from /opt/airflow/dags/l02_bash_operator.py
[2022-12-19 01:34:45,448] {scheduler_job.py:643} INFO - DAG(s) dict_keys(['l02_bash_operator']) retrieved from /opt/airflow/dags/l02_bash_operator.py
[2022-12-19 01:34:45,492] {logging_mixin.py:104} INFO - [2022-12-19 01:34:45,491] {dag.py:1832} INFO - Sync 1 DAGs
[2022-12-19 01:34:45,548] {logging_mixin.py:104} INFO - [2022-12-19 01:34:45,548] {dag.py:2305} INFO - Setting next_dagrun for l02_bash_operator to 2021-01-01T00:00:00+00:00
[2022-12-19 01:34:45,567] {scheduler_job.py:190} INFO - Processing /opt/airflow/dags/l02_bash_operator.py took 0.187 seconds
[2022-12-19 01:35:16,215] {scheduler_job.py:182} INFO - Started process (PID=344) to work on /opt/airflow/dags/l02_bash_operator.py
[2022-12-19 01:35:16,219] {scheduler_job.py:633} INFO - Processing file /opt/airflow/dags/l02_bash_operator.py for tasks to queue
[2022-12-19 01:35:16,221] {logging_mixin.py:104} INFO - [2022-12-19 01:35:16,221] {dagbag.py:487} INFO - Filling up the DagBag from /opt/airflow/dags/l02_bash_operator.py
[2022-12-19 01:35:16,271] {scheduler_job.py:643} INFO - DAG(s) dict_keys(['l02_bash_operator']) retrieved from /opt/airflow/dags/l02_bash_operator.py
[2022-12-19 01:35:16,311] {logging_mixin.py:104} INFO - [2022-12-19 01:35:16,311] {dag.py:1832} INFO - Sync 1 DAGs
[2022-12-19 01:35:16,363] {logging_mixin.py:104} INFO - [2022-12-19 01:35:16,363] {dag.py:2305} INFO - Setting next_dagrun for l02_bash_operator to 2021-01-01T00:00:00+00:00
[2022-12-19 01:35:16,382] {scheduler_job.py:190} INFO - Processing /opt/airflow/dags/l02_bash_operator.py took 0.173 seconds
[2022-12-19 01:35:46,932] {scheduler_job.py:182} INFO - Started process (PID=356) to work on /opt/airflow/dags/l02_bash_operator.py
[2022-12-19 01:35:46,936] {scheduler_job.py:633} INFO - Processing file /opt/airflow/dags/l02_bash_operator.py for tasks to queue
[2022-12-19 01:35:46,939] {logging_mixin.py:104} INFO - [2022-12-19 01:35:46,939] {dagbag.py:487} INFO - Filling up the DagBag from /opt/airflow/dags/l02_bash_operator.py
[2022-12-19 01:35:46,987] {scheduler_job.py:643} INFO - DAG(s) dict_keys(['l02_bash_operator']) retrieved from /opt/airflow/dags/l02_bash_operator.py
[2022-12-19 01:35:47,029] {logging_mixin.py:104} INFO - [2022-12-19 01:35:47,029] {dag.py:1832} INFO - Sync 1 DAGs
[2022-12-19 01:35:47,080] {logging_mixin.py:104} INFO - [2022-12-19 01:35:47,079] {dag.py:2305} INFO - Setting next_dagrun for l02_bash_operator to 2021-01-01T00:00:00+00:00
[2022-12-19 01:35:47,098] {scheduler_job.py:190} INFO - Processing /opt/airflow/dags/l02_bash_operator.py took 0.172 seconds
[2022-12-19 01:36:17,701] {scheduler_job.py:182} INFO - Started process (PID=368) to work on /opt/airflow/dags/l02_bash_operator.py
[2022-12-19 01:36:17,705] {scheduler_job.py:633} INFO - Processing file /opt/airflow/dags/l02_bash_operator.py for tasks to queue
[2022-12-19 01:36:17,707] {logging_mixin.py:104} INFO - [2022-12-19 01:36:17,707] {dagbag.py:487} INFO - Filling up the DagBag from /opt/airflow/dags/l02_bash_operator.py
[2022-12-19 01:36:17,755] {scheduler_job.py:643} INFO - DAG(s) dict_keys(['l02_bash_operator']) retrieved from /opt/airflow/dags/l02_bash_operator.py
[2022-12-19 01:36:17,797] {logging_mixin.py:104} INFO - [2022-12-19 01:36:17,796] {dag.py:1832} INFO - Sync 1 DAGs
[2022-12-19 01:36:17,852] {logging_mixin.py:104} INFO - [2022-12-19 01:36:17,851] {dag.py:2305} INFO - Setting next_dagrun for l02_bash_operator to 2021-01-01T00:00:00+00:00
[2022-12-19 01:36:17,870] {scheduler_job.py:190} INFO - Processing /opt/airflow/dags/l02_bash_operator.py took 0.175 seconds
[2022-12-19 01:36:48,501] {scheduler_job.py:182} INFO - Started process (PID=380) to work on /opt/airflow/dags/l02_bash_operator.py
[2022-12-19 01:36:48,505] {scheduler_job.py:633} INFO - Processing file /opt/airflow/dags/l02_bash_operator.py for tasks to queue
[2022-12-19 01:36:48,508] {logging_mixin.py:104} INFO - [2022-12-19 01:36:48,508] {dagbag.py:487} INFO - Filling up the DagBag from /opt/airflow/dags/l02_bash_operator.py
[2022-12-19 01:36:48,568] {scheduler_job.py:643} INFO - DAG(s) dict_keys(['l02_bash_operator']) retrieved from /opt/airflow/dags/l02_bash_operator.py
[2022-12-19 01:36:48,614] {logging_mixin.py:104} INFO - [2022-12-19 01:36:48,614] {dag.py:1832} INFO - Sync 1 DAGs
[2022-12-19 01:36:48,677] {logging_mixin.py:104} INFO - [2022-12-19 01:36:48,677] {dag.py:2305} INFO - Setting next_dagrun for l02_bash_operator to 2021-01-01T00:00:00+00:00
[2022-12-19 01:36:48,704] {scheduler_job.py:190} INFO - Processing /opt/airflow/dags/l02_bash_operator.py took 0.209 seconds
[2022-12-19 01:37:19,394] {scheduler_job.py:182} INFO - Started process (PID=392) to work on /opt/airflow/dags/l02_bash_operator.py
[2022-12-19 01:37:19,398] {scheduler_job.py:633} INFO - Processing file /opt/airflow/dags/l02_bash_operator.py for tasks to queue
[2022-12-19 01:37:19,401] {logging_mixin.py:104} INFO - [2022-12-19 01:37:19,401] {dagbag.py:487} INFO - Filling up the DagBag from /opt/airflow/dags/l02_bash_operator.py
[2022-12-19 01:37:19,468] {scheduler_job.py:643} INFO - DAG(s) dict_keys(['l02_bash_operator']) retrieved from /opt/airflow/dags/l02_bash_operator.py
[2022-12-19 01:37:19,513] {logging_mixin.py:104} INFO - [2022-12-19 01:37:19,512] {dag.py:1832} INFO - Sync 1 DAGs
[2022-12-19 01:37:19,568] {logging_mixin.py:104} INFO - [2022-12-19 01:37:19,568] {dag.py:2305} INFO - Setting next_dagrun for l02_bash_operator to 2021-01-01T00:00:00+00:00
[2022-12-19 01:37:19,587] {scheduler_job.py:190} INFO - Processing /opt/airflow/dags/l02_bash_operator.py took 0.202 seconds
[2022-12-19 01:37:50,132] {scheduler_job.py:182} INFO - Started process (PID=404) to work on /opt/airflow/dags/l02_bash_operator.py
[2022-12-19 01:37:50,137] {scheduler_job.py:633} INFO - Processing file /opt/airflow/dags/l02_bash_operator.py for tasks to queue
[2022-12-19 01:37:50,141] {logging_mixin.py:104} INFO - [2022-12-19 01:37:50,139] {dagbag.py:487} INFO - Filling up the DagBag from /opt/airflow/dags/l02_bash_operator.py
[2022-12-19 01:37:50,198] {scheduler_job.py:643} INFO - DAG(s) dict_keys(['l02_bash_operator']) retrieved from /opt/airflow/dags/l02_bash_operator.py
[2022-12-19 01:37:50,248] {logging_mixin.py:104} INFO - [2022-12-19 01:37:50,247] {dag.py:1832} INFO - Sync 1 DAGs
[2022-12-19 01:37:50,313] {logging_mixin.py:104} INFO - [2022-12-19 01:37:50,312] {dag.py:2305} INFO - Setting next_dagrun for l02_bash_operator to 2021-01-01T00:00:00+00:00
[2022-12-19 01:37:50,333] {scheduler_job.py:190} INFO - Processing /opt/airflow/dags/l02_bash_operator.py took 0.210 seconds
[2022-12-19 01:38:20,880] {scheduler_job.py:182} INFO - Started process (PID=416) to work on /opt/airflow/dags/l02_bash_operator.py
[2022-12-19 01:38:20,883] {scheduler_job.py:633} INFO - Processing file /opt/airflow/dags/l02_bash_operator.py for tasks to queue
[2022-12-19 01:38:20,886] {logging_mixin.py:104} INFO - [2022-12-19 01:38:20,886] {dagbag.py:487} INFO - Filling up the DagBag from /opt/airflow/dags/l02_bash_operator.py
[2022-12-19 01:38:20,942] {scheduler_job.py:643} INFO - DAG(s) dict_keys(['l02_bash_operator']) retrieved from /opt/airflow/dags/l02_bash_operator.py
[2022-12-19 01:38:20,993] {logging_mixin.py:104} INFO - [2022-12-19 01:38:20,992] {dag.py:1832} INFO - Sync 1 DAGs
[2022-12-19 01:38:21,052] {logging_mixin.py:104} INFO - [2022-12-19 01:38:21,052] {dag.py:2305} INFO - Setting next_dagrun for l02_bash_operator to 2021-01-01T00:00:00+00:00
[2022-12-19 01:38:21,071] {scheduler_job.py:190} INFO - Processing /opt/airflow/dags/l02_bash_operator.py took 0.198 seconds
[2022-12-19 01:38:51,646] {scheduler_job.py:182} INFO - Started process (PID=428) to work on /opt/airflow/dags/l02_bash_operator.py
[2022-12-19 01:38:51,650] {scheduler_job.py:633} INFO - Processing file /opt/airflow/dags/l02_bash_operator.py for tasks to queue
[2022-12-19 01:38:51,653] {logging_mixin.py:104} INFO - [2022-12-19 01:38:51,653] {dagbag.py:487} INFO - Filling up the DagBag from /opt/airflow/dags/l02_bash_operator.py
[2022-12-19 01:38:51,748] {scheduler_job.py:643} INFO - DAG(s) dict_keys(['l02_bash_operator']) retrieved from /opt/airflow/dags/l02_bash_operator.py
[2022-12-19 01:38:51,810] {logging_mixin.py:104} INFO - [2022-12-19 01:38:51,809] {dag.py:1832} INFO - Sync 1 DAGs
[2022-12-19 01:38:51,872] {logging_mixin.py:104} INFO - [2022-12-19 01:38:51,871] {dag.py:2305} INFO - Setting next_dagrun for l02_bash_operator to 2021-01-01T00:00:00+00:00
[2022-12-19 01:38:51,893] {scheduler_job.py:190} INFO - Processing /opt/airflow/dags/l02_bash_operator.py took 0.255 seconds
[2022-12-19 01:39:22,569] {scheduler_job.py:182} INFO - Started process (PID=440) to work on /opt/airflow/dags/l02_bash_operator.py
[2022-12-19 01:39:22,574] {scheduler_job.py:633} INFO - Processing file /opt/airflow/dags/l02_bash_operator.py for tasks to queue
[2022-12-19 01:39:22,577] {logging_mixin.py:104} INFO - [2022-12-19 01:39:22,577] {dagbag.py:487} INFO - Filling up the DagBag from /opt/airflow/dags/l02_bash_operator.py
[2022-12-19 01:39:22,637] {scheduler_job.py:643} INFO - DAG(s) dict_keys(['l02_bash_operator']) retrieved from /opt/airflow/dags/l02_bash_operator.py
[2022-12-19 01:39:22,691] {logging_mixin.py:104} INFO - [2022-12-19 01:39:22,691] {dag.py:1832} INFO - Sync 1 DAGs
[2022-12-19 01:39:22,747] {logging_mixin.py:104} INFO - [2022-12-19 01:39:22,747] {dag.py:2305} INFO - Setting next_dagrun for l02_bash_operator to 2021-01-01T00:00:00+00:00
[2022-12-19 01:39:22,767] {scheduler_job.py:190} INFO - Processing /opt/airflow/dags/l02_bash_operator.py took 0.206 seconds
[2022-12-19 01:39:53,337] {scheduler_job.py:182} INFO - Started process (PID=452) to work on /opt/airflow/dags/l02_bash_operator.py
[2022-12-19 01:39:53,342] {scheduler_job.py:633} INFO - Processing file /opt/airflow/dags/l02_bash_operator.py for tasks to queue
[2022-12-19 01:39:53,344] {logging_mixin.py:104} INFO - [2022-12-19 01:39:53,344] {dagbag.py:487} INFO - Filling up the DagBag from /opt/airflow/dags/l02_bash_operator.py
[2022-12-19 01:39:53,401] {scheduler_job.py:643} INFO - DAG(s) dict_keys(['l02_bash_operator']) retrieved from /opt/airflow/dags/l02_bash_operator.py
[2022-12-19 01:39:53,450] {logging_mixin.py:104} INFO - [2022-12-19 01:39:53,450] {dag.py:1832} INFO - Sync 1 DAGs
[2022-12-19 01:39:53,507] {logging_mixin.py:104} INFO - [2022-12-19 01:39:53,506] {dag.py:2305} INFO - Setting next_dagrun for l02_bash_operator to 2021-01-01T00:00:00+00:00
[2022-12-19 01:39:53,526] {scheduler_job.py:190} INFO - Processing /opt/airflow/dags/l02_bash_operator.py took 0.195 seconds
[2022-12-19 01:40:24,053] {scheduler_job.py:182} INFO - Started process (PID=464) to work on /opt/airflow/dags/l02_bash_operator.py
[2022-12-19 01:40:24,058] {scheduler_job.py:633} INFO - Processing file /opt/airflow/dags/l02_bash_operator.py for tasks to queue
[2022-12-19 01:40:24,063] {logging_mixin.py:104} INFO - [2022-12-19 01:40:24,063] {dagbag.py:487} INFO - Filling up the DagBag from /opt/airflow/dags/l02_bash_operator.py
[2022-12-19 01:40:24,127] {scheduler_job.py:643} INFO - DAG(s) dict_keys(['l02_bash_operator']) retrieved from /opt/airflow/dags/l02_bash_operator.py
[2022-12-19 01:40:24,176] {logging_mixin.py:104} INFO - [2022-12-19 01:40:24,176] {dag.py:1832} INFO - Sync 1 DAGs
[2022-12-19 01:40:24,233] {logging_mixin.py:104} INFO - [2022-12-19 01:40:24,233] {dag.py:2305} INFO - Setting next_dagrun for l02_bash_operator to 2021-01-01T00:00:00+00:00
[2022-12-19 01:40:24,253] {scheduler_job.py:190} INFO - Processing /opt/airflow/dags/l02_bash_operator.py took 0.208 seconds
[2022-12-19 01:40:54,757] {scheduler_job.py:182} INFO - Started process (PID=476) to work on /opt/airflow/dags/l02_bash_operator.py
[2022-12-19 01:40:54,764] {scheduler_job.py:633} INFO - Processing file /opt/airflow/dags/l02_bash_operator.py for tasks to queue
[2022-12-19 01:40:54,767] {logging_mixin.py:104} INFO - [2022-12-19 01:40:54,767] {dagbag.py:487} INFO - Filling up the DagBag from /opt/airflow/dags/l02_bash_operator.py
[2022-12-19 01:40:54,821] {scheduler_job.py:643} INFO - DAG(s) dict_keys(['l02_bash_operator']) retrieved from /opt/airflow/dags/l02_bash_operator.py
[2022-12-19 01:40:54,866] {logging_mixin.py:104} INFO - [2022-12-19 01:40:54,866] {dag.py:1832} INFO - Sync 1 DAGs
[2022-12-19 01:40:54,931] {logging_mixin.py:104} INFO - [2022-12-19 01:40:54,930] {dag.py:2305} INFO - Setting next_dagrun for l02_bash_operator to 2021-01-01T00:00:00+00:00
[2022-12-19 01:40:54,949] {scheduler_job.py:190} INFO - Processing /opt/airflow/dags/l02_bash_operator.py took 0.199 seconds
[2022-12-19 01:41:25,424] {scheduler_job.py:182} INFO - Started process (PID=488) to work on /opt/airflow/dags/l02_bash_operator.py
[2022-12-19 01:41:25,429] {scheduler_job.py:633} INFO - Processing file /opt/airflow/dags/l02_bash_operator.py for tasks to queue
[2022-12-19 01:41:25,432] {logging_mixin.py:104} INFO - [2022-12-19 01:41:25,431] {dagbag.py:487} INFO - Filling up the DagBag from /opt/airflow/dags/l02_bash_operator.py
[2022-12-19 01:41:25,483] {scheduler_job.py:643} INFO - DAG(s) dict_keys(['l02_bash_operator']) retrieved from /opt/airflow/dags/l02_bash_operator.py
[2022-12-19 01:41:25,526] {logging_mixin.py:104} INFO - [2022-12-19 01:41:25,526] {dag.py:1832} INFO - Sync 1 DAGs
[2022-12-19 01:41:25,579] {logging_mixin.py:104} INFO - [2022-12-19 01:41:25,578] {dag.py:2305} INFO - Setting next_dagrun for l02_bash_operator to 2021-01-01T00:00:00+00:00
[2022-12-19 01:41:25,598] {scheduler_job.py:190} INFO - Processing /opt/airflow/dags/l02_bash_operator.py took 0.180 seconds
[2022-12-19 01:41:56,105] {scheduler_job.py:182} INFO - Started process (PID=500) to work on /opt/airflow/dags/l02_bash_operator.py
[2022-12-19 01:41:56,109] {scheduler_job.py:633} INFO - Processing file /opt/airflow/dags/l02_bash_operator.py for tasks to queue
[2022-12-19 01:41:56,112] {logging_mixin.py:104} INFO - [2022-12-19 01:41:56,112] {dagbag.py:487} INFO - Filling up the DagBag from /opt/airflow/dags/l02_bash_operator.py
[2022-12-19 01:41:56,171] {scheduler_job.py:643} INFO - DAG(s) dict_keys(['l02_bash_operator']) retrieved from /opt/airflow/dags/l02_bash_operator.py
[2022-12-19 01:41:56,219] {logging_mixin.py:104} INFO - [2022-12-19 01:41:56,219] {dag.py:1832} INFO - Sync 1 DAGs
[2022-12-19 01:41:56,274] {logging_mixin.py:104} INFO - [2022-12-19 01:41:56,274] {dag.py:2305} INFO - Setting next_dagrun for l02_bash_operator to 2021-01-01T00:00:00+00:00
[2022-12-19 01:41:56,293] {scheduler_job.py:190} INFO - Processing /opt/airflow/dags/l02_bash_operator.py took 0.196 seconds
[2022-12-19 01:42:26,784] {scheduler_job.py:182} INFO - Started process (PID=512) to work on /opt/airflow/dags/l02_bash_operator.py
[2022-12-19 01:42:26,789] {scheduler_job.py:633} INFO - Processing file /opt/airflow/dags/l02_bash_operator.py for tasks to queue
[2022-12-19 01:42:26,792] {logging_mixin.py:104} INFO - [2022-12-19 01:42:26,792] {dagbag.py:487} INFO - Filling up the DagBag from /opt/airflow/dags/l02_bash_operator.py
[2022-12-19 01:42:26,850] {scheduler_job.py:643} INFO - DAG(s) dict_keys(['l02_bash_operator']) retrieved from /opt/airflow/dags/l02_bash_operator.py
[2022-12-19 01:42:26,901] {logging_mixin.py:104} INFO - [2022-12-19 01:42:26,901] {dag.py:1832} INFO - Sync 1 DAGs
[2022-12-19 01:42:26,956] {logging_mixin.py:104} INFO - [2022-12-19 01:42:26,956] {dag.py:2305} INFO - Setting next_dagrun for l02_bash_operator to 2021-01-01T00:00:00+00:00
[2022-12-19 01:42:26,975] {scheduler_job.py:190} INFO - Processing /opt/airflow/dags/l02_bash_operator.py took 0.199 seconds
[2022-12-19 01:42:57,442] {scheduler_job.py:182} INFO - Started process (PID=524) to work on /opt/airflow/dags/l02_bash_operator.py
[2022-12-19 01:42:57,448] {scheduler_job.py:633} INFO - Processing file /opt/airflow/dags/l02_bash_operator.py for tasks to queue
[2022-12-19 01:42:57,451] {logging_mixin.py:104} INFO - [2022-12-19 01:42:57,451] {dagbag.py:487} INFO - Filling up the DagBag from /opt/airflow/dags/l02_bash_operator.py
[2022-12-19 01:42:57,513] {scheduler_job.py:643} INFO - DAG(s) dict_keys(['l02_bash_operator']) retrieved from /opt/airflow/dags/l02_bash_operator.py
[2022-12-19 01:42:57,554] {logging_mixin.py:104} INFO - [2022-12-19 01:42:57,554] {dag.py:1832} INFO - Sync 1 DAGs
[2022-12-19 01:42:57,607] {logging_mixin.py:104} INFO - [2022-12-19 01:42:57,607] {dag.py:2305} INFO - Setting next_dagrun for l02_bash_operator to 2021-01-01T00:00:00+00:00
[2022-12-19 01:42:57,626] {scheduler_job.py:190} INFO - Processing /opt/airflow/dags/l02_bash_operator.py took 0.192 seconds
[2022-12-19 01:43:28,154] {scheduler_job.py:182} INFO - Started process (PID=536) to work on /opt/airflow/dags/l02_bash_operator.py
[2022-12-19 01:43:28,159] {scheduler_job.py:633} INFO - Processing file /opt/airflow/dags/l02_bash_operator.py for tasks to queue
[2022-12-19 01:43:28,161] {logging_mixin.py:104} INFO - [2022-12-19 01:43:28,161] {dagbag.py:487} INFO - Filling up the DagBag from /opt/airflow/dags/l02_bash_operator.py
[2022-12-19 01:43:28,220] {scheduler_job.py:643} INFO - DAG(s) dict_keys(['l02_bash_operator']) retrieved from /opt/airflow/dags/l02_bash_operator.py
[2022-12-19 01:43:28,274] {logging_mixin.py:104} INFO - [2022-12-19 01:43:28,274] {dag.py:1832} INFO - Sync 1 DAGs
[2022-12-19 01:43:28,329] {logging_mixin.py:104} INFO - [2022-12-19 01:43:28,329] {dag.py:2305} INFO - Setting next_dagrun for l02_bash_operator to 2021-01-01T00:00:00+00:00
[2022-12-19 01:43:28,348] {scheduler_job.py:190} INFO - Processing /opt/airflow/dags/l02_bash_operator.py took 0.202 seconds
