[2022-07-26 22:17:10,925] {scheduler_job.py:182} INFO - Started process (PID=265) to work on /opt/airflow/dags/l01_context_object.py
[2022-07-26 22:17:10,930] {scheduler_job.py:633} INFO - Processing file /opt/airflow/dags/l01_context_object.py for tasks to queue
[2022-07-26 22:17:10,933] {logging_mixin.py:104} INFO - [2022-07-26 22:17:10,933] {dagbag.py:487} INFO - Filling up the DagBag from /opt/airflow/dags/l01_context_object.py
[2022-07-26 22:17:10,970] {scheduler_job.py:643} INFO - DAG(s) dict_keys(['l01_context_object']) retrieved from /opt/airflow/dags/l01_context_object.py
[2022-07-26 22:17:11,747] {logging_mixin.py:104} INFO - [2022-07-26 22:17:11,747] {dag.py:1832} INFO - Sync 1 DAGs
[2022-07-26 22:17:11,802] {logging_mixin.py:104} INFO - [2022-07-26 22:17:11,802] {dag.py:2305} INFO - Setting next_dagrun for l01_context_object to 2022-07-25 00:00:00+00:00
[2022-07-26 22:17:11,833] {scheduler_job.py:190} INFO - Processing /opt/airflow/dags/l01_context_object.py took 0.914 seconds
[2022-07-26 22:17:42,361] {scheduler_job.py:182} INFO - Started process (PID=271) to work on /opt/airflow/dags/l01_context_object.py
[2022-07-26 22:17:42,366] {scheduler_job.py:633} INFO - Processing file /opt/airflow/dags/l01_context_object.py for tasks to queue
[2022-07-26 22:17:42,369] {logging_mixin.py:104} INFO - [2022-07-26 22:17:42,369] {dagbag.py:487} INFO - Filling up the DagBag from /opt/airflow/dags/l01_context_object.py
[2022-07-26 22:17:42,418] {scheduler_job.py:643} INFO - DAG(s) dict_keys(['l01_context_object']) retrieved from /opt/airflow/dags/l01_context_object.py
[2022-07-26 22:17:42,467] {logging_mixin.py:104} INFO - [2022-07-26 22:17:42,466] {dag.py:1832} INFO - Sync 1 DAGs
[2022-07-26 22:17:42,523] {logging_mixin.py:104} INFO - [2022-07-26 22:17:42,523] {dag.py:2305} INFO - Setting next_dagrun for l01_context_object to 2022-07-25 00:00:00+00:00
[2022-07-26 22:17:42,549] {scheduler_job.py:190} INFO - Processing /opt/airflow/dags/l01_context_object.py took 0.197 seconds
[2022-07-26 22:18:12,948] {scheduler_job.py:182} INFO - Started process (PID=277) to work on /opt/airflow/dags/l01_context_object.py
[2022-07-26 22:18:12,953] {scheduler_job.py:633} INFO - Processing file /opt/airflow/dags/l01_context_object.py for tasks to queue
[2022-07-26 22:18:12,956] {logging_mixin.py:104} INFO - [2022-07-26 22:18:12,956] {dagbag.py:487} INFO - Filling up the DagBag from /opt/airflow/dags/l01_context_object.py
[2022-07-26 22:18:12,982] {scheduler_job.py:643} INFO - DAG(s) dict_keys(['l01_context_object']) retrieved from /opt/airflow/dags/l01_context_object.py
[2022-07-26 22:18:13,023] {logging_mixin.py:104} INFO - [2022-07-26 22:18:13,023] {dag.py:1832} INFO - Sync 1 DAGs
[2022-07-26 22:18:13,078] {logging_mixin.py:104} INFO - [2022-07-26 22:18:13,078] {dag.py:2305} INFO - Setting next_dagrun for l01_context_object to 2022-07-25 00:00:00+00:00
[2022-07-26 22:18:13,095] {scheduler_job.py:190} INFO - Processing /opt/airflow/dags/l01_context_object.py took 0.156 seconds
[2022-07-26 22:18:43,503] {scheduler_job.py:182} INFO - Started process (PID=283) to work on /opt/airflow/dags/l01_context_object.py
[2022-07-26 22:18:43,507] {scheduler_job.py:633} INFO - Processing file /opt/airflow/dags/l01_context_object.py for tasks to queue
[2022-07-26 22:18:43,510] {logging_mixin.py:104} INFO - [2022-07-26 22:18:43,510] {dagbag.py:487} INFO - Filling up the DagBag from /opt/airflow/dags/l01_context_object.py
[2022-07-26 22:18:43,535] {scheduler_job.py:643} INFO - DAG(s) dict_keys(['l01_context_object']) retrieved from /opt/airflow/dags/l01_context_object.py
[2022-07-26 22:18:43,575] {logging_mixin.py:104} INFO - [2022-07-26 22:18:43,575] {dag.py:1832} INFO - Sync 1 DAGs
[2022-07-26 22:18:43,630] {logging_mixin.py:104} INFO - [2022-07-26 22:18:43,629] {dag.py:2305} INFO - Setting next_dagrun for l01_context_object to 2022-07-25 00:00:00+00:00
[2022-07-26 22:18:43,647] {scheduler_job.py:190} INFO - Processing /opt/airflow/dags/l01_context_object.py took 0.151 seconds
[2022-07-26 22:19:13,934] {scheduler_job.py:182} INFO - Started process (PID=289) to work on /opt/airflow/dags/l01_context_object.py
[2022-07-26 22:19:13,940] {scheduler_job.py:633} INFO - Processing file /opt/airflow/dags/l01_context_object.py for tasks to queue
[2022-07-26 22:19:13,943] {logging_mixin.py:104} INFO - [2022-07-26 22:19:13,942] {dagbag.py:487} INFO - Filling up the DagBag from /opt/airflow/dags/l01_context_object.py
[2022-07-26 22:19:13,968] {scheduler_job.py:643} INFO - DAG(s) dict_keys(['l01_context_object']) retrieved from /opt/airflow/dags/l01_context_object.py
[2022-07-26 22:19:14,010] {logging_mixin.py:104} INFO - [2022-07-26 22:19:14,010] {dag.py:1832} INFO - Sync 1 DAGs
[2022-07-26 22:19:14,065] {logging_mixin.py:104} INFO - [2022-07-26 22:19:14,064] {dag.py:2305} INFO - Setting next_dagrun for l01_context_object to 2022-07-25 00:00:00+00:00
[2022-07-26 22:19:14,081] {scheduler_job.py:190} INFO - Processing /opt/airflow/dags/l01_context_object.py took 0.157 seconds
[2022-07-26 22:19:44,490] {scheduler_job.py:182} INFO - Started process (PID=295) to work on /opt/airflow/dags/l01_context_object.py
[2022-07-26 22:19:44,495] {scheduler_job.py:633} INFO - Processing file /opt/airflow/dags/l01_context_object.py for tasks to queue
[2022-07-26 22:19:44,498] {logging_mixin.py:104} INFO - [2022-07-26 22:19:44,498] {dagbag.py:487} INFO - Filling up the DagBag from /opt/airflow/dags/l01_context_object.py
[2022-07-26 22:19:44,534] {scheduler_job.py:643} INFO - DAG(s) dict_keys(['l01_context_object']) retrieved from /opt/airflow/dags/l01_context_object.py
[2022-07-26 22:19:44,586] {logging_mixin.py:104} INFO - [2022-07-26 22:19:44,585] {dag.py:1832} INFO - Sync 1 DAGs
[2022-07-26 22:19:44,649] {logging_mixin.py:104} INFO - [2022-07-26 22:19:44,648] {dag.py:2305} INFO - Setting next_dagrun for l01_context_object to 2022-07-25 00:00:00+00:00
[2022-07-26 22:19:44,674] {scheduler_job.py:190} INFO - Processing /opt/airflow/dags/l01_context_object.py took 0.191 seconds
[2022-07-26 22:20:15,077] {scheduler_job.py:182} INFO - Started process (PID=305) to work on /opt/airflow/dags/l01_context_object.py
[2022-07-26 22:20:15,082] {scheduler_job.py:633} INFO - Processing file /opt/airflow/dags/l01_context_object.py for tasks to queue
[2022-07-26 22:20:15,085] {logging_mixin.py:104} INFO - [2022-07-26 22:20:15,085] {dagbag.py:487} INFO - Filling up the DagBag from /opt/airflow/dags/l01_context_object.py
[2022-07-26 22:20:15,113] {scheduler_job.py:643} INFO - DAG(s) dict_keys(['l01_context_object']) retrieved from /opt/airflow/dags/l01_context_object.py
[2022-07-26 22:20:15,159] {logging_mixin.py:104} INFO - [2022-07-26 22:20:15,159] {dag.py:1832} INFO - Sync 1 DAGs
[2022-07-26 22:20:15,204] {logging_mixin.py:104} INFO - [2022-07-26 22:20:15,204] {dag.py:2305} INFO - Setting next_dagrun for l01_context_object to 2022-07-26 00:00:00+00:00
[2022-07-26 22:20:15,221] {scheduler_job.py:190} INFO - Processing /opt/airflow/dags/l01_context_object.py took 0.155 seconds
[2022-07-26 22:20:45,623] {scheduler_job.py:182} INFO - Started process (PID=311) to work on /opt/airflow/dags/l01_context_object.py
[2022-07-26 22:20:45,628] {scheduler_job.py:633} INFO - Processing file /opt/airflow/dags/l01_context_object.py for tasks to queue
[2022-07-26 22:20:45,631] {logging_mixin.py:104} INFO - [2022-07-26 22:20:45,630] {dagbag.py:487} INFO - Filling up the DagBag from /opt/airflow/dags/l01_context_object.py
[2022-07-26 22:20:45,655] {scheduler_job.py:643} INFO - DAG(s) dict_keys(['l01_context_object']) retrieved from /opt/airflow/dags/l01_context_object.py
[2022-07-26 22:20:45,699] {logging_mixin.py:104} INFO - [2022-07-26 22:20:45,698] {dag.py:1832} INFO - Sync 1 DAGs
[2022-07-26 22:20:45,743] {logging_mixin.py:104} INFO - [2022-07-26 22:20:45,742] {dag.py:2305} INFO - Setting next_dagrun for l01_context_object to 2022-07-26 00:00:00+00:00
[2022-07-26 22:20:45,758] {scheduler_job.py:190} INFO - Processing /opt/airflow/dags/l01_context_object.py took 0.145 seconds
[2022-07-26 22:21:16,125] {scheduler_job.py:182} INFO - Started process (PID=317) to work on /opt/airflow/dags/l01_context_object.py
[2022-07-26 22:21:16,129] {scheduler_job.py:633} INFO - Processing file /opt/airflow/dags/l01_context_object.py for tasks to queue
[2022-07-26 22:21:16,131] {logging_mixin.py:104} INFO - [2022-07-26 22:21:16,131] {dagbag.py:487} INFO - Filling up the DagBag from /opt/airflow/dags/l01_context_object.py
[2022-07-26 22:21:16,157] {scheduler_job.py:643} INFO - DAG(s) dict_keys(['l01_context_object']) retrieved from /opt/airflow/dags/l01_context_object.py
[2022-07-26 22:21:16,197] {logging_mixin.py:104} INFO - [2022-07-26 22:21:16,197] {dag.py:1832} INFO - Sync 1 DAGs
[2022-07-26 22:21:16,241] {logging_mixin.py:104} INFO - [2022-07-26 22:21:16,240] {dag.py:2305} INFO - Setting next_dagrun for l01_context_object to 2022-07-26 00:00:00+00:00
[2022-07-26 22:21:16,257] {scheduler_job.py:190} INFO - Processing /opt/airflow/dags/l01_context_object.py took 0.139 seconds
[2022-07-26 22:21:46,665] {scheduler_job.py:182} INFO - Started process (PID=323) to work on /opt/airflow/dags/l01_context_object.py
[2022-07-26 22:21:46,670] {scheduler_job.py:633} INFO - Processing file /opt/airflow/dags/l01_context_object.py for tasks to queue
[2022-07-26 22:21:46,672] {logging_mixin.py:104} INFO - [2022-07-26 22:21:46,672] {dagbag.py:487} INFO - Filling up the DagBag from /opt/airflow/dags/l01_context_object.py
[2022-07-26 22:21:46,698] {scheduler_job.py:643} INFO - DAG(s) dict_keys(['l01_context_object']) retrieved from /opt/airflow/dags/l01_context_object.py
[2022-07-26 22:21:46,739] {logging_mixin.py:104} INFO - [2022-07-26 22:21:46,739] {dag.py:1832} INFO - Sync 1 DAGs
[2022-07-26 22:21:46,783] {logging_mixin.py:104} INFO - [2022-07-26 22:21:46,783] {dag.py:2305} INFO - Setting next_dagrun for l01_context_object to 2022-07-26 00:00:00+00:00
[2022-07-26 22:21:46,799] {scheduler_job.py:190} INFO - Processing /opt/airflow/dags/l01_context_object.py took 0.143 seconds
[2022-07-26 22:22:17,345] {scheduler_job.py:182} INFO - Started process (PID=329) to work on /opt/airflow/dags/l01_context_object.py
[2022-07-26 22:22:17,349] {scheduler_job.py:633} INFO - Processing file /opt/airflow/dags/l01_context_object.py for tasks to queue
[2022-07-26 22:22:17,352] {logging_mixin.py:104} INFO - [2022-07-26 22:22:17,352] {dagbag.py:487} INFO - Filling up the DagBag from /opt/airflow/dags/l01_context_object.py
[2022-07-26 22:22:17,377] {scheduler_job.py:643} INFO - DAG(s) dict_keys(['l01_context_object']) retrieved from /opt/airflow/dags/l01_context_object.py
[2022-07-26 22:22:17,417] {logging_mixin.py:104} INFO - [2022-07-26 22:22:17,417] {dag.py:1832} INFO - Sync 1 DAGs
[2022-07-26 22:22:17,461] {logging_mixin.py:104} INFO - [2022-07-26 22:22:17,460] {dag.py:2305} INFO - Setting next_dagrun for l01_context_object to 2022-07-26 00:00:00+00:00
[2022-07-26 22:22:17,476] {scheduler_job.py:190} INFO - Processing /opt/airflow/dags/l01_context_object.py took 0.140 seconds
[2022-07-26 22:22:47,865] {scheduler_job.py:182} INFO - Started process (PID=335) to work on /opt/airflow/dags/l01_context_object.py
[2022-07-26 22:22:47,875] {scheduler_job.py:633} INFO - Processing file /opt/airflow/dags/l01_context_object.py for tasks to queue
[2022-07-26 22:22:47,877] {logging_mixin.py:104} INFO - [2022-07-26 22:22:47,877] {dagbag.py:487} INFO - Filling up the DagBag from /opt/airflow/dags/l01_context_object.py
[2022-07-26 22:22:47,902] {scheduler_job.py:643} INFO - DAG(s) dict_keys(['l01_context_object']) retrieved from /opt/airflow/dags/l01_context_object.py
[2022-07-26 22:22:47,948] {logging_mixin.py:104} INFO - [2022-07-26 22:22:47,948] {dag.py:1832} INFO - Sync 1 DAGs
[2022-07-26 22:22:47,992] {logging_mixin.py:104} INFO - [2022-07-26 22:22:47,992] {dag.py:2305} INFO - Setting next_dagrun for l01_context_object to 2022-07-26 00:00:00+00:00
[2022-07-26 22:22:48,009] {scheduler_job.py:190} INFO - Processing /opt/airflow/dags/l01_context_object.py took 0.153 seconds
[2022-07-26 22:23:18,390] {scheduler_job.py:182} INFO - Started process (PID=341) to work on /opt/airflow/dags/l01_context_object.py
[2022-07-26 22:23:18,395] {scheduler_job.py:633} INFO - Processing file /opt/airflow/dags/l01_context_object.py for tasks to queue
[2022-07-26 22:23:18,400] {logging_mixin.py:104} INFO - [2022-07-26 22:23:18,399] {dagbag.py:487} INFO - Filling up the DagBag from /opt/airflow/dags/l01_context_object.py
[2022-07-26 22:23:18,427] {scheduler_job.py:643} INFO - DAG(s) dict_keys(['l01_context_object']) retrieved from /opt/airflow/dags/l01_context_object.py
[2022-07-26 22:23:18,475] {logging_mixin.py:104} INFO - [2022-07-26 22:23:18,474] {dag.py:1832} INFO - Sync 1 DAGs
[2022-07-26 22:23:18,519] {logging_mixin.py:104} INFO - [2022-07-26 22:23:18,519] {dag.py:2305} INFO - Setting next_dagrun for l01_context_object to 2022-07-26 00:00:00+00:00
[2022-07-26 22:23:18,535] {scheduler_job.py:190} INFO - Processing /opt/airflow/dags/l01_context_object.py took 0.155 seconds
