[2022-07-26 22:13:16,814] {scheduler_job.py:182} INFO - Started process (PID=199) to work on /opt/airflow/dags/my_dag.py
[2022-07-26 22:13:16,818] {scheduler_job.py:633} INFO - Processing file /opt/airflow/dags/my_dag.py for tasks to queue
[2022-07-26 22:13:16,822] {logging_mixin.py:104} INFO - [2022-07-26 22:13:16,822] {dagbag.py:487} INFO - Filling up the DagBag from /opt/airflow/dags/my_dag.py
[2022-07-26 22:13:16,941] {scheduler_job.py:643} INFO - DAG(s) dict_keys(['my_dag']) retrieved from /opt/airflow/dags/my_dag.py
[2022-07-26 22:13:38,984] {logging_mixin.py:104} INFO - [2022-07-26 22:13:38,978] {dag.py:1832} INFO - Sync 1 DAGs
[2022-07-26 22:13:39,030] {logging_mixin.py:104} INFO - [2022-07-26 22:13:39,025] {dag.py:1851} INFO - Creating ORM DAG for my_dag
[2022-07-26 22:13:39,082] {logging_mixin.py:104} INFO - [2022-07-26 22:13:39,081] {dag.py:2305} INFO - Setting next_dagrun for my_dag to 2022-07-25 00:00:00+00:00
[2022-07-26 22:13:39,112] {scheduler_job.py:190} INFO - Processing /opt/airflow/dags/my_dag.py took 22.308 seconds
[2022-07-26 22:14:09,280] {scheduler_job.py:182} INFO - Started process (PID=206) to work on /opt/airflow/dags/my_dag.py
[2022-07-26 22:14:09,287] {scheduler_job.py:633} INFO - Processing file /opt/airflow/dags/my_dag.py for tasks to queue
[2022-07-26 22:14:09,293] {logging_mixin.py:104} INFO - [2022-07-26 22:14:09,293] {dagbag.py:487} INFO - Filling up the DagBag from /opt/airflow/dags/my_dag.py
[2022-07-26 22:14:09,383] {scheduler_job.py:643} INFO - DAG(s) dict_keys(['my_dag']) retrieved from /opt/airflow/dags/my_dag.py
[2022-07-26 22:14:09,449] {logging_mixin.py:104} INFO - [2022-07-26 22:14:09,449] {dag.py:1832} INFO - Sync 1 DAGs
[2022-07-26 22:14:09,542] {logging_mixin.py:104} INFO - [2022-07-26 22:14:09,542] {dag.py:2305} INFO - Setting next_dagrun for my_dag to 2022-07-25 00:00:00+00:00
[2022-07-26 22:14:09,572] {scheduler_job.py:190} INFO - Processing /opt/airflow/dags/my_dag.py took 0.304 seconds
[2022-07-26 22:14:39,861] {scheduler_job.py:182} INFO - Started process (PID=212) to work on /opt/airflow/dags/my_dag.py
[2022-07-26 22:14:39,865] {scheduler_job.py:633} INFO - Processing file /opt/airflow/dags/my_dag.py for tasks to queue
[2022-07-26 22:14:39,868] {logging_mixin.py:104} INFO - [2022-07-26 22:14:39,868] {dagbag.py:487} INFO - Filling up the DagBag from /opt/airflow/dags/my_dag.py
[2022-07-26 22:14:39,916] {scheduler_job.py:643} INFO - DAG(s) dict_keys(['my_dag']) retrieved from /opt/airflow/dags/my_dag.py
[2022-07-26 22:14:39,965] {logging_mixin.py:104} INFO - [2022-07-26 22:14:39,964] {dag.py:1832} INFO - Sync 1 DAGs
[2022-07-26 22:14:40,042] {logging_mixin.py:104} INFO - [2022-07-26 22:14:40,042] {dag.py:2305} INFO - Setting next_dagrun for my_dag to 2022-07-25 00:00:00+00:00
[2022-07-26 22:14:40,062] {scheduler_job.py:190} INFO - Processing /opt/airflow/dags/my_dag.py took 0.210 seconds
[2022-07-26 22:15:10,321] {scheduler_job.py:182} INFO - Started process (PID=222) to work on /opt/airflow/dags/my_dag.py
[2022-07-26 22:15:10,326] {scheduler_job.py:633} INFO - Processing file /opt/airflow/dags/my_dag.py for tasks to queue
[2022-07-26 22:15:10,328] {logging_mixin.py:104} INFO - [2022-07-26 22:15:10,328] {dagbag.py:487} INFO - Filling up the DagBag from /opt/airflow/dags/my_dag.py
[2022-07-26 22:15:10,371] {scheduler_job.py:643} INFO - DAG(s) dict_keys(['my_dag']) retrieved from /opt/airflow/dags/my_dag.py
[2022-07-26 22:15:10,416] {logging_mixin.py:104} INFO - [2022-07-26 22:15:10,416] {dag.py:1832} INFO - Sync 1 DAGs
[2022-07-26 22:15:10,477] {logging_mixin.py:104} INFO - [2022-07-26 22:15:10,477] {dag.py:2305} INFO - Setting next_dagrun for my_dag to 2022-07-26 00:00:00+00:00
[2022-07-26 22:15:10,495] {scheduler_job.py:190} INFO - Processing /opt/airflow/dags/my_dag.py took 0.183 seconds
[2022-07-26 22:15:40,878] {scheduler_job.py:182} INFO - Started process (PID=228) to work on /opt/airflow/dags/my_dag.py
[2022-07-26 22:15:40,883] {scheduler_job.py:633} INFO - Processing file /opt/airflow/dags/my_dag.py for tasks to queue
[2022-07-26 22:15:40,886] {logging_mixin.py:104} INFO - [2022-07-26 22:15:40,885] {dagbag.py:487} INFO - Filling up the DagBag from /opt/airflow/dags/my_dag.py
[2022-07-26 22:15:40,927] {scheduler_job.py:643} INFO - DAG(s) dict_keys(['my_dag']) retrieved from /opt/airflow/dags/my_dag.py
[2022-07-26 22:15:40,969] {logging_mixin.py:104} INFO - [2022-07-26 22:15:40,968] {dag.py:1832} INFO - Sync 1 DAGs
[2022-07-26 22:15:41,028] {logging_mixin.py:104} INFO - [2022-07-26 22:15:41,027] {dag.py:2305} INFO - Setting next_dagrun for my_dag to 2022-07-26 00:00:00+00:00
[2022-07-26 22:15:41,045] {scheduler_job.py:190} INFO - Processing /opt/airflow/dags/my_dag.py took 0.177 seconds
[2022-07-26 22:16:11,442] {scheduler_job.py:182} INFO - Started process (PID=234) to work on /opt/airflow/dags/my_dag.py
[2022-07-26 22:16:11,449] {scheduler_job.py:633} INFO - Processing file /opt/airflow/dags/my_dag.py for tasks to queue
[2022-07-26 22:16:11,452] {logging_mixin.py:104} INFO - [2022-07-26 22:16:11,452] {dagbag.py:487} INFO - Filling up the DagBag from /opt/airflow/dags/my_dag.py
[2022-07-26 22:16:11,496] {scheduler_job.py:643} INFO - DAG(s) dict_keys(['my_dag']) retrieved from /opt/airflow/dags/my_dag.py
[2022-07-26 22:16:11,543] {logging_mixin.py:104} INFO - [2022-07-26 22:16:11,542] {dag.py:1832} INFO - Sync 1 DAGs
[2022-07-26 22:16:11,600] {logging_mixin.py:104} INFO - [2022-07-26 22:16:11,599] {dag.py:2305} INFO - Setting next_dagrun for my_dag to 2022-07-26 00:00:00+00:00
[2022-07-26 22:16:11,618] {scheduler_job.py:190} INFO - Processing /opt/airflow/dags/my_dag.py took 0.186 seconds
