[2022-07-26 22:19:59,644] {taskinstance.py:876} INFO - Dependencies all met for <TaskInstance: l01_context_object.my_task 2022-07-25T00:00:00+00:00 [queued]>
[2022-07-26 22:19:59,685] {taskinstance.py:876} INFO - Dependencies all met for <TaskInstance: l01_context_object.my_task 2022-07-25T00:00:00+00:00 [queued]>
[2022-07-26 22:19:59,686] {taskinstance.py:1067} INFO - 
--------------------------------------------------------------------------------
[2022-07-26 22:19:59,687] {taskinstance.py:1068} INFO - Starting attempt 1 of 1
[2022-07-26 22:19:59,694] {taskinstance.py:1069} INFO - 
--------------------------------------------------------------------------------
[2022-07-26 22:19:59,716] {taskinstance.py:1087} INFO - Executing <Task(PythonOperator): my_task> on 2022-07-25T00:00:00+00:00
[2022-07-26 22:19:59,739] {standard_task_runner.py:52} INFO - Started process 303 to run task
[2022-07-26 22:19:59,747] {standard_task_runner.py:76} INFO - Running: ['airflow', 'tasks', 'run', 'l01_context_object', 'my_task', '2022-07-25T00:00:00+00:00', '--job-id', '3', '--pool', 'default_pool', '--raw', '--subdir', 'DAGS_FOLDER/l01_context_object.py', '--cfg-path', '/tmp/tmpwfhdef3k', '--error-file', '/tmp/tmpt4l1c3gf']
[2022-07-26 22:19:59,753] {standard_task_runner.py:77} INFO - Job 3: Subtask my_task
[2022-07-26 22:19:59,841] {logging_mixin.py:104} INFO - Running <TaskInstance: l01_context_object.my_task 2022-07-25T00:00:00+00:00 [running]> on host cc689bbc9f39
[2022-07-26 22:19:59,950] {taskinstance.py:1282} INFO - Exporting the following env vars:
AIRFLOW_CTX_DAG_OWNER=airflow
AIRFLOW_CTX_DAG_ID=l01_context_object
AIRFLOW_CTX_TASK_ID=my_task
AIRFLOW_CTX_EXECUTION_DATE=2022-07-25T00:00:00+00:00
AIRFLOW_CTX_DAG_RUN_ID=scheduled__2022-07-25T00:00:00+00:00
[2022-07-26 22:19:59,955] {logging_mixin.py:104} INFO - {'conf': <airflow.configuration.AirflowConfigParser object at 0x4005e70f28>, 'dag': <DAG: l01_context_object>, 'dag_run': <DagRun l01_context_object @ 2022-07-25 00:00:00+00:00: scheduled__2022-07-25T00:00:00+00:00, externally triggered: False>, 'ds': '2022-07-25', 'ds_nodash': '20220725', 'execution_date': DateTime(2022, 7, 25, 0, 0, 0, tzinfo=Timezone('+00:00')), 'inlets': [], 'macros': <module 'airflow.macros' from '/home/airflow/.local/lib/python3.6/site-packages/airflow/macros/__init__.py'>, 'next_ds': '2022-07-26', 'next_ds_nodash': '20220726', 'next_execution_date': DateTime(2022, 7, 26, 0, 0, 0, tzinfo=Timezone('UTC')), 'outlets': [], 'params': {}, 'prev_ds': '2022-07-24', 'prev_ds_nodash': '20220724', 'prev_execution_date': DateTime(2022, 7, 24, 0, 0, 0, tzinfo=Timezone('UTC')), 'prev_execution_date_success': <Proxy at 0x4034f8aac8 with factory <function TaskInstance.get_template_context.<locals>.<lambda> at 0x4034ff1158>>, 'prev_start_date_success': <Proxy at 0x4034ffb188 with factory <function TaskInstance.get_template_context.<locals>.<lambda> at 0x4034f9d620>>, 'run_id': 'scheduled__2022-07-25T00:00:00+00:00', 'task': <Task(PythonOperator): my_task>, 'task_instance': <TaskInstance: l01_context_object.my_task 2022-07-25T00:00:00+00:00 [running]>, 'task_instance_key_str': 'l01_context_object__my_task__20220725', 'test_mode': False, 'ti': <TaskInstance: l01_context_object.my_task 2022-07-25T00:00:00+00:00 [running]>, 'tomorrow_ds': '2022-07-26', 'tomorrow_ds_nodash': '20220726', 'ts': '2022-07-25T00:00:00+00:00', 'ts_nodash': '20220725T000000', 'ts_nodash_with_tz': '20220725T000000+0000', 'var': {'json': None, 'value': None}, 'yesterday_ds': '2022-07-24', 'yesterday_ds_nodash': '20220724', 'templates_dict': None}
[2022-07-26 22:19:59,956] {python.py:151} INFO - Done. Returned value was: None
[2022-07-26 22:19:59,974] {taskinstance.py:1191} INFO - Marking task as SUCCESS. dag_id=l01_context_object, task_id=my_task, execution_date=20220725T000000, start_date=20220726T221959, end_date=20220726T221959
[2022-07-26 22:20:00,030] {taskinstance.py:1245} INFO - 0 downstream tasks scheduled from follow-on schedule check
[2022-07-26 22:20:00,040] {local_task_job.py:151} INFO - Task exited with return code 0
